This is pdfTeX, Version 3.1415926-2.4-1.40.13 (MiKTeX 2.9) (preloaded format=pdflatex 2013.10.22)  21 JAN 2014 17:49
entering extended mode
**appraisal_coping_high_level_emotions_aspects.tex

(F:\Projects\2\2\doc\articles\IJSE-2014-2\latex\appraisal_coping_high_level_emo
tions_aspects.tex
LaTeX2e <2011/06/27>
Babel <v3.8m> and hyphenation patterns for english, afrikaans, ancientgreek, ar
abic, armenian, assamese, basque, bengali, bokmal, bulgarian, catalan, coptic, 
croatian, czech, danish, dutch, esperanto, estonian, farsi, finnish, french, ga
lician, german, german-x-2012-05-30, greek, gujarati, hindi, hungarian, iceland
ic, indonesian, interlingua, irish, italian, kannada, kurmanji, latin, latvian,
 lithuanian, malayalam, marathi, mongolian, mongolianlmc, monogreek, ngerman, n
german-x-2012-05-30, nynorsk, oriya, panjabi, pinyin, polish, portuguese, roman
ian, russian, sanskrit, serbian, slovak, slovenian, spanish, swedish, swissgerm
an, tamil, telugu, turkish, turkmen, ukenglish, ukrainian, uppersorbian, usengl
ishmax, welsh, loaded.
(F:\Projects\2\2\doc\articles\IJSE-2014-2\latex\apa6e.cls
Document Class: apa6e 2011/03/03 v0.3 APA 6e manuscript formatting
(D:\bin\MiKTex\tex\latex\base\article.cls
Document Class: article 2007/10/19 v1.4h Standard LaTeX document class
(D:\bin\MiKTex\tex\latex\base\size12.clo
File: size12.clo 2007/10/19 v1.4h Standard LaTeX file (size option)
)
\c@part=\count79
\c@section=\count80
\c@subsection=\count81
\c@subsubsection=\count82
\c@paragraph=\count83
\c@subparagraph=\count84
\c@figure=\count85
\c@table=\count86
\abovecaptionskip=\skip41
\belowcaptionskip=\skip42
\bibindent=\dimen102
)
(D:\bin\MiKTex\tex\latex\psnfss\times.sty
Package: times 2005/04/12 PSNFSS-v9.2a (SPQR) 
)
(D:\bin\MiKTex\tex\latex\psnfss\mathptmx.sty
Package: mathptmx 2005/04/12 PSNFSS-v9.2a Times w/ Math, improved (SPQR, WaS) 
LaTeX Font Info:    Redeclaring symbol font `operators' on input line 28.
LaTeX Font Info:    Overwriting symbol font `operators' in version `normal'
(Font)                  OT1/cmr/m/n --> OT1/ztmcm/m/n on input line 28.
LaTeX Font Info:    Overwriting symbol font `operators' in version `bold'
(Font)                  OT1/cmr/bx/n --> OT1/ztmcm/m/n on input line 28.
LaTeX Font Info:    Redeclaring symbol font `letters' on input line 29.
LaTeX Font Info:    Overwriting symbol font `letters' in version `normal'
(Font)                  OML/cmm/m/it --> OML/ztmcm/m/it on input line 29.
LaTeX Font Info:    Overwriting symbol font `letters' in version `bold'
(Font)                  OML/cmm/b/it --> OML/ztmcm/m/it on input line 29.
LaTeX Font Info:    Redeclaring symbol font `symbols' on input line 30.
LaTeX Font Info:    Overwriting symbol font `symbols' in version `normal'
(Font)                  OMS/cmsy/m/n --> OMS/ztmcm/m/n on input line 30.
LaTeX Font Info:    Overwriting symbol font `symbols' in version `bold'
(Font)                  OMS/cmsy/b/n --> OMS/ztmcm/m/n on input line 30.
LaTeX Font Info:    Redeclaring symbol font `largesymbols' on input line 31.
LaTeX Font Info:    Overwriting symbol font `largesymbols' in version `normal'
(Font)                  OMX/cmex/m/n --> OMX/ztmcm/m/n on input line 31.
LaTeX Font Info:    Overwriting symbol font `largesymbols' in version `bold'
(Font)                  OMX/cmex/m/n --> OMX/ztmcm/m/n on input line 31.
\symbold=\mathgroup4
\symitalic=\mathgroup5
LaTeX Font Info:    Redeclaring math alphabet \mathbf on input line 34.
LaTeX Font Info:    Overwriting math alphabet `\mathbf' in version `normal'
(Font)                  OT1/cmr/bx/n --> OT1/ptm/bx/n on input line 34.
LaTeX Font Info:    Overwriting math alphabet `\mathbf' in version `bold'
(Font)                  OT1/cmr/bx/n --> OT1/ptm/bx/n on input line 34.
LaTeX Font Info:    Redeclaring math alphabet \mathit on input line 35.
LaTeX Font Info:    Overwriting math alphabet `\mathit' in version `normal'
(Font)                  OT1/cmr/m/it --> OT1/ptm/m/it on input line 35.
LaTeX Font Info:    Overwriting math alphabet `\mathit' in version `bold'
(Font)                  OT1/cmr/bx/it --> OT1/ptm/m/it on input line 35.
LaTeX Info: Redefining \hbar on input line 50.
)
(D:\bin\MiKTex\tex\latex\geometry\geometry.sty
Package: geometry 2010/09/12 v5.6 Page Geometry

(D:\bin\MiKTex\tex\latex\graphics\keyval.sty
Package: keyval 1999/03/16 v1.13 key=value parser (DPC)
\KV@toks@=\toks14
)
(D:\bin\MiKTex\tex\generic\oberdiek\ifpdf.sty
Package: ifpdf 2011/01/30 v2.3 Provides the ifpdf switch (HO)
Package ifpdf Info: pdfTeX in PDF mode is detected.
)
(D:\bin\MiKTex\tex\generic\oberdiek\ifvtex.sty
Package: ifvtex 2010/03/01 v1.5 Detect VTeX and its facilities (HO)
Package ifvtex Info: VTeX not detected.
)
(D:\bin\MiKTex\tex\generic\ifxetex\ifxetex.sty
Package: ifxetex 2010/09/12 v0.6 Provides ifxetex conditional
)
\Gm@cnth=\count87
\Gm@cntv=\count88
\c@Gm@tempcnt=\count89
\Gm@bindingoffset=\dimen103
\Gm@wd@mp=\dimen104
\Gm@odd@mp=\dimen105
\Gm@even@mp=\dimen106
\Gm@layoutwidth=\dimen107
\Gm@layoutheight=\dimen108
\Gm@layouthoffset=\dimen109
\Gm@layoutvoffset=\dimen110
\Gm@dimlist=\toks15

(D:\bin\MiKTex\tex\latex\geometry\geometry.cfg))
(D:\bin\MiKTex\tex\latex\ms\ragged2e.sty
Package: ragged2e 2009/05/21 v2.1 ragged2e Package (MS)

(D:\bin\MiKTex\tex\latex\ms\everysel.sty
Package: everysel 2011/10/28 v1.2 EverySelectfont Package (MS)
)
(D:\bin\MiKTex\tex\latex\footmisc\footmisc.sty
Package: footmisc 2011/06/06 v5.5b a miscellany of footnote facilities
\FN@temptoken=\toks16
\footnotemargin=\dimen111
\c@pp@next@reset=\count90
Package footmisc Info: Declaring symbol style bringhurst on input line 855.
Package footmisc Info: Declaring symbol style chicago on input line 863.
Package footmisc Info: Declaring symbol style wiley on input line 872.
Package footmisc Info: Declaring symbol style lamport-robust on input line 883.

Package footmisc Info: Declaring symbol style lamport* on input line 903.
Package footmisc Info: Declaring symbol style lamport*-robust on input line 924
.
)
\CenteringLeftskip=\skip43
\RaggedLeftLeftskip=\skip44
\RaggedRightLeftskip=\skip45
\CenteringRightskip=\skip46
\RaggedLeftRightskip=\skip47
\RaggedRightRightskip=\skip48
\CenteringParfillskip=\skip49
\RaggedLeftParfillskip=\skip50
\RaggedRightParfillskip=\skip51
\JustifyingParfillskip=\skip52
\CenteringParindent=\skip53
\RaggedLeftParindent=\skip54
\RaggedRightParindent=\skip55
\JustifyingParindent=\skip56
)
(D:\bin\MiKTex\tex\latex\fancyhdr\fancyhdr.sty
\fancy@headwidth=\skip57
\f@ncyO@elh=\skip58
\f@ncyO@erh=\skip59
\f@ncyO@olh=\skip60
\f@ncyO@orh=\skip61
\f@ncyO@elf=\skip62
\f@ncyO@erf=\skip63
\f@ncyO@olf=\skip64
\f@ncyO@orf=\skip65
)
(D:\bin\MiKTex\tex\latex\float\float.sty
Package: float 2001/11/08 v1.3d Float enhancements (AL)
\c@float@type=\count91
\float@exts=\toks17
\float@box=\box26
\@float@everytoks=\toks18
\@floatcapt=\box27
)
\@float@every@table=\toks19
\@float@every@figure=\toks20

(D:\bin\MiKTex\tex\latex\caption\caption.sty
Package: caption 2013/05/02 v3.3-89 Customizing captions (AR)

(D:\bin\MiKTex\tex\latex\caption\caption3.sty
Package: caption3 2013/05/02 v1.6-88 caption3 kernel (AR)
Package caption3 Info: TeX engine: e-TeX on input line 57.
\captionmargin=\dimen112
\captionmargin@=\dimen113
\captionwidth=\dimen114
\caption@tempdima=\dimen115
\caption@indent=\dimen116
\caption@parindent=\dimen117
\caption@hangindent=\dimen118
)
\c@ContinuedFloat=\count92
Package caption Info: float package is loaded.
)
(D:\bin\MiKTex\tex\latex\base\ifthen.sty
Package: ifthen 2001/05/26 v1.1c Standard LaTeX ifthen package (DPC)
)
(D:\bin\MiKTex\tex\latex\endfloat\endfloat.sty
Package: endfloat 2011/12/25 v2.5d LaTeX2e package puts figures and tables at e
nd (jdm)
\c@posttable=\count93
\efloat@postttt=\write3
\@ef@tttopen=\count94
\c@postfigure=\count95
\efloat@postfff=\write4
\@ef@fffopen=\count96
))
(F:\Projects\2\2\doc\articles\IJSE-2014-2\latex\apacite.sty
Package: apacite 2013/07/21 v6.03 APA citation
\c@BibCnt=\count97
\bibleftmargin=\skip66
\bibindent=\skip67
\bibparsep=\skip68
\bibitemsep=\skip69
\biblabelsep=\skip70
)
(D:\bin\MiKTex\tex\latex\graphics\graphicx.sty
Package: graphicx 1999/02/16 v1.0f Enhanced LaTeX Graphics (DPC,SPQR)

(D:\bin\MiKTex\tex\latex\graphics\graphics.sty
Package: graphics 2009/02/05 v1.0o Standard LaTeX Graphics (DPC,SPQR)

(D:\bin\MiKTex\tex\latex\graphics\trig.sty
Package: trig 1999/03/16 v1.09 sin cos tan (DPC)
)
(D:\bin\MiKTex\tex\latex\00miktex\graphics.cfg
File: graphics.cfg 2007/01/18 v1.5 graphics configuration of teTeX/TeXLive
)
Package graphics Info: Driver file: pdftex.def on input line 91.

(D:\bin\MiKTex\tex\latex\pdftex-def\pdftex.def
File: pdftex.def 2011/05/27 v0.06d Graphics/color for pdfTeX

(D:\bin\MiKTex\tex\generic\oberdiek\infwarerr.sty
Package: infwarerr 2010/04/08 v1.3 Providing info/warning/error messages (HO)
)
(D:\bin\MiKTex\tex\generic\oberdiek\ltxcmds.sty
Package: ltxcmds 2011/11/09 v1.22 LaTeX kernel commands for general use (HO)
)
\Gread@gobject=\count98
))
\Gin@req@height=\dimen119
\Gin@req@width=\dimen120
)
(F:\Projects\2\2\doc\articles\IJSE-2014-2\latex\appraisal_coping_high_level_emo
tions_aspects.aux)
LaTeX Font Info:    Checking defaults for OML/cmm/m/it on input line 13.
LaTeX Font Info:    ... okay on input line 13.
LaTeX Font Info:    Checking defaults for T1/cmr/m/n on input line 13.
LaTeX Font Info:    ... okay on input line 13.
LaTeX Font Info:    Checking defaults for OT1/cmr/m/n on input line 13.
LaTeX Font Info:    ... okay on input line 13.
LaTeX Font Info:    Checking defaults for OMS/cmsy/m/n on input line 13.
LaTeX Font Info:    ... okay on input line 13.
LaTeX Font Info:    Checking defaults for OMX/cmex/m/n on input line 13.
LaTeX Font Info:    ... okay on input line 13.
LaTeX Font Info:    Checking defaults for U/cmr/m/n on input line 13.
LaTeX Font Info:    ... okay on input line 13.
LaTeX Font Info:    Try loading font information for OT1+ptm on input line 13.
 (D:\bin\MiKTex\tex\latex\psnfss\ot1ptm.fd
File: ot1ptm.fd 2001/06/04 font definitions for OT1/ptm.
)
\big@size=\dimen121

*geometry* driver: auto-detecting
*geometry* detected driver: pdftex
*geometry* verbose mode - [ preamble ] result:
* driver: pdftex
* paper: <default>
* layout: <same size as paper>
* layoutoffset:(h,v)=(0.0pt,0.0pt)
* modes: 
* h-part:(L,W,R)=(72.26999pt, 469.75502pt, 72.26999pt)
* v-part:(T,H,B)=(72.26999pt, 650.43001pt, 72.26999pt)
* \paperwidth=614.295pt
* \paperheight=794.96999pt
* \textwidth=469.75502pt
* \textheight=650.43001pt
* \oddsidemargin=0.0pt
* \evensidemargin=0.0pt
* \topmargin=-40.0pt
* \headheight=15.2pt
* \headsep=25.0pt
* \topskip=12.0pt
* \footskip=30.0pt
* \marginparwidth=44.0pt
* \marginparsep=10.0pt
* \columnsep=10.0pt
* \skip\footins=10.8pt plus 4.0pt minus 2.0pt
* \hoffset=0.0pt
* \voffset=0.0pt
* \mag=1000
* \@twocolumnfalse
* \@twosidefalse
* \@mparswitchfalse
* \@reversemarginfalse
* (1in=72.27pt=25.4mm, 1cm=28.453pt)

Package ragged2e Info: ABD: executing \RaggedRight on input line 13.
ABD: EverySelectfont initializing macros
LaTeX Info: Redefining \selectfont on input line 13.
Package caption Info: Begin \AtBeginDocument code.
Package caption Info: End \AtBeginDocument code.
\c@maskedRefs=\count99

(D:\bin\MiKTex\tex\latex\apacite\english.apc
File: english.apc 2013/07/21 v6.03 apacite language file
LaTeX Info: Redefining \BPBI on input line 129.
LaTeX Info: Redefining \BHBI on input line 130.
)
(D:\bin\MiKTex\tex\context\base\supp-pdf.mkii
[Loading MPS to PDF converter (version 2006.09.02).]
\scratchcounter=\count100
\scratchdimen=\dimen122
\scratchbox=\box28
\nofMPsegments=\count101
\nofMParguments=\count102
\everyMPshowfont=\toks21
\MPscratchCnt=\count103
\MPscratchDim=\dimen123
\MPnumerator=\count104
\makeMPintoPDFobject=\count105
\everyMPtoPDFconversion=\toks22
)
Underfull \hbox (badness 1629) in paragraph at lines 14--14
 []\OT1/ptm/m/n/12 Appraisal, cop-ing and high level emo-tions as-pects of emo-
tional think-ing. 
 []


Underfull \hbox (badness 10000) in paragraph at lines 14--14
 []\OT1/ptm/m/n/12 Max  Ta-lanov and Alexan-der  Toschev 
 []


Underfull \hbox (badness 1552) in paragraph at lines 14--14
 []\OT1/ptm/m/n/12 Higher In-sti-tute of In-for-ma-tion Tech-nolo-gies and In-f
or-ma-tion Sys-tems of 
 []


Underfull \hbox (badness 10000) in paragraph at lines 14--14
 []\OT1/ptm/m/n/12 Kazan Fed-eral Uni-ver-sity 
 []


Underfull \hbox (badness 10000) in paragraph at lines 14--14
 []\OT1/ptm/m/n/12 Author Note 
 []

[1{C:/Users/talanovm/AppData/Local/MiKTeX/2.9/pdftex/config/pdftex.map}

]
Underfull \hbox (badness 10000) in paragraph at lines 14--14
 []\OT1/ptm/m/n/12 Abstract 
 []


Overfull \hbox (1.35219pt too wide) in paragraph at lines 14--14
[]\OT1/ptm/m/n/12 Keywords: AI, Cog-ni-tive ar-chi-tec-ture, Cog-ni-tive and Af
-fec-tive Mod-el-ing, Ma-chine Think- 
 []

[2]
Underfull \hbox (badness 1629) in paragraph at lines 14--14
 []\OT1/ptm/m/n/12 Appraisal, cop-ing and high level emo-tions as-pects of emo-
tional think-ing. 
 []


(F:\Projects\2\2\doc\articles\IJSE-2014-2\latex\appraisal_coping_high_level_emo
tions_aspects_body.tex
LaTeX Font Info:    Font shape `OT1/ptm/bx/n' in size <12> not available
(Font)              Font shape `OT1/ptm/b/n' tried instead on input line 1.

Underfull \hbox (badness 10000) in paragraph at lines 1--1
 []\OT1/ptm/b/n/12 Introduction 
 []


Overfull \hbox (1.04845pt too wide) in paragraph at lines 3--4
[]\OT1/ptm/m/n/12 Breazeal, 2002; Cam-bria & Hus-sain, 2012; Cam-bria, Liv-ing-
stone, & Hus-sain, 2012; Kort, Reilly, 
 []


Overfull \hbox (11.56093pt too wide) in paragraph at lines 3--4
\OT1/ptm/m/n/12 Gratch & Marsella, 2005; Larue, Poirier, & Nkam-bou, 2012) and 
evo-lu-tional psy-chol-ogy: []Plutchik, 
 []

[3]
Underfull \hbox (badness 10000) in paragraph at lines 37--37
 []\OT1/ptm/b/n/12 Orchestra of emo-tions 
 []

[4]
Underfull \hbox (badness 10000) in paragraph at lines 49--49
 []\OT1/ptm/b/n/12 Appraisal as-pect 
 []

[5] [6] [7]
Overfull \hbox (7.82837pt too wide) in paragraph at lines 111--112
[]\OT1/ptm/m/n/12 Causal At-tri-bu-tion check: in-ten-tional(int)/other/natural
(nat)/negligence(neg)/chance(ch)  
 []

[8]
Overfull \hbox (204.10066pt too wide) in paragraph at lines 141--142
[]\OT1/ptm/m/n/12 Except for causal at-tri-bu-tion check that has fol-low-ing p
os-si-ble val-ues: in-ten-tional(int)/other/natural(nat)/negligence(neg)/chance
(ch), 
 []

[9] [10]
Underfull \hbox (badness 10000) in paragraph at lines 178--178
 []\OT1/ptm/b/n/12 Coping 
 []

Missing character: There is no â in font ptmr7t!
Missing character: There is no € in font ptmr7t!
Missing character: There is no ™ in font ptmr7t!
[11] [12]
Underfull \hbox (badness 3209) in paragraph at lines 212--212
 []\OT1/ptm/b/n/12 High level emo-tion in-flu-ence over af-fects and neu-ro-mod
-u-la-tors 
 []


Overfull \hbox (36.50842pt too wide) in paragraph at lines 227--228
\OT1/ptm/m/n/12 tions. Lovheim re-cently pre-sented neu-ro-mod-u-la-tors based 
ap-proach called "Cube of emotions"[]Lovheim, 
 []

[13] [14]
Underfull \hbox (badness 10000) in paragraph at lines 250--250
 []\OT1/ptm/b/n/12 Conclusion 
 []


Overfull \hbox (3.55635pt too wide) in paragraph at lines 271--272
\OT1/ptm/m/n/12 se-quen-tial ap-praisal ap-proach []Scherer, 2001). We adopted 
Scherer's se-quen-tial checks to Plutchik 
 []

[15] [16] [17]
Underfull \hbox (badness 10000) in paragraph at lines 322--322
 []\OT1/ptm/b/n/12 Appendix 
 []

[18] [19] [20] [21] [22] [23] [24] [25])
(F:\Projects\2\2\doc\articles\IJSE-2014-2\latex\appraisal_coping_high_level_emo
tions_aspects.bbl [26]
Underfull \hbox (badness 10000) in paragraph at lines 1--1
 []\OT1/ptm/m/n/12 References 
 []

Missing character: There is no â in font ptmr7t!
Missing character: There is no € in font ptmr7t!
Missing character: There is no ™ in font ptmr7t!
Missing character: There is no Ã in font ptmr7t!
Missing character: There is no ¤ in font ptmr7t!
[27] [28]) AED endfloat: Processing end Figures and Tables [29]
(F:\Projects\2\2\doc\articles\IJSE-2014-2\latex\appraisal_coping_high_level_emo
tions_aspects.aux) ) 
Here is how much of TeX's memory you used:
 3890 strings out of 493921
 58889 string characters out of 3152886
 122425 words of memory out of 3000000
 7156 multiletter control sequences out of 15000+200000
 8833 words of font info for 21 fonts, out of 3000000 for 9000
 841 hyphenation exceptions out of 8191
 43i,11n,45p,1474b,419s stack positions out of 5000i,500n,10000p,200000b,50000s
{D:/bin/MiKTex/fonts/enc/dvips/fontname/8r.enc}<D:/bin/MiKT
ex/fonts/type1/urw/times/utmb8a.pfb><D:/bin/MiKTex/fonts/type1/urw/times/utmr8a
.pfb><D:/bin/MiKTex/fonts/type1/urw/times/utmri8a.pfb>
Output written on appraisal_coping_high_level_emotions_aspects.pdf (29 pages, 9
0377 bytes).
PDF statistics:
 108 PDF objects out of 1000 (max. 8388607)
 0 named destinations out of 1000 (max. 500000)
 1 words of extra memory for PDF output out of 10000 (max. 10000000)

