#
# A fatal error has been detected by the Java Runtime Environment:
#
#  SIGSEGV (0xb) at pc=0xb4769b2f, pid=5508, tid=3078216512
#
# JRE version: 6.0_27-b27
# Java VM: OpenJDK Server VM (20.0-b12 mixed mode linux-x86 )
# Derivative: IcedTea6 1.12.3
# Distribution: Ubuntu 12.04 LTS, package 6b27-1.12.3-0ubuntu1~12.04.1
# Problematic frame:
# J  scala.reflect.generic.UnPickler$Scan.readSymbol()Lscala/reflect/generic/Symbols$AbsSymbol;
#
# If you would like to submit a bug report, please include
# instructions how to reproduce the bug and visit:
#   https://bugs.launchpad.net/ubuntu/+source/openjdk-6/
#

---------------  T H R E A D  ---------------

Current thread (0xb7605800):  JavaThread "main" [_thread_in_Java, id=5511, stack(0xb774d000,0xb779e000)]

siginfo:si_signo=SIGSEGV: si_errno=0, si_code=128 (), si_addr=0x00000000

Registers:
EAX=0x8ccdc3d8, EBX=0xa9ad9258, ECX=0xa9ad9258, EDX=0x0054d6c9
ESP=0xb7799ef0, EBP=0xa9ad9258, ESI=0xb4769adc, EDI=0xa9ad89d8
EIP=0xb4769b2f, EFLAGS=0x00210287, CR2=0xb77c1000

Top of Stack: (sp=0xb7799ef0)
0xb7799ef0:   00022010 00000000 a9ad89d8 b7605800
0xb7799f00:   a9ad8a18 a9ad9258 000000a0 a9ad89d8
0xb7799f10:   95167d78 ab73f0b8 abaa2aa8 a9ad8340
0xb7799f20:   0000001d 00000000 00022010 00000000
0xb7799f30:   947e9688 00000004 000000a4 00000001
0xb7799f40:   b4695710 00000000 000001e6 9487fe20
0xb7799f50:   ab706460 00000006 0000001b b4695698
0xb7799f60:   00000000 0000006c a9ad89d8 a9ad8b98 

Instructions: (pc=0xb4769b2f)
0xb4769b0f:   00 00 8b 4d 20 3b d9 0f 84 29 03 00 00 8b 6c 24
0xb4769b1f:   14 89 7c 24 08 8b 4c 24 14 66 90 b8 d8 c3 cd 8c
0xb4769b2f:   ec 6c e9 ef ff 85 c0 74 28 8b 4c 24 14 66 90 b8
0xb4769b3f:   00 b2 dc 8c e8 38 f1 ef ff 81 e0 00 01 00 00 83 

Register to memory mapping:

EAX=0x8ccdc3d8 is an oop
{method} 
 - klass: {other class}
EBX=0xa9ad9258 is an oop
scala.tools.nsc.symtab.Symbols$TypeSymbol 
 - klass: 'scala/tools/nsc/symtab/Symbols$TypeSymbol'
ECX=0xa9ad9258 is an oop
scala.tools.nsc.symtab.Symbols$TypeSymbol 
 - klass: 'scala/tools/nsc/symtab/Symbols$TypeSymbol'
EDX=0x0054d6c9 is an unknown value
ESP=0xb7799ef0 is pointing into the stack for thread: 0xb7605800
EBP=0xa9ad9258 is an oop
scala.tools.nsc.symtab.Symbols$TypeSymbol 
 - klass: 'scala/tools/nsc/symtab/Symbols$TypeSymbol'
ESI=0xb4768388 [CodeBlob (0xb4768388)]
Framesize: 28
EDI=0xa9ad89d8 is an oop
scala.tools.nsc.symtab.classfile.UnPickler$CompileScan 
 - klass: 'scala/tools/nsc/symtab/classfile/UnPickler$CompileScan'


Stack: [0xb774d000,0xb779e000],  sp=0xb7799ef0,  free space=307k
Native frames: (J=compiled Java code, j=interpreted, Vv=VM code, C=native code)
J  scala.reflect.generic.UnPickler$Scan.readSymbol()Lscala/reflect/generic/Symbols$AbsSymbol;


---------------  P R O C E S S  ---------------

Java Threads: ( => current thread )
  0xb76b7000 JavaThread "Low Memory Detector" daemon [_thread_blocked, id=5520, stack(0x8b928000,0x8b979000)]
  0xb76b5400 JavaThread "C2 CompilerThread1" daemon [_thread_blocked, id=5519, stack(0x8b979000,0x8b9fa000)]
  0xb76b3400 JavaThread "C2 CompilerThread0" daemon [_thread_blocked, id=5518, stack(0x8b9fa000,0x8ba7b000)]
  0xb76b2000 JavaThread "Signal Dispatcher" daemon [_thread_blocked, id=5517, stack(0x8ba7b000,0x8bacc000)]
  0xb76a2800 JavaThread "Finalizer" daemon [_thread_blocked, id=5516, stack(0x8bccc000,0x8bd1d000)]
  0xb76a1000 JavaThread "Reference Handler" daemon [_thread_blocked, id=5515, stack(0x8bd1d000,0x8bd6e000)]
=>0xb7605800 JavaThread "main" [_thread_in_Java, id=5511, stack(0xb774d000,0xb779e000)]

Other Threads:
  0xb769e000 VMThread [stack: 0x8c002000,0x8c083000] [id=5514]
  0xb76b8c00 WatcherThread [stack: 0x8b8a7000,0x8b928000] [id=5521]

VM state:not at safepoint (normal execution)

VM Mutex/Monitor currently owned by a thread: None

Heap
 PSYoungGen      total 37504K, used 6404K [0xa9aa0000, 0xace10000, 0xb4540000)
  eden space 29056K, 1% used [0xa9aa0000,0xa9b2c6b8,0xab700000)
  from space 8448K, 69% used [0xab700000,0xabcb4d00,0xabf40000)
  to   space 8768K, 0% used [0xac580000,0xac580000,0xace10000)
 PSOldGen        total 35072K, used 15591K [0x94540000, 0x96780000, 0xa9aa0000)
  object space 35072K, 44% used [0x94540000,0x95479c78,0x96780000)
 PSPermGen       total 35200K, used 20608K [0x8c540000, 0x8e7a0000, 0x94540000)
  object space 35200K, 58% used [0x8c540000,0x8d9602d0,0x8e7a0000)

Code Cache  [0xb4600000, 0xb4840000, 0xb7600000)
 total_blobs=661 nmethods=528 adapters=85 free_code_cache=48496512 largest_free_block=11776

Dynamic libraries:
00110000-001e8000 r-xp 00000000 08:01 12060289   /usr/lib/i386-linux-gnu/libstdc++.so.6.0.16
001e8000-001e9000 ---p 000d8000 08:01 12060289   /usr/lib/i386-linux-gnu/libstdc++.so.6.0.16
001e9000-001ed000 r--p 000d8000 08:01 12060289   /usr/lib/i386-linux-gnu/libstdc++.so.6.0.16
001ed000-001ee000 rw-p 000dc000 08:01 12060289   /usr/lib/i386-linux-gnu/libstdc++.so.6.0.16
001ee000-001f5000 rw-p 00000000 00:00 0 
001f5000-00211000 r-xp 00000000 08:01 12716146   /lib/i386-linux-gnu/libgcc_s.so.1
00211000-00212000 r--p 0001b000 08:01 12716146   /lib/i386-linux-gnu/libgcc_s.so.1
00212000-00213000 rw-p 0001c000 08:01 12716146   /lib/i386-linux-gnu/libgcc_s.so.1
00213000-0021a000 r-xp 00000000 08:01 11954015   /usr/lib/jvm/java-6-openjdk-i386/jre/lib/i386/libzip.so
0021a000-0021b000 r--p 00006000 08:01 11954015   /usr/lib/jvm/java-6-openjdk-i386/jre/lib/i386/libzip.so
0021b000-0021c000 rw-p 00007000 08:01 11954015   /usr/lib/jvm/java-6-openjdk-i386/jre/lib/i386/libzip.so
00231000-00238000 r-xp 00000000 08:01 12732928   /lib/i386-linux-gnu/librt-2.15.so
00238000-00239000 r--p 00006000 08:01 12732928   /lib/i386-linux-gnu/librt-2.15.so
00239000-0023a000 rw-p 00007000 08:01 12732928   /lib/i386-linux-gnu/librt-2.15.so
0023a000-0024f000 r-xp 00000000 08:01 11954037   /usr/lib/jvm/java-6-openjdk-i386/jre/lib/i386/libnet.so
0024f000-00250000 r--p 00014000 08:01 11954037   /usr/lib/jvm/java-6-openjdk-i386/jre/lib/i386/libnet.so
00250000-00251000 rw-p 00015000 08:01 11954037   /usr/lib/jvm/java-6-openjdk-i386/jre/lib/i386/libnet.so
00357000-0036d000 r-xp 00000000 08:01 12732941   /lib/i386-linux-gnu/libnsl-2.15.so
0036d000-0036e000 r--p 00015000 08:01 12732941   /lib/i386-linux-gnu/libnsl-2.15.so
0036e000-0036f000 rw-p 00016000 08:01 12732941   /lib/i386-linux-gnu/libnsl-2.15.so
0036f000-00371000 rw-p 00000000 00:00 0 
003b9000-003df000 r-xp 00000000 08:01 11953825   /usr/lib/jvm/java-6-openjdk-i386/jre/lib/i386/libjava.so
003df000-003e0000 r--p 00025000 08:01 11953825   /usr/lib/jvm/java-6-openjdk-i386/jre/lib/i386/libjava.so
003e0000-003e2000 rw-p 00026000 08:01 11953825   /usr/lib/jvm/java-6-openjdk-i386/jre/lib/i386/libjava.so
00464000-00478000 r-xp 00000000 08:01 12716150   /lib/i386-linux-gnu/libz.so.1.2.3.4
00478000-00479000 r--p 00013000 08:01 12716150   /lib/i386-linux-gnu/libz.so.1.2.3.4
00479000-0047a000 rw-p 00014000 08:01 12716150   /lib/i386-linux-gnu/libz.so.1.2.3.4
0047b000-00483000 r-xp 00000000 08:01 11954021   /usr/lib/jvm/java-6-openjdk-i386/jre/lib/i386/libnio.so
00483000-00484000 r--p 00007000 08:01 11954021   /usr/lib/jvm/java-6-openjdk-i386/jre/lib/i386/libnio.so
00484000-00485000 rw-p 00008000 08:01 11954021   /usr/lib/jvm/java-6-openjdk-i386/jre/lib/i386/libnio.so
004ce000-004f8000 r-xp 00000000 08:01 12732932   /lib/i386-linux-gnu/libm-2.15.so
004f8000-004f9000 r--p 00029000 08:01 12732932   /lib/i386-linux-gnu/libm-2.15.so
004f9000-004fa000 rw-p 0002a000 08:01 12732932   /lib/i386-linux-gnu/libm-2.15.so
005b2000-005b3000 r-xp 00000000 00:00 0          [vdso]
005be000-00761000 r-xp 00000000 08:01 12732921   /lib/i386-linux-gnu/libc-2.15.so
00761000-00762000 ---p 001a3000 08:01 12732921   /lib/i386-linux-gnu/libc-2.15.so
00762000-00764000 r--p 001a3000 08:01 12732921   /lib/i386-linux-gnu/libc-2.15.so
00764000-00765000 rw-p 001a5000 08:01 12732921   /lib/i386-linux-gnu/libc-2.15.so
00765000-00768000 rw-p 00000000 00:00 0 
008d9000-008dd000 r-xp 00000000 08:01 12201847   /usr/lib/jvm/java-6-openjdk-i386/jre/lib/i386/jli/libjli.so
008dd000-008de000 r--p 00003000 08:01 12201847   /usr/lib/jvm/java-6-openjdk-i386/jre/lib/i386/jli/libjli.so
008de000-008df000 rw-p 00004000 08:01 12201847   /usr/lib/jvm/java-6-openjdk-i386/jre/lib/i386/jli/libjli.so
0094c000-00957000 r-xp 00000000 08:01 11954059   /usr/lib/jvm/java-6-openjdk-i386/jre/lib/i386/libverify.so
00957000-00958000 ---p 0000b000 08:01 11954059   /usr/lib/jvm/java-6-openjdk-i386/jre/lib/i386/libverify.so
00958000-00959000 r--p 0000b000 08:01 11954059   /usr/lib/jvm/java-6-openjdk-i386/jre/lib/i386/libverify.so
00959000-0095a000 rw-p 0000c000 08:01 11954059   /usr/lib/jvm/java-6-openjdk-i386/jre/lib/i386/libverify.so
00970000-00973000 r-xp 00000000 08:01 12732936   /lib/i386-linux-gnu/libdl-2.15.so
00973000-00974000 r--p 00002000 08:01 12732936   /lib/i386-linux-gnu/libdl-2.15.so
00974000-00975000 rw-p 00003000 08:01 12732936   /lib/i386-linux-gnu/libdl-2.15.so
00a24000-00a2e000 r-xp 00000000 08:01 12732929   /lib/i386-linux-gnu/libnss_nis-2.15.so
00a2e000-00a2f000 r--p 00009000 08:01 12732929   /lib/i386-linux-gnu/libnss_nis-2.15.so
00a2f000-00a30000 rw-p 0000a000 08:01 12732929   /lib/i386-linux-gnu/libnss_nis-2.15.so
00b25000-00b30000 r-xp 00000000 08:01 12732925   /lib/i386-linux-gnu/libnss_files-2.15.so
00b30000-00b31000 r--p 0000a000 08:01 12732925   /lib/i386-linux-gnu/libnss_files-2.15.so
00b31000-00b32000 rw-p 0000b000 08:01 12732925   /lib/i386-linux-gnu/libnss_files-2.15.so
00b52000-00b59000 r-xp 00000000 08:01 12732923   /lib/i386-linux-gnu/libnss_compat-2.15.so
00b59000-00b5a000 r--p 00006000 08:01 12732923   /lib/i386-linux-gnu/libnss_compat-2.15.so
00b5a000-00b5b000 rw-p 00007000 08:01 12732923   /lib/i386-linux-gnu/libnss_compat-2.15.so
00b6e000-00b85000 r-xp 00000000 08:01 12732930   /lib/i386-linux-gnu/libpthread-2.15.so
00b85000-00b86000 r--p 00016000 08:01 12732930   /lib/i386-linux-gnu/libpthread-2.15.so
00b86000-00b87000 rw-p 00017000 08:01 12732930   /lib/i386-linux-gnu/libpthread-2.15.so
00b87000-00b89000 rw-p 00000000 00:00 0 
00d05000-00d25000 r-xp 00000000 08:01 12732933   /lib/i386-linux-gnu/ld-2.15.so
00d25000-00d26000 r--p 0001f000 08:01 12732933   /lib/i386-linux-gnu/ld-2.15.so
00d26000-00d27000 rw-p 00020000 08:01 12732933   /lib/i386-linux-gnu/ld-2.15.so
00d27000-01546000 r-xp 00000000 08:01 12191177   /usr/lib/jvm/java-6-openjdk-i386/jre/lib/i386/server/libjvm.so
01546000-01547000 ---p 0081f000 08:01 12191177   /usr/lib/jvm/java-6-openjdk-i386/jre/lib/i386/server/libjvm.so
01547000-0158c000 r--p 0081f000 08:01 12191177   /usr/lib/jvm/java-6-openjdk-i386/jre/lib/i386/server/libjvm.so
0158c000-0159b000 rw-p 00864000 08:01 12191177   /usr/lib/jvm/java-6-openjdk-i386/jre/lib/i386/server/libjvm.so
0159b000-019b5000 rw-p 00000000 00:00 0 
08048000-08051000 r-xp 00000000 08:01 12208104   /usr/lib/jvm/java-6-openjdk-i386/jre/bin/java
08051000-08052000 r--p 00008000 08:01 12208104   /usr/lib/jvm/java-6-openjdk-i386/jre/bin/java
08052000-08053000 rw-p 00009000 08:01 12208104   /usr/lib/jvm/java-6-openjdk-i386/jre/bin/java
097cb000-0a3df000 rw-p 00000000 00:00 0          [heap]
89f00000-89ffd000 rw-p 00000000 00:00 0 
89ffd000-8a000000 ---p 00000000 00:00 0 
8a000000-8a0fa000 rw-p 00000000 00:00 0 
8a0fa000-8a100000 ---p 00000000 00:00 0 
8a100000-8a2f0000 rw-p 00000000 00:00 0 
8a2f0000-8a300000 ---p 00000000 00:00 0 
8a300000-8a400000 rw-p 00000000 00:00 0 
8a500000-8a5fb000 rw-p 00000000 00:00 0 
8a5fb000-8a600000 ---p 00000000 00:00 0 
8a600000-8a6e3000 rw-p 00000000 00:00 0 
8a6e3000-8a700000 ---p 00000000 00:00 0 
8a700000-8a8ff000 rw-p 00000000 00:00 0 
8a8ff000-8a900000 ---p 00000000 00:00 0 
8a900000-8ab00000 rw-p 00000000 00:00 0 
8ab00000-8abd9000 rw-p 00000000 00:00 0 
8abd9000-8ac00000 ---p 00000000 00:00 0 
8ac00000-8acfc000 rw-p 00000000 00:00 0 
8acfc000-8ad00000 ---p 00000000 00:00 0 
8ad00000-8adfe000 rw-p 00000000 00:00 0 
8adfe000-8ae00000 ---p 00000000 00:00 0 
8ae00000-8aee1000 rw-p 00000000 00:00 0 
8aee1000-8af00000 ---p 00000000 00:00 0 
8af00000-8affb000 rw-p 00000000 00:00 0 
8affb000-8b000000 ---p 00000000 00:00 0 
8b000000-8b0b0000 rw-p 00000000 00:00 0 
8b0b0000-8b100000 ---p 00000000 00:00 0 
8b100000-8b200000 rw-p 00000000 00:00 0 
8b200000-8b2f9000 rw-p 00000000 00:00 0 
8b2f9000-8b300000 ---p 00000000 00:00 0 
8b300000-8b3fa000 rw-p 00000000 00:00 0 
8b3fa000-8b400000 ---p 00000000 00:00 0 
8b400000-8b4d3000 rw-p 00000000 00:00 0 
8b4d3000-8b500000 ---p 00000000 00:00 0 
8b5c6000-8b5cf000 r--s 0006d000 08:01 6035767    /home/max/.m2/repository/log4j/log4j/1.2.16/log4j-1.2.16.jar
8b5cf000-8b5d1000 r--s 00005000 08:01 7221968    /home/max/.m2/repository/org/slf4j/slf4j-api/1.6.4/slf4j-api-1.6.4.jar
8b600000-8b6ff000 rw-p 00000000 00:00 0 
8b6ff000-8b700000 ---p 00000000 00:00 0 
8b751000-8b752000 r--s 00002000 08:01 7085359    /home/max/.m2/repository/org/slf4j/slf4j-log4j12/1.6.4/slf4j-log4j12-1.6.4.jar
8b752000-8b758000 r--s 00055000 08:01 7872162    /home/max/Projects/2/2/model.knowledge/target/model.knowledge-1.0.jar
8b758000-8b75d000 r--s 00092000 08:01 6427535    /home/max/.m2/repository/org/opencog/relex/1.4.0/relex-1.4.0.jar
8b75d000-8b75e000 r--s 0000e000 08:01 6559037    /home/max/.m2/repository/gnu/getopt/java-getopt/1.0.13/java-getopt-1.0.13.jar
8b75e000-8b760000 r--s 0000d000 08:01 6557275    /home/max/.m2/repository/commons-logging/commons-logging/1.1.1/commons-logging-1.1.1.jar
8b760000-8b768000 r--s 00051000 08:01 6825355    /home/max/.m2/repository/gnu/trove/trove/1.0.2/trove-1.0.2.jar
8b768000-8b76d000 r--s 0002c000 08:01 6555138    /home/max/.m2/repository/net/sf/jwordnet/jwnl/1.4_rc3/jwnl-1.4_rc3.jar
8b76d000-8b770000 r--s 00018000 08:01 11276765   /home/max/.m2/repository/org/apache/opennlp/opennlp-maxent/3.0.2-incubating/opennlp-maxent-3.0.2-incubating.jar
8b770000-8b775000 r--s 00025000 08:01 6555406    /home/max/.m2/repository/jwnl/jwnl/1.3.3/jwnl-1.3.3.jar
8b775000-8b783000 r--s 00098000 08:01 11276762   /home/max/.m2/repository/org/apache/opennlp/opennlp-tools/1.5.2-incubating/opennlp-tools-1.5.2-incubating.jar
8b783000-8b7a3000 r--s 00146000 08:01 6559053    /home/max/.m2/repository/owlapi/sourceforge/net/owlapi/2.2.0/owlapi-2.2.0.jar
8b7a3000-8b7d2000 r--s 003d0000 08:01 6297205    /home/max/.m2/repository/uk/ac/gate/gate/4.0/gate-4.0.jar
8b7d2000-8b7d8000 r--s 000fc000 08:01 11953823   /usr/lib/jvm/java-6-openjdk-common/jre/lib/resources.jar
8b7d8000-8b7de000 r--s 000fc000 08:01 11953823   /usr/lib/jvm/java-6-openjdk-common/jre/lib/resources.jar
8b7de000-8b7e1000 r--s 0007f000 08:01 11953225   /usr/lib/jvm/java-6-openjdk-common/jre/lib/jsse.jar
8b7e1000-8b8a7000 r--s 00a04000 08:01 6423979    /home/max/.m2/repository/org/scala-lang/scala-compiler/2.9.1/scala-compiler-2.9.1.jar
8b8a7000-8b8a8000 ---p 00000000 00:00 0 
8b8a8000-8b928000 rw-p 00000000 00:00 0 
8b928000-8b92b000 ---p 00000000 00:00 0 
8b92b000-8b979000 rw-p 00000000 00:00 0 
8b979000-8b97c000 ---p 00000000 00:00 0 
8b97c000-8b9fa000 rw-p 00000000 00:00 0 
8b9fa000-8b9fd000 ---p 00000000 00:00 0 
8b9fd000-8ba7b000 rw-p 00000000 00:00 0 
8ba7b000-8ba7e000 ---p 00000000 00:00 0 
8ba7e000-8bacc000 rw-p 00000000 00:00 0 
8bacc000-8bccc000 r--p 00000000 08:01 11803305   /usr/lib/locale/locale-archive
8bccc000-8bccf000 ---p 00000000 00:00 0 
8bccf000-8bd1d000 rw-p 00000000 00:00 0 
8bd1d000-8bd20000 ---p 00000000 00:00 0 
8bd20000-8bd6e000 rw-p 00000000 00:00 0 
8bd6e000-8bf00000 r--s 037d5000 08:01 11927962   /usr/lib/jvm/java-6-openjdk-i386/jre/lib/rt.jar
8bf00000-8bffe000 rw-p 00000000 00:00 0 
8bffe000-8c000000 ---p 00000000 00:00 0 
8c000000-8c002000 r--s 00008000 08:01 6433165    /home/max/.m2/repository/commons-pool/commons-pool/20030825.183949/commons-pool-20030825.183949.jar
8c002000-8c003000 ---p 00000000 00:00 0 
8c003000-8c083000 rw-p 00000000 00:00 0 
8c083000-8c100000 r--s 007f2000 08:01 6035410    /home/max/.m2/repository/org/scala-lang/scala-library/2.9.1/scala-library-2.9.1.jar
8c100000-8c137000 rw-p 00000000 00:00 0 
8c137000-8c200000 ---p 00000000 00:00 0 
8c201000-8c204000 r--s 00031000 08:01 11953816   /usr/lib/jvm/java-6-openjdk-common/jre/lib/ext/sunjce_provider.jar
8c204000-8c211000 r--s 00107000 08:01 11953223   /usr/lib/jvm/java-6-openjdk-common/jre/lib/rhino.jar
8c211000-8c21f000 r--s 00351000 08:01 11953233   /usr/lib/jvm/java-6-openjdk-common/jre/lib/charsets.jar
8c21f000-8c252000 rw-p 00000000 00:00 0 
8c252000-8c253000 ---p 00000000 00:00 0 
8c253000-8c2d3000 rw-p 00000000 00:00 0 
8c2d3000-8c2d4000 ---p 00000000 00:00 0 
8c2d4000-8c366000 rw-p 00000000 00:00 0 
8c366000-8c3ff000 rw-p 00000000 00:00 0 
8c3ff000-8c411000 rw-p 00000000 00:00 0 
8c411000-8c43f000 rw-p 00000000 00:00 0 
8c43f000-8c451000 rw-p 00000000 00:00 0 
8c451000-8c4e9000 rw-p 00000000 00:00 0 
8c4e9000-8c504000 rw-p 00000000 00:00 0 
8c504000-8c53f000 rw-p 00000000 00:00 0 
8c53f000-8e7a0000 rw-p 00000000 00:00 0 
8e7a0000-94540000 rw-p 00000000 00:00 0 
94540000-96780000 rw-p 00000000 00:00 0 
96780000-a9aa0000 rw-p 00000000 00:00 0 
a9aa0000-ace10000 rw-p 00000000 00:00 0 
ace10000-b4540000 rw-p 00000000 00:00 0 
b4540000-b4549000 rw-p 00000000 00:00 0 
b4549000-b4600000 rw-p 00000000 00:00 0 
b4600000-b4840000 rwxp 00000000 00:00 0 
b4840000-b7700000 rw-p 00000000 00:00 0 
b7700000-b7701000 r--s 00005000 08:01 6297276    /home/max/.m2/repository/org/opencog/linkgrammar/4.7.6/linkgrammar-4.7.6.jar
b7701000-b7705000 r--s 00039000 08:01 11953819   /usr/lib/jvm/java-6-openjdk-common/jre/lib/ext/sunpkcs11.jar
b7705000-b7708000 r--s 00077000 08:01 11953821   /usr/lib/jvm/java-6-openjdk-common/jre/lib/ext/localedata.jar
b7708000-b770a000 r--s 00001000 08:01 11953820   /usr/lib/jvm/java-6-openjdk-common/jre/lib/ext/dnsns.jar
b770a000-b770b000 r--s 00007000 08:01 12197661   /usr/share/java/java-atk-wrapper.jar
b770b000-b770d000 r--s 0000f000 08:01 11953817   /usr/lib/jvm/java-6-openjdk-common/jre/lib/ext/pulse-java.jar
b770d000-b771f000 rw-p 00000000 00:00 0 
b771f000-b774d000 rw-p 00000000 00:00 0 
b774d000-b7750000 ---p 00000000 00:00 0 
b7750000-b77a1000 rw-p 00000000 00:00 0 
b77a1000-b77a3000 r--s 00013000 08:01 11953231   /usr/lib/jvm/java-6-openjdk-common/jre/lib/jce.jar
b77a3000-b77a6000 r--s 0007f000 08:01 11953225   /usr/lib/jvm/java-6-openjdk-common/jre/lib/jsse.jar
b77a6000-b77a8000 r--s 0001a000 08:01 6029566    /home/max/.m2/repository/org/scala-tools/maven-scala-plugin/2.15.0/maven-scala-plugin-2.15.0.jar
b77a8000-b77ab000 r--s 00031000 08:01 11953816   /usr/lib/jvm/java-6-openjdk-common/jre/lib/ext/sunjce_provider.jar
b77ab000-b77af000 r--s 00039000 08:01 11953819   /usr/lib/jvm/java-6-openjdk-common/jre/lib/ext/sunpkcs11.jar
b77af000-b77b2000 r--s 00077000 08:01 11953821   /usr/lib/jvm/java-6-openjdk-common/jre/lib/ext/localedata.jar
b77b2000-b77b4000 r--s 00001000 08:01 11953820   /usr/lib/jvm/java-6-openjdk-common/jre/lib/ext/dnsns.jar
b77b4000-b77b5000 r--s 00007000 08:01 12197661   /usr/share/java/java-atk-wrapper.jar
b77b5000-b77b7000 r--s 0000f000 08:01 11953817   /usr/lib/jvm/java-6-openjdk-common/jre/lib/ext/pulse-java.jar
b77b7000-b77b8000 r--p 002c5000 08:01 11803305   /usr/lib/locale/locale-archive
b77b8000-b77c0000 rw-s 00000000 08:01 8257774    /tmp/hsperfdata_max/5508
b77c0000-b77c1000 rw-p 00000000 00:00 0 
b77c1000-b77c2000 r--p 00000000 00:00 0 
b77c2000-b77c4000 rw-p 00000000 00:00 0 
bff5b000-bff7c000 rw-p 00000000 00:00 0          [stack]

VM Arguments:
jvm_args: -Xbootclasspath/a:/home/max/.m2/repository/org/scala-lang/scala-library/2.9.1/scala-library-2.9.1.jar 
java_command: org_scala_tools_maven_executions.MainWithArgsInFile scala.tools.nsc.Main /tmp/scala-maven-3594409888761639804.args
Launcher Type: SUN_STANDARD

Environment Variables:
JAVA_HOME=/usr/lib/jvm/java-6-openjdk-i386
PATH=~/bin/apache-maven-3.0.4/bin:/home/max/bin:/usr/lib/lightdm/lightdm:/usr/local/sbin:/usr/local/bin:/usr/sbin:/usr/bin:/sbin:/bin:/usr/games
LD_LIBRARY_PATH=/usr/lib/jvm/java-6-openjdk-i386/jre/lib/i386/server:/usr/lib/jvm/java-6-openjdk-i386/jre/lib/i386:/usr/lib/jvm/java-6-openjdk-i386/jre/../lib/i386
SHELL=/bin/bash
DISPLAY=:0

Signal Handlers:
SIGSEGV: [libjvm.so+0x66b360], sa_mask[0]=0x7ffbfeff, sa_flags=0x10000004
SIGBUS: [libjvm.so+0x66b360], sa_mask[0]=0x7ffbfeff, sa_flags=0x10000004
SIGFPE: [libjvm.so+0x52e900], sa_mask[0]=0x7ffbfeff, sa_flags=0x10000004
SIGPIPE: [libjvm.so+0x52e900], sa_mask[0]=0x7ffbfeff, sa_flags=0x10000004
SIGXFSZ: [libjvm.so+0x52e900], sa_mask[0]=0x7ffbfeff, sa_flags=0x10000004
SIGILL: [libjvm.so+0x52e900], sa_mask[0]=0x7ffbfeff, sa_flags=0x10000004
SIGUSR1: SIG_DFL, sa_mask[0]=0x00000000, sa_flags=0x00000000
SIGUSR2: [libjvm.so+0x52e790], sa_mask[0]=0x00000004, sa_flags=0x10000004
SIGHUP: [libjvm.so+0x531830], sa_mask[0]=0x7ffbfeff, sa_flags=0x10000004
SIGINT: [libjvm.so+0x531830], sa_mask[0]=0x7ffbfeff, sa_flags=0x10000004
SIGTERM: [libjvm.so+0x531830], sa_mask[0]=0x7ffbfeff, sa_flags=0x10000004
SIGQUIT: [libjvm.so+0x531830], sa_mask[0]=0x7ffbfeff, sa_flags=0x10000004


---------------  S Y S T E M  ---------------

OS:Ubuntu 12.04 (precise)
uname:Linux 3.2.0-39-generic #62-Ubuntu SMP Wed Feb 27 22:05:17 UTC 2013 i686
libc:glibc 2.15 NPTL 2.15 
rlimit: STACK 8192k, CORE 0k, NPROC 15864, NOFILE 4096, AS infinity
load average:3.50 4.09 3.20

/proc/meminfo:
MemTotal:        2052484 kB
MemFree:          191616 kB
Buffers:           11020 kB
Cached:           293948 kB
SwapCached:       125488 kB
Active:          1137488 kB
Inactive:         649760 kB
Active(anon):    1057776 kB
Inactive(anon):   602152 kB
Active(file):      79712 kB
Inactive(file):    47608 kB
Unevictable:           0 kB
Mlocked:               0 kB
HighTotal:       1178380 kB
HighFree:          15012 kB
LowTotal:         874104 kB
LowFree:          176604 kB
SwapTotal:       6142972 kB
SwapFree:        5313636 kB
Dirty:               880 kB
Writeback:             0 kB
AnonPages:       1392404 kB
Mapped:            81612 kB
Shmem:            177644 kB
Slab:              34116 kB
SReclaimable:      16616 kB
SUnreclaim:        17500 kB
KernelStack:        4360 kB
PageTables:        15400 kB
NFS_Unstable:          0 kB
Bounce:                0 kB
WritebackTmp:          0 kB
CommitLimit:     7169212 kB
Committed_AS:    5191596 kB
VmallocTotal:     122880 kB
VmallocUsed:       12340 kB
VmallocChunk:     109308 kB
HardwareCorrupted:     0 kB
AnonHugePages:         0 kB
HugePages_Total:       0
HugePages_Free:        0
HugePages_Rsvd:        0
HugePages_Surp:        0
Hugepagesize:       4096 kB
DirectMap4k:       16376 kB
DirectMap4M:      892928 kB


CPU:total 2 (2 cores per cpu, 1 threads per core) family 6 model 15 stepping 13, cmov, cx8, fxsr, mmx, sse, sse2, sse3, ssse3

Memory: 4k page, physical 2052484k(191616k free), swap 6142972k(5313636k free)

vm_info: OpenJDK Server VM (20.0-b12) for linux-x86 JRE (1.6.0_27-b27), built on Mar  5 2013 00:35:40 by "buildd" with gcc 4.6.3

time: Sun Apr  7 11:34:03 2013
elapsed time: 7 seconds

