#
# A fatal error has been detected by the Java Runtime Environment:
#
#  SIGSEGV (0xb) at pc=0xb4787fe7, pid=5344, tid=3077536576
#
# JRE version: 6.0_24-b24
# Java VM: OpenJDK Server VM (20.0-b12 mixed mode linux-x86 )
# Derivative: IcedTea6 1.11.1
# Distribution: Ubuntu 12.04 LTS, package 6b24-1.11.1-4ubuntu3
# Problematic frame:
# J  scala.tools.nsc.symtab.Types$TypeMap.mapOver(Lscala/tools/nsc/symtab/Types$Type;)Lscala/tools/nsc/symtab/Types$Type;
#
# If you would like to submit a bug report, please include
# instructions how to reproduce the bug and visit:
#   https://bugs.launchpad.net/ubuntu/+source/openjdk-6/
#

---------------  T H R E A D  ---------------

Current thread (0xb7505800):  JavaThread "main" [_thread_in_Java, id=5347, stack(0xb76a7000,0xb76f8000)]

siginfo:si_signo=SIGSEGV: si_errno=0, si_code=128 (), si_addr=0x00000000

Registers:
EAX=0x8d2a9d40, EBX=0xae1e26f8, ECX=0x00000000, EDX=0x94ccfcb8
ESP=0xb76f4bd0, EBP=0x8cb97040, ESI=0xb76f4c44, EDI=0x00000000
EIP=0xb4787fe7, EFLAGS=0x00210283, CR2=0x00000004

Top of Stack: (sp=0xb76f4bd0)
0xb76f4bd0:   01720ff4 b7505800 b75061e4 b76f4d38
0xb76f4be0:   0146893d 8d2a9b98 b7505800 b7505800
0xb76f4bf0:   94ccfcb8 ae1e26f8 00000000 ae1e26f8
0xb76f4c00:   00000000 00000000 00000000 00000000
0xb76f4c10:   b75061e4 946e9780 b76f4dbc b7505800
0xb76f4c20:   b452d3d0 b7505800 ffff027f ffff0122
0xb76f4c30:   ffffffff b45121ae b76f4c6c b4503047
0xb76f4c40:   b4503047 94ccfcb8 ae1e26f8 b76f4c4c 

Instructions: (pc=0xb4787fe7)
0xb4787fc7:   e9 8b 00 8b c8 8b 5c 24 18 e9 95 d6 ff ff 81 fd
0xb4787fd7:   98 96 d0 8c 0f 84 9c 07 00 00 81 fd c0 56 c9 8c
0xb4787fe7:   0f 85 48 02 00 00 8b ea 8b 4c 24 24 e8 e8 50 da
0xb4787ff7:   ff 85 c0 0f 84 4d 07 00 00 8b c8 90 e8 d8 50 da 

Register to memory mapping:

EAX=0x8d2a9d40 is an oop
{instance class} 
 - klass: {other class}
EBX=0xae1e26f8 is an oop
scala.tools.nsc.transform.Flatten$$anon$1 
 - klass: 'scala/tools/nsc/transform/Flatten$$anon$1'
ECX=0x00000000 is an unknown value
EDX=0x94ccfcb8 is an oop
scala.tools.nsc.symtab.Types$NoPrefix$ 
 - klass: 'scala/tools/nsc/symtab/Types$NoPrefix$'
ESP=0xb76f4bd0 is pointing into the stack for thread: 0xb7505800
EBP=0x8cb97040 is an oop
{instance class} 
 - klass: {other class}
ESI=0xb76f4c44 is pointing into the stack for thread: 0xb7505800
EDI=0x00000000 is an unknown value


Stack: [0xb76a7000,0xb76f8000],  sp=0xb76f4bd0,  free space=310k
Native frames: (J=compiled Java code, j=interpreted, Vv=VM code, C=native code)
J  scala.tools.nsc.symtab.Types$TypeMap.mapOver(Lscala/tools/nsc/symtab/Types$Type;)Lscala/tools/nsc/symtab/Types$Type;


---------------  P R O C E S S  ---------------

Java Threads: ( => current thread )
  0xb75b7000 JavaThread "Low Memory Detector" daemon [_thread_blocked, id=5356, stack(0x8b87b000,0x8b8cc000)]
  0xb75b5400 JavaThread "C2 CompilerThread1" daemon [_thread_in_native, id=5355, stack(0x8b8cc000,0x8b94d000)]
  0xb75b3400 JavaThread "C2 CompilerThread0" daemon [_thread_in_native, id=5354, stack(0x8b94d000,0x8b9ce000)]
  0xb75b1c00 JavaThread "Signal Dispatcher" daemon [_thread_blocked, id=5353, stack(0x8b9ce000,0x8ba1f000)]
  0xb75a2400 JavaThread "Finalizer" daemon [_thread_blocked, id=5352, stack(0x8bc1f000,0x8bc70000)]
  0xb75a1000 JavaThread "Reference Handler" daemon [_thread_blocked, id=5351, stack(0x8c101000,0x8c152000)]
=>0xb7505800 JavaThread "main" [_thread_in_Java, id=5347, stack(0xb76a7000,0xb76f8000)]

Other Threads:
  0xb759d000 VMThread [stack: 0x8bf02000,0x8bf83000] [id=5350]
  0xb75b8c00 WatcherThread [stack: 0x8b7fa000,0x8b87b000] [id=5357]

VM state:not at safepoint (normal execution)

VM Mutex/Monitor currently owned by a thread: None

Heap
 PSYoungGen      total 72960K, used 35615K [0xa99a0000, 0xaed00000, 0xb4440000)
  eden space 63616K, 43% used [0xa99a0000,0xab478438,0xad7c0000)
  from space 9344K, 86% used [0xae1e0000,0xae9cfbb0,0xaeb00000)
  to   space 10368K, 0% used [0xad7c0000,0xad7c0000,0xae1e0000)
 PSOldGen        total 21440K, used 13894K [0x94440000, 0x95930000, 0xa99a0000)
  object space 21440K, 64% used [0x94440000,0x951d18f8,0x95930000)
 PSPermGen       total 21504K, used 21413K [0x8c440000, 0x8d940000, 0x94440000)
  object space 21504K, 99% used [0x8c440000,0x8d9296b8,0x8d940000)

Code Cache  [0xb4500000, 0xb47b8000, 0xb7500000)
 total_blobs=935 nmethods=803 adapters=85 free_code_cache=47568192 largest_free_block=51136

Dynamic libraries:
00110000-0013a000 r-xp 00000000 08:01 12715816   /lib/i386-linux-gnu/libm-2.15.so
0013a000-0013b000 r--p 00029000 08:01 12715816   /lib/i386-linux-gnu/libm-2.15.so
0013b000-0013c000 rw-p 0002a000 08:01 12715816   /lib/i386-linux-gnu/libm-2.15.so
0013c000-00147000 r-xp 00000000 08:01 11949472   /usr/lib/jvm/java-6-openjdk-i386/jre/lib/i386/libverify.so
00147000-00148000 ---p 0000b000 08:01 11949472   /usr/lib/jvm/java-6-openjdk-i386/jre/lib/i386/libverify.so
00148000-00149000 r--p 0000b000 08:01 11949472   /usr/lib/jvm/java-6-openjdk-i386/jre/lib/i386/libverify.so
00149000-0014a000 rw-p 0000c000 08:01 11949472   /usr/lib/jvm/java-6-openjdk-i386/jre/lib/i386/libverify.so
0014a000-00170000 r-xp 00000000 08:01 11927733   /usr/lib/jvm/java-6-openjdk-i386/jre/lib/i386/libjava.so
00170000-00171000 r--p 00025000 08:01 11927733   /usr/lib/jvm/java-6-openjdk-i386/jre/lib/i386/libjava.so
00171000-00173000 rw-p 00026000 08:01 11927733   /usr/lib/jvm/java-6-openjdk-i386/jre/lib/i386/libjava.so
00173000-0017a000 r-xp 00000000 08:01 11927755   /usr/lib/jvm/java-6-openjdk-i386/jre/lib/i386/libzip.so
0017a000-0017b000 r--p 00006000 08:01 11927755   /usr/lib/jvm/java-6-openjdk-i386/jre/lib/i386/libzip.so
0017b000-0017c000 rw-p 00007000 08:01 11927755   /usr/lib/jvm/java-6-openjdk-i386/jre/lib/i386/libzip.so
00182000-00199000 r-xp 00000000 08:01 12730723   /lib/i386-linux-gnu/libpthread-2.15.so
00199000-0019a000 r--p 00016000 08:01 12730723   /lib/i386-linux-gnu/libpthread-2.15.so
0019a000-0019b000 rw-p 00017000 08:01 12730723   /lib/i386-linux-gnu/libpthread-2.15.so
0019b000-0019d000 rw-p 00000000 00:00 0 
0019d000-0033c000 r-xp 00000000 08:01 12715285   /lib/i386-linux-gnu/libc-2.15.so
0033c000-0033e000 r--p 0019f000 08:01 12715285   /lib/i386-linux-gnu/libc-2.15.so
0033e000-0033f000 rw-p 001a1000 08:01 12715285   /lib/i386-linux-gnu/libc-2.15.so
0033f000-00342000 rw-p 00000000 00:00 0 
00342000-0041a000 r-xp 00000000 08:01 12060289   /usr/lib/i386-linux-gnu/libstdc++.so.6.0.16
0041a000-0041b000 ---p 000d8000 08:01 12060289   /usr/lib/i386-linux-gnu/libstdc++.so.6.0.16
0041b000-0041f000 r--p 000d8000 08:01 12060289   /usr/lib/i386-linux-gnu/libstdc++.so.6.0.16
0041f000-00420000 rw-p 000dc000 08:01 12060289   /usr/lib/i386-linux-gnu/libstdc++.so.6.0.16
00420000-00427000 rw-p 00000000 00:00 0 
00427000-0043d000 r-xp 00000000 08:01 12715820   /lib/i386-linux-gnu/libnsl-2.15.so
0043d000-0043e000 r--p 00015000 08:01 12715820   /lib/i386-linux-gnu/libnsl-2.15.so
0043e000-0043f000 rw-p 00016000 08:01 12715820   /lib/i386-linux-gnu/libnsl-2.15.so
0043f000-00441000 rw-p 00000000 00:00 0 
00441000-00456000 r-xp 00000000 08:01 11927777   /usr/lib/jvm/java-6-openjdk-i386/jre/lib/i386/libnet.so
00456000-00457000 r--p 00014000 08:01 11927777   /usr/lib/jvm/java-6-openjdk-i386/jre/lib/i386/libnet.so
00457000-00458000 rw-p 00015000 08:01 11927777   /usr/lib/jvm/java-6-openjdk-i386/jre/lib/i386/libnet.so
00462000-00482000 r-xp 00000000 08:01 12714192   /lib/i386-linux-gnu/ld-2.15.so
00482000-00483000 r--p 0001f000 08:01 12714192   /lib/i386-linux-gnu/ld-2.15.so
00483000-00484000 rw-p 00020000 08:01 12714192   /lib/i386-linux-gnu/ld-2.15.so
00564000-00568000 r-xp 00000000 08:01 12195023   /usr/lib/jvm/java-6-openjdk-i386/jre/lib/i386/jli/libjli.so
00568000-00569000 r--p 00003000 08:01 12195023   /usr/lib/jvm/java-6-openjdk-i386/jre/lib/i386/jli/libjli.so
00569000-0056a000 rw-p 00004000 08:01 12195023   /usr/lib/jvm/java-6-openjdk-i386/jre/lib/i386/jli/libjli.so
00752000-00759000 r-xp 00000000 08:01 12730715   /lib/i386-linux-gnu/libnss_compat-2.15.so
00759000-0075a000 r--p 00006000 08:01 12730715   /lib/i386-linux-gnu/libnss_compat-2.15.so
0075a000-0075b000 rw-p 00007000 08:01 12730715   /lib/i386-linux-gnu/libnss_compat-2.15.so
0075d000-00767000 r-xp 00000000 08:01 12730720   /lib/i386-linux-gnu/libnss_nis-2.15.so
00767000-00768000 r--p 00009000 08:01 12730720   /lib/i386-linux-gnu/libnss_nis-2.15.so
00768000-00769000 rw-p 0000a000 08:01 12730720   /lib/i386-linux-gnu/libnss_nis-2.15.so
00999000-009b5000 r-xp 00000000 08:01 12716146   /lib/i386-linux-gnu/libgcc_s.so.1
009b5000-009b6000 r--p 0001b000 08:01 12716146   /lib/i386-linux-gnu/libgcc_s.so.1
009b6000-009b7000 rw-p 0001c000 08:01 12716146   /lib/i386-linux-gnu/libgcc_s.so.1
00a9e000-00aa1000 r-xp 00000000 08:01 12715814   /lib/i386-linux-gnu/libdl-2.15.so
00aa1000-00aa2000 r--p 00002000 08:01 12715814   /lib/i386-linux-gnu/libdl-2.15.so
00aa2000-00aa3000 rw-p 00003000 08:01 12715814   /lib/i386-linux-gnu/libdl-2.15.so
00b67000-00b68000 r-xp 00000000 00:00 0          [vdso]
00bfe000-00c06000 r-xp 00000000 08:01 11949264   /usr/lib/jvm/java-6-openjdk-i386/jre/lib/i386/libnio.so
00c06000-00c07000 r--p 00007000 08:01 11949264   /usr/lib/jvm/java-6-openjdk-i386/jre/lib/i386/libnio.so
00c07000-00c08000 rw-p 00008000 08:01 11949264   /usr/lib/jvm/java-6-openjdk-i386/jre/lib/i386/libnio.so
00c6e000-00c75000 r-xp 00000000 08:01 12730725   /lib/i386-linux-gnu/librt-2.15.so
00c75000-00c76000 r--p 00006000 08:01 12730725   /lib/i386-linux-gnu/librt-2.15.so
00c76000-00c77000 rw-p 00007000 08:01 12730725   /lib/i386-linux-gnu/librt-2.15.so
00e09000-00e14000 r-xp 00000000 08:01 12730718   /lib/i386-linux-gnu/libnss_files-2.15.so
00e14000-00e15000 r--p 0000a000 08:01 12730718   /lib/i386-linux-gnu/libnss_files-2.15.so
00e15000-00e16000 rw-p 0000b000 08:01 12730718   /lib/i386-linux-gnu/libnss_files-2.15.so
00ea8000-00ebc000 r-xp 00000000 08:01 12716150   /lib/i386-linux-gnu/libz.so.1.2.3.4
00ebc000-00ebd000 r--p 00013000 08:01 12716150   /lib/i386-linux-gnu/libz.so.1.2.3.4
00ebd000-00ebe000 rw-p 00014000 08:01 12716150   /lib/i386-linux-gnu/libz.so.1.2.3.4
00ebe000-016dc000 r-xp 00000000 08:01 12194804   /usr/lib/jvm/java-6-openjdk-i386/jre/lib/i386/server/libjvm.so
016dc000-01721000 r--p 0081e000 08:01 12194804   /usr/lib/jvm/java-6-openjdk-i386/jre/lib/i386/server/libjvm.so
01721000-01730000 rw-p 00863000 08:01 12194804   /usr/lib/jvm/java-6-openjdk-i386/jre/lib/i386/server/libjvm.so
01730000-01b4a000 rw-p 00000000 00:00 0 
08048000-08051000 r-xp 00000000 08:01 12192284   /usr/lib/jvm/java-6-openjdk-i386/jre/bin/java
08051000-08052000 r--p 00008000 08:01 12192284   /usr/lib/jvm/java-6-openjdk-i386/jre/bin/java
08052000-08053000 rw-p 00009000 08:01 12192284   /usr/lib/jvm/java-6-openjdk-i386/jre/bin/java
09e3b000-0b652000 rw-p 00000000 00:00 0          [heap]
89500000-895f6000 rw-p 00000000 00:00 0 
895f6000-89600000 ---p 00000000 00:00 0 
89600000-896fc000 rw-p 00000000 00:00 0 
896fc000-89700000 ---p 00000000 00:00 0 
89700000-897ec000 rw-p 00000000 00:00 0 
897ec000-89800000 ---p 00000000 00:00 0 
89800000-898f8000 rw-p 00000000 00:00 0 
898f8000-89900000 ---p 00000000 00:00 0 
89900000-899ed000 rw-p 00000000 00:00 0 
899ed000-89a00000 ---p 00000000 00:00 0 
89b00000-89bf0000 rw-p 00000000 00:00 0 
89bf0000-89c00000 ---p 00000000 00:00 0 
89c00000-89cfb000 rw-p 00000000 00:00 0 
89cfb000-89d00000 ---p 00000000 00:00 0 
89d00000-89f00000 rw-p 00000000 00:00 0 
89f00000-8a100000 rw-p 00000000 00:00 0 
8a100000-8a300000 rw-p 00000000 00:00 0 
8a300000-8a500000 rw-p 00000000 00:00 0 
8a500000-8a5d8000 rw-p 00000000 00:00 0 
8a5d8000-8a600000 ---p 00000000 00:00 0 
8a600000-8a6fe000 rw-p 00000000 00:00 0 
8a6fe000-8a700000 ---p 00000000 00:00 0 
8a700000-8a7fd000 rw-p 00000000 00:00 0 
8a7fd000-8a800000 ---p 00000000 00:00 0 
8a800000-8a900000 rw-p 00000000 00:00 0 
8a900000-8a9fd000 rw-p 00000000 00:00 0 
8a9fd000-8aa00000 ---p 00000000 00:00 0 
8ab00000-8abda000 rw-p 00000000 00:00 0 
8abda000-8ac00000 ---p 00000000 00:00 0 
8ac00000-8acfc000 rw-p 00000000 00:00 0 
8acfc000-8ad00000 ---p 00000000 00:00 0 
8ad00000-8adf8000 rw-p 00000000 00:00 0 
8adf8000-8ae00000 ---p 00000000 00:00 0 
8af00000-8afc1000 rw-p 00000000 00:00 0 
8afc1000-8b000000 ---p 00000000 00:00 0 
8b000000-8b0fd000 rw-p 00000000 00:00 0 
8b0fd000-8b100000 ---p 00000000 00:00 0 
8b100000-8b2f4000 rw-p 00000000 00:00 0 
8b2f4000-8b300000 ---p 00000000 00:00 0 
8b300000-8b3fb000 rw-p 00000000 00:00 0 
8b3fb000-8b400000 ---p 00000000 00:00 0 
8b400000-8b5fa000 rw-p 00000000 00:00 0 
8b5fa000-8b600000 ---p 00000000 00:00 0 
8b600000-8b6ff000 rw-p 00000000 00:00 0 
8b6ff000-8b700000 ---p 00000000 00:00 0 
8b727000-8b72a000 r--s 00027000 08:01 7871622    /home/max/Projects/2/2/model.knowledge/target/model.knowledge-1.0.jar
8b72a000-8b72d000 r--s 00031000 08:01 11948319   /usr/lib/jvm/java-6-openjdk-common/jre/lib/ext/sunjce_provider.jar
8b72d000-8b731000 r--s 00038000 08:01 11948323   /usr/lib/jvm/java-6-openjdk-common/jre/lib/ext/sunpkcs11.jar
8b731000-8b734000 r--s 00077000 08:01 11948321   /usr/lib/jvm/java-6-openjdk-common/jre/lib/ext/localedata.jar
8b734000-8b7fa000 r--s 00a04000 08:01 6423979    /home/max/.m2/repository/org/scala-lang/scala-compiler/2.9.1/scala-compiler-2.9.1.jar
8b7fa000-8b7fb000 ---p 00000000 00:00 0 
8b7fb000-8b87b000 rw-p 00000000 00:00 0 
8b87b000-8b87e000 ---p 00000000 00:00 0 
8b87e000-8b8cc000 rw-p 00000000 00:00 0 
8b8cc000-8b8cf000 ---p 00000000 00:00 0 
8b8cf000-8b94d000 rw-p 00000000 00:00 0 
8b94d000-8b950000 ---p 00000000 00:00 0 
8b950000-8b9ce000 rw-p 00000000 00:00 0 
8b9ce000-8b9d1000 ---p 00000000 00:00 0 
8b9d1000-8ba1f000 rw-p 00000000 00:00 0 
8ba1f000-8bc1f000 r--p 00000000 08:01 11803305   /usr/lib/locale/locale-archive
8bc1f000-8bc22000 ---p 00000000 00:00 0 
8bc22000-8bc70000 rw-p 00000000 00:00 0 
8bc70000-8be00000 r--s 037ba000 08:01 11927709   /usr/lib/jvm/java-6-openjdk-i386/jre/lib/rt.jar
8be00000-8befc000 rw-p 00000000 00:00 0 
8befc000-8bf00000 ---p 00000000 00:00 0 
8bf00000-8bf02000 r--s 00004000 08:01 7870375    /home/max/Projects/2/2/common.utilities/target/common.utilities-1.0.jar
8bf02000-8bf03000 ---p 00000000 00:00 0 
8bf03000-8bf83000 rw-p 00000000 00:00 0 
8bf83000-8c000000 r--s 007f2000 08:01 6035410    /home/max/.m2/repository/org/scala-lang/scala-library/2.9.1/scala-library-2.9.1.jar
8c000000-8c072000 rw-p 00000000 00:00 0 
8c072000-8c100000 ---p 00000000 00:00 0 
8c101000-8c104000 ---p 00000000 00:00 0 
8c104000-8c152000 rw-p 00000000 00:00 0 
8c152000-8c153000 ---p 00000000 00:00 0 
8c153000-8c1d3000 rw-p 00000000 00:00 0 
8c1d3000-8c1d4000 ---p 00000000 00:00 0 
8c1d4000-8c25f000 rw-p 00000000 00:00 0 
8c25f000-8c2ff000 rw-p 00000000 00:00 0 
8c2ff000-8c30a000 rw-p 00000000 00:00 0 
8c30a000-8c33f000 rw-p 00000000 00:00 0 
8c33f000-8c34a000 rw-p 00000000 00:00 0 
8c34a000-8c3e9000 rw-p 00000000 00:00 0 
8c3e9000-8c414000 rw-p 00000000 00:00 0 
8c414000-8c43f000 rw-p 00000000 00:00 0 
8c43f000-8d940000 rw-p 00000000 00:00 0 
8d940000-94440000 rw-p 00000000 00:00 0 
94440000-95930000 rw-p 00000000 00:00 0 
95930000-a99a0000 rw-p 00000000 00:00 0 
a99a0000-aed00000 rw-p 00000000 00:00 0 
aed00000-b4440000 rw-p 00000000 00:00 0 
b4440000-b444b000 rw-p 00000000 00:00 0 
b444b000-b4500000 rw-p 00000000 00:00 0 
b4500000-b47b8000 rwxp 00000000 00:00 0 
b47b8000-b75f9000 rw-p 00000000 00:00 0 
b75f9000-b7600000 ---p 00000000 00:00 0 
b7601000-b7603000 r--s 00001000 08:01 11948325   /usr/lib/jvm/java-6-openjdk-common/jre/lib/ext/dnsns.jar
b7603000-b7604000 r--s 00007000 08:01 12197661   /usr/share/java/java-atk-wrapper.jar
b7604000-b7606000 r--s 0000f000 08:01 11948317   /usr/lib/jvm/java-6-openjdk-common/jre/lib/ext/pulse-java.jar
b7606000-b7613000 r--s 00107000 08:01 11948335   /usr/lib/jvm/java-6-openjdk-common/jre/lib/rhino.jar
b7613000-b7621000 r--s 00351000 08:01 11948313   /usr/lib/jvm/java-6-openjdk-common/jre/lib/charsets.jar
b7621000-b7623000 r--s 00013000 08:01 11948315   /usr/lib/jvm/java-6-openjdk-common/jre/lib/jce.jar
b7623000-b7626000 r--s 0007d000 08:01 11948333   /usr/lib/jvm/java-6-openjdk-common/jre/lib/jsse.jar
b7626000-b762d000 r--s 000fb000 08:01 11948329   /usr/lib/jvm/java-6-openjdk-common/jre/lib/resources.jar
b762d000-b7634000 r--s 000fb000 08:01 11948329   /usr/lib/jvm/java-6-openjdk-common/jre/lib/resources.jar
b7634000-b7672000 rw-p 00000000 00:00 0 
b7672000-b76a7000 rw-p 00000000 00:00 0 
b76a7000-b76aa000 ---p 00000000 00:00 0 
b76aa000-b76fb000 rw-p 00000000 00:00 0 
b76fb000-b76fc000 r--s 00000000 08:01 7871188    /home/max/Projects/2/2/coreservice.action/target/coreservice.action-1.0.jar
b76fc000-b76ff000 r--s 0007d000 08:01 11948333   /usr/lib/jvm/java-6-openjdk-common/jre/lib/jsse.jar
b76ff000-b7701000 r--s 0001a000 08:01 6029566    /home/max/.m2/repository/org/scala-tools/maven-scala-plugin/2.15.0/maven-scala-plugin-2.15.0.jar
b7701000-b7704000 r--s 00031000 08:01 11948319   /usr/lib/jvm/java-6-openjdk-common/jre/lib/ext/sunjce_provider.jar
b7704000-b7708000 r--s 00038000 08:01 11948323   /usr/lib/jvm/java-6-openjdk-common/jre/lib/ext/sunpkcs11.jar
b7708000-b770b000 r--s 00077000 08:01 11948321   /usr/lib/jvm/java-6-openjdk-common/jre/lib/ext/localedata.jar
b770b000-b770d000 r--s 00001000 08:01 11948325   /usr/lib/jvm/java-6-openjdk-common/jre/lib/ext/dnsns.jar
b770d000-b770e000 r--s 00007000 08:01 12197661   /usr/share/java/java-atk-wrapper.jar
b770e000-b7710000 r--s 0000f000 08:01 11948317   /usr/lib/jvm/java-6-openjdk-common/jre/lib/ext/pulse-java.jar
b7710000-b7711000 r--p 002c5000 08:01 11803305   /usr/lib/locale/locale-archive
b7711000-b7719000 rw-s 00000000 08:01 9306140    /tmp/hsperfdata_max/5344
b7719000-b771a000 rw-p 00000000 00:00 0 
b771a000-b771b000 r--p 00000000 00:00 0 
b771b000-b771d000 rw-p 00000000 00:00 0 
bff13000-bff34000 rw-p 00000000 00:00 0          [stack]

VM Arguments:
jvm_args: -Xbootclasspath/a:/home/max/.m2/repository/org/scala-lang/scala-library/2.9.1/scala-library-2.9.1.jar 
java_command: org_scala_tools_maven_executions.MainWithArgsInFile scala.tools.nsc.Main /tmp/scala-maven-8836319114760776498.args
Launcher Type: SUN_STANDARD

Environment Variables:
JAVA_HOME=/usr/lib/jvm/java-6-openjdk-i386
PATH=~/bin/apache-maven-3.0.4/bin:/home/max/bin:/usr/lib/lightdm/lightdm:/usr/local/sbin:/usr/local/bin:/usr/sbin:/usr/bin:/sbin:/bin:/usr/games
LD_LIBRARY_PATH=/usr/lib/jvm/java-6-openjdk-i386/jre/lib/i386/server:/usr/lib/jvm/java-6-openjdk-i386/jre/lib/i386:/usr/lib/jvm/java-6-openjdk-i386/jre/../lib/i386
SHELL=/bin/bash
DISPLAY=:0

Signal Handlers:
SIGSEGV: [libjvm.so+0x66a200], sa_mask[0]=0x7ffbfeff, sa_flags=0x10000004
SIGBUS: [libjvm.so+0x66a200], sa_mask[0]=0x7ffbfeff, sa_flags=0x10000004
SIGFPE: [libjvm.so+0x52e0f0], sa_mask[0]=0x7ffbfeff, sa_flags=0x10000004
SIGPIPE: [libjvm.so+0x52e0f0], sa_mask[0]=0x7ffbfeff, sa_flags=0x10000004
SIGXFSZ: [libjvm.so+0x52e0f0], sa_mask[0]=0x7ffbfeff, sa_flags=0x10000004
SIGILL: [libjvm.so+0x52e0f0], sa_mask[0]=0x7ffbfeff, sa_flags=0x10000004
SIGUSR1: SIG_DFL, sa_mask[0]=0x00000000, sa_flags=0x00000000
SIGUSR2: [libjvm.so+0x52df80], sa_mask[0]=0x00000004, sa_flags=0x10000004
SIGHUP: [libjvm.so+0x531020], sa_mask[0]=0x7ffbfeff, sa_flags=0x10000004
SIGINT: [libjvm.so+0x531020], sa_mask[0]=0x7ffbfeff, sa_flags=0x10000004
SIGTERM: [libjvm.so+0x531020], sa_mask[0]=0x7ffbfeff, sa_flags=0x10000004
SIGQUIT: [libjvm.so+0x531020], sa_mask[0]=0x7ffbfeff, sa_flags=0x10000004


---------------  S Y S T E M  ---------------

OS:Ubuntu 12.04 (precise)
uname:Linux 3.2.0-26-generic #41-Ubuntu SMP Thu Jun 14 16:26:01 UTC 2012 i686
libc:glibc 2.15 NPTL 2.15 
rlimit: STACK 8192k, CORE 0k, NPROC 15864, NOFILE 4096, AS infinity
load average:3.06 3.69 2.98

/proc/meminfo:
MemTotal:        2052496 kB
MemFree:          794552 kB
Buffers:           62388 kB
Cached:           382924 kB
SwapCached:        31528 kB
Active:           699976 kB
Inactive:         485332 kB
Active(anon):     572160 kB
Inactive(anon):   285504 kB
Active(file):     127816 kB
Inactive(file):   199828 kB
Unevictable:          16 kB
Mlocked:              16 kB
HighTotal:       1178380 kB
HighFree:          96512 kB
LowTotal:         874116 kB
LowFree:          698040 kB
SwapTotal:       6142972 kB
SwapFree:        5973872 kB
Dirty:               316 kB
Writeback:             0 kB
AnonPages:        715292 kB
Mapped:            62424 kB
Shmem:            117668 kB
Slab:              37696 kB
SReclaimable:      21368 kB
SUnreclaim:        16328 kB
KernelStack:        3592 kB
PageTables:        11664 kB
NFS_Unstable:          0 kB
Bounce:                0 kB
WritebackTmp:          0 kB
CommitLimit:     7169220 kB
Committed_AS:    3482144 kB
VmallocTotal:     122880 kB
VmallocUsed:       12292 kB
VmallocChunk:     106484 kB
HardwareCorrupted:     0 kB
AnonHugePages:         0 kB
HugePages_Total:       0
HugePages_Free:        0
HugePages_Rsvd:        0
HugePages_Surp:        0
Hugepagesize:       4096 kB
DirectMap4k:       16376 kB
DirectMap4M:      892928 kB


CPU:total 2 (2 cores per cpu, 1 threads per core) family 6 model 15 stepping 13, cmov, cx8, fxsr, mmx, sse, sse2, sse3, ssse3

Memory: 4k page, physical 2052496k(794552k free), swap 6142972k(5973872k free)

vm_info: OpenJDK Server VM (20.0-b12) for linux-x86 JRE (1.6.0_24-b24), built on Apr 20 2012 14:16:21 by "buildd" with gcc 4.6.3

time: Mon Jul  2 22:35:49 2012
elapsed time: 11 seconds

