#
# A fatal error has been detected by the Java Runtime Environment:
#
#  SIGSEGV (0xb) at pc=0x8e81e2be, pid=2967, tid=3062856512
#
# JRE version: 6.0_26-b03
# Java VM: Java HotSpot(TM) Server VM (20.1-b02 mixed mode linux-x86 )
# Problematic frame:
# C  [liblink-grammar.so.4+0x142be]  long+0x2e
#
# If you would like to submit a bug report, please visit:
#   http://java.sun.com/webapps/bugreport/crash.jsp
# The crash happened outside the Java Virtual Machine in native code.
# See problematic frame for where to report the bug.
#

---------------  T H R E A D  ---------------

Current thread (0xb6709000):  JavaThread "main" [_thread_in_native, id=2968, stack(0xb68a7000,0xb68f8000)]

siginfo:si_signo=SIGSEGV: si_errno=0, si_code=1 (SEGV_MAPERR), si_addr=0x0000001c

Registers:
EAX=0x00000000, EBX=0x8e847ff4, ECX=0xb6709120, EDX=0x9121a050
ESP=0xb68f5930, EBP=0x00000003, ESI=0xb6709120, EDI=0x00000000
EIP=0x8e81e2be, EFLAGS=0x00210206, CR2=0x0000001c

Top of Stack: (sp=0xb68f5930)
0xb68f5930:   a93b9820 a9673f18 b68f5938 911228c4
0xb68f5940:   b68f5960 91224ba0 b6cf6656 8ec2bff4
0xb68f5950:   b6709120 b6709000 b68f59b0 8ec29eeb
0xb68f5960:   00000000 00000003 b6d62be1 b6709740
0xb68f5970:   91219a18 91219a18 b6709000 b34f6260
0xb68f5980:   b6709120 b68f59b8 b6bd8e00 91219a18
0xb68f5990:   b68f5990 00000000 b68f59bc 9121a050
0xb68f59a0:   00000000 91219a18 00000000 b68f59c0 

Instructions: (pc=0x8e81e2be)
0x8e81e29e:   1c e8 33 05 ff ff 81 c3 50 9d 02 00 89 7c 24 24
0x8e81e2ae:   8b 7c 24 30 85 ed 89 74 24 20 0f 84 da 00 00 00
0x8e81e2be:   8b 47 1c 8b 00 8b 40 54 85 c0 0f 84 ca 00 00 00
0x8e81e2ce:   83 fd 03 74 5d 83 fd 01 74 58 83 fd 02 0f 85 be 

Register to memory mapping:

EAX=0x00000000 is an unknown value
EBX=0x8e847ff4: <offset 0x3dff4> in /usr/local/lib/liblink-grammar.so.4 at 0x8e80a000
ECX=0xb6709120 is an unknown value
EDX=0x9121a050 is an oop
{constant pool cache} 
 - klass: {other class}
ESP=0xb68f5930 is pointing into the stack for thread: 0xb6709000
EBP=0x00000003 is an unknown value
ESI=0xb6709120 is an unknown value
EDI=0x00000000 is an unknown value


Stack: [0xb68a7000,0xb68f8000],  sp=0xb68f5930,  free space=314k
Native frames: (J=compiled Java code, j=interpreted, Vv=VM code, C=native code)
C  [liblink-grammar.so.4+0x142be]  long+0x2e

Java frames: (J=compiled Java code, j=interpreted, Vv=VM code)
j  org.linkgrammar.LinkGrammar.getConstituentString()Ljava/lang/String;+0
v  ~StubRoutines::call_stub
j  relex.parser.LocalLGParser.parse(Ljava/lang/String;)Lrelex/Sentence;+615
j  relex.RelationExtractor.parseSentence(Ljava/lang/String;Lrelex/entity/EntityMaintainer;)Lrelex/Sentence;+44
j  relex.RelationExtractor.processSentence(Ljava/lang/String;Lrelex/entity/EntityMaintainer;)Lrelex/Sentence;+37
j  tu.coreservice.splitter.PreliminarySplitter.apply(Ltu/model/knowledge/communication/ShortTermMemory;)Ltu/model/knowledge/communication/ShortTermMemory;+300
j  tu.coreservice.thinkinglifecycle.ThinkingLifeCycleMinimal.translate(Ltu/model/knowledge/Resource;Ltu/model/knowledge/communication/ShortTermMemory;)Ltu/model/knowledge/communication/ShortTermMemory;+180
j  tu.coreservice.thinkinglifecycle.ThinkingLifeCycleMinimal$$anonfun$1.apply(Ltu/model/knowledge/Resource;)Lscala/collection/immutable/List;+12
j  tu.coreservice.thinkinglifecycle.ThinkingLifeCycleMinimal$$anonfun$1.apply(Ljava/lang/Object;)Ljava/lang/Object;+5
j  scala.collection.TraversableLike$$anonfun$map$1.apply(Ljava/lang/Object;)Lscala/collection/mutable/Builder;+9
j  scala.collection.TraversableLike$$anonfun$map$1.apply(Ljava/lang/Object;)Ljava/lang/Object;+2
j  scala.collection.LinearSeqOptimized$class.foreach(Lscala/collection/LinearSeqOptimized;Lscala/Function1;)V+19
j  scala.collection.immutable.List.foreach(Lscala/Function1;)V+2
j  scala.collection.TraversableLike$class.map(Lscala/collection/TraversableLike;Lscala/Function1;Lscala/collection/generic/CanBuildFrom;)Ljava/lang/Object;+37
j  scala.collection.immutable.List.map(Lscala/Function1;Lscala/collection/generic/CanBuildFrom;)Ljava/lang/Object;+3
j  tu.coreservice.thinkinglifecycle.ThinkingLifeCycleMinimal.processResources(Lscala/collection/immutable/List;)Lscala/collection/immutable/List;+50
j  tu.coreservice.thinkinglifecycle.ThinkingLifeCycleMinimal.apply(Ltu/model/knowledge/communication/TrainingRequest;)Ltu/model/knowledge/communication/ShortTermMemory;+468
j  tu.coreservice.tinkinglifecycle.ThinkingLifeCycleTest$$anonfun$8.apply$mcV$sp()V+60
j  tu.coreservice.tinkinglifecycle.ThinkingLifeCycleTest$$anonfun$8.apply()V+1
j  tu.coreservice.tinkinglifecycle.ThinkingLifeCycleTest$$anonfun$8.apply()Ljava/lang/Object;+1
j  org.scalatest.FunSuite$$anon$1.apply()V+10
j  org.scalatest.Suite$class.withFixture(Lorg/scalatest/Suite;Lorg/scalatest/Suite$NoArgTest;)V+1
j  tu.coreservice.tinkinglifecycle.ThinkingLifeCycleTest.withFixture(Lorg/scalatest/Suite$NoArgTest;)V+2
j  org.scalatest.FunSuite$class.invokeWithFixture$1(Lorg/scalatest/FunSuite;Lorg/scalatest/SuperEngine$TestLeaf;Ljava/lang/String;Lscala/collection/immutable/Map;)V+16
j  org.scalatest.FunSuite$$anonfun$runTest$1.apply(Lorg/scalatest/SuperEngine$TestLeaf;)V+13
j  org.scalatest.FunSuite$$anonfun$runTest$1.apply(Ljava/lang/Object;)Ljava/lang/Object;+5
j  org.scalatest.SuperEngine.runTestImpl(Lorg/scalatest/Suite;Ljava/lang/String;Lorg/scalatest/Reporter;Lorg/scalatest/Stopper;Lscala/collection/immutable/Map;Lorg/scalatest/Tracker;ZLscala/Function1;)V+258
j  org.scalatest.FunSuite$class.runTest(Lorg/scalatest/FunSuite;Ljava/lang/String;Lorg/scalatest/Reporter;Lorg/scalatest/Stopper;Lscala/collection/immutable/Map;Lorg/scalatest/Tracker;)V+26
j  tu.coreservice.tinkinglifecycle.ThinkingLifeCycleTest.runTest(Ljava/lang/String;Lorg/scalatest/Reporter;Lorg/scalatest/Stopper;Lscala/collection/immutable/Map;Lorg/scalatest/Tracker;)V+8
j  org.scalatest.FunSuite$$anonfun$runTests$1.apply(Ljava/lang/String;Lorg/scalatest/Reporter;Lorg/scalatest/Stopper;Lscala/collection/immutable/Map;Lorg/scalatest/Tracker;)V+11
j  org.scalatest.FunSuite$$anonfun$runTests$1.apply(Ljava/lang/Object;Ljava/lang/Object;Ljava/lang/Object;Ljava/lang/Object;Ljava/lang/Object;)Ljava/lang/Object;+23
j  org.scalatest.SuperEngine.runTestsImpl(Lorg/scalatest/Suite;Lscala/Option;Lorg/scalatest/Reporter;Lorg/scalatest/Stopper;Lorg/scalatest/Filter;Lscala/collection/immutable/Map;Lscala/Option;Lorg/scalatest/Tracker;Lscala/Function1;ZLscala/Function5;)V+257
j  org.scalatest.FunSuite$class.runTests(Lorg/scalatest/FunSuite;Lscala/Option;Lorg/scalatest/Reporter;Lorg/scalatest/Stopper;Lorg/scalatest/Filter;Lscala/collection/immutable/Map;Lscala/Option;Lorg/scalatest/Tracker;)V+33
j  tu.coreservice.tinkinglifecycle.ThinkingLifeCycleTest.runTests(Lscala/Option;Lorg/scalatest/Reporter;Lorg/scalatest/Stopper;Lorg/scalatest/Filter;Lscala/collection/immutable/Map;Lscala/Option;Lorg/scalatest/Tracker;)V+12
j  org.scalatest.Suite$class.run(Lorg/scalatest/Suite;Lscala/Option;Lorg/scalatest/Reporter;Lorg/scalatest/Stopper;Lorg/scalatest/Filter;Lscala/collection/immutable/Map;Lscala/Option;Lorg/scalatest/Tracker;)V+200
j  tu.coreservice.tinkinglifecycle.ThinkingLifeCycleTest.org$scalatest$FunSuite$$super$run(Lscala/Option;Lorg/scalatest/Reporter;Lorg/scalatest/Stopper;Lorg/scalatest/Filter;Lscala/collection/immutable/Map;Lscala/Option;Lorg/scalatest/Tracker;)V+12
j  org.scalatest.FunSuite$$anonfun$run$1.apply(Lscala/Option;Lorg/scalatest/Reporter;Lorg/scalatest/Stopper;Lorg/scalatest/Filter;Lscala/collection/immutable/Map;Lscala/Option;Lorg/scalatest/Tracker;)V+15
j  org.scalatest.FunSuite$$anonfun$run$1.apply(Ljava/lang/Object;Ljava/lang/Object;Ljava/lang/Object;Ljava/lang/Object;Ljava/lang/Object;Ljava/lang/Object;Ljava/lang/Object;)Ljava/lang/Object;+33
j  org.scalatest.SuperEngine.runImpl(Lorg/scalatest/Suite;Lscala/Option;Lorg/scalatest/Reporter;Lorg/scalatest/Stopper;Lorg/scalatest/Filter;Lscala/collection/immutable/Map;Lscala/Option;Lorg/scalatest/Tracker;Lscala/Function7;)V+199
j  org.scalatest.FunSuite$class.run(Lorg/scalatest/FunSuite;Lscala/Option;Lorg/scalatest/Reporter;Lorg/scalatest/Stopper;Lorg/scalatest/Filter;Lscala/collection/immutable/Map;Lscala/Option;Lorg/scalatest/Tracker;)V+26
j  tu.coreservice.tinkinglifecycle.ThinkingLifeCycleTest.run(Lscala/Option;Lorg/scalatest/Reporter;Lorg/scalatest/Stopper;Lorg/scalatest/Filter;Lscala/collection/immutable/Map;Lscala/Option;Lorg/scalatest/Tracker;)V+12
v  ~StubRoutines::call_stub
j  sun.reflect.NativeMethodAccessorImpl.invoke0(Ljava/lang/reflect/Method;Ljava/lang/Object;[Ljava/lang/Object;)Ljava/lang/Object;+0
j  sun.reflect.NativeMethodAccessorImpl.invoke(Ljava/lang/Object;[Ljava/lang/Object;)Ljava/lang/Object;+87
j  sun.reflect.DelegatingMethodAccessorImpl.invoke(Ljava/lang/Object;[Ljava/lang/Object;)Ljava/lang/Object;+6
j  java.lang.reflect.Method.invoke(Ljava/lang/Object;[Ljava/lang/Object;)Ljava/lang/Object;+161
j  org.jetbrains.plugins.scala.testingSupport.scalaTest.ScalaTestRunner.runSingleTest(Ljava/lang/String;Ljava/lang/String;)V+207
j  org.jetbrains.plugins.scala.testingSupport.scalaTest.ScalaTestRunner.runScalaTest1([Ljava/lang/String;)V+578
j  org.jetbrains.plugins.scala.testingSupport.scalaTest.ScalaTestRunner.main([Ljava/lang/String;)V+14
v  ~StubRoutines::call_stub

---------------  P R O C E S S  ---------------

Java Threads: ( => current thread )
  0x8ebbdc00 JavaThread "Neo4j UDC Timer" daemon [_thread_blocked, id=2988, stack(0x8ecaf000,0x8ed00000)]
  0xb67b1c00 JavaThread "Low Memory Detector" daemon [_thread_blocked, id=2986, stack(0x8f380000,0x8f3d1000)]
  0xb67a6800 JavaThread "C2 CompilerThread1" daemon [_thread_blocked, id=2985, stack(0x8f3d1000,0x8f452000)]
  0xb67a4800 JavaThread "C2 CompilerThread0" daemon [_thread_blocked, id=2984, stack(0x8f452000,0x8f4d3000)]
  0x084d5800 JavaThread "JDWP Command Reader" daemon [_thread_in_native, id=2979, stack(0x8f4d3000,0x8f524000)]
  0xb67a2c00 JavaThread "JDWP Event Helper Thread" daemon [_thread_blocked, id=2978, stack(0x8f524000,0x8f575000)]
  0xb67a0400 JavaThread "JDWP Transport Listener: dt_socket" daemon [_thread_blocked, id=2977, stack(0x8f575000,0x8f5c6000)]
  0xb6797c00 JavaThread "Signal Dispatcher" daemon [_thread_blocked, id=2974, stack(0x8f5c6000,0x8f617000)]
  0xb678a000 JavaThread "Finalizer" daemon [_thread_blocked, id=2973, stack(0x8f617000,0x8f668000)]
  0xb6788800 JavaThread "Reference Handler" daemon [_thread_blocked, id=2972, stack(0x8f92e000,0x8f97f000)]
=>0xb6709000 JavaThread "main" [_thread_in_native, id=2968, stack(0xb68a7000,0xb68f8000)]

Other Threads:
  0xb6784c00 VMThread [stack: 0x8f97f000,0x8fa00000] [id=2971]
  0xb67b3800 WatcherThread [stack: 0x8f2ff000,0x8f380000] [id=2987]

VM state:not at safepoint (normal execution)

VM Mutex/Monitor currently owned by a thread: None

Heap
 PSYoungGen      total 50176K, used 15189K [0xa8cd0000, 0xac7f0000, 0xb3420000)
  eden space 45440K, 23% used [0xa8cd0000,0xa970dce8,0xab930000)
  from space 4736K, 99% used [0xac350000,0xac7e7918,0xac7f0000)
  to   space 6016K, 0% used [0xabc30000,0xabc30000,0xac210000)
 PSOldGen        total 46784K, used 30527K [0x93e20000, 0x96bd0000, 0xa8cd0000)
  object space 46784K, 65% used [0x93e20000,0x95befff0,0x96bd0000)
 PSPermGen       total 46080K, used 20579K [0x8fe20000, 0x92b20000, 0x93e20000)
  object space 46080K, 44% used [0x8fe20000,0x91238f90,0x92b20000)

Code Cache  [0xb34e7000, 0xb3727000, 0xb64e7000)
 total_blobs=574 nmethods=417 adapters=119 free_code_cache=48689216 largest_free_block=15488

Dynamic libraries:
08048000-08052000 r-xp 00000000 08:01 14166013   /usr/lib/jvm/java-6-sun-1.6.0.26/jre/bin/java
08052000-08053000 rwxp 00009000 08:01 14166013   /usr/lib/jvm/java-6-sun-1.6.0.26/jre/bin/java
084d3000-094e0000 rwxp 00000000 00:00 0          [heap]
8a500000-8a6d4000 rwxp 00000000 00:00 0 
8a6d4000-8a700000 ---p 00000000 00:00 0 
8a700000-8a8fe000 rwxp 00000000 00:00 0 
8a8fe000-8a900000 ---p 00000000 00:00 0 
8a900000-8ab00000 rwxp 00000000 00:00 0 
8ab00000-8ad00000 rwxp 00000000 00:00 0 
8ad00000-8af00000 rwxp 00000000 00:00 0 
8af00000-8affa000 rwxp 00000000 00:00 0 
8affa000-8b000000 ---p 00000000 00:00 0 
8b000000-8b100000 rwxp 00000000 00:00 0 
8b100000-8b1fa000 rwxp 00000000 00:00 0 
8b1fa000-8b200000 ---p 00000000 00:00 0 
8b200000-8b300000 rwxp 00000000 00:00 0 
8b300000-8b500000 rwxp 00000000 00:00 0 
8b500000-8b700000 rwxp 00000000 00:00 0 
8b700000-8b900000 rwxp 00000000 00:00 0 
8b900000-8ba00000 rwxp 00000000 00:00 0 
8c000000-8c200000 rwxp 00000000 00:00 0 
8c200000-8c400000 rwxp 00000000 00:00 0 
8c400000-8c4fa000 rwxp 00000000 00:00 0 
8c4fa000-8c500000 ---p 00000000 00:00 0 
8c500000-8c600000 rwxp 00000000 00:00 0 
8c600000-8c6fa000 rwxp 00000000 00:00 0 
8c6fa000-8c700000 ---p 00000000 00:00 0 
8c700000-8c800000 rwxp 00000000 00:00 0 
8c800000-8c9f9000 rwxp 00000000 00:00 0 
8c9f9000-8ca00000 ---p 00000000 00:00 0 
8ca00000-8cb00000 rwxp 00000000 00:00 0 
8cb00000-8ccfc000 rwxp 00000000 00:00 0 
8ccfc000-8cd00000 ---p 00000000 00:00 0 
8cd00000-8cdfa000 rwxp 00000000 00:00 0 
8cdfa000-8ce00000 ---p 00000000 00:00 0 
8ce00000-8cf00000 rwxp 00000000 00:00 0 
8cf00000-8cfd8000 rwxp 00000000 00:00 0 
8cfd8000-8d000000 ---p 00000000 00:00 0 
8d000000-8d0fa000 rwxp 00000000 00:00 0 
8d0fa000-8d100000 ---p 00000000 00:00 0 
8d100000-8d200000 rwxp 00000000 00:00 0 
8d800000-8d8c1000 rwxp 00000000 00:00 0 
8d8c1000-8d900000 ---p 00000000 00:00 0 
8d900000-8d9fb000 rwxp 00000000 00:00 0 
8d9fb000-8da00000 ---p 00000000 00:00 0 
8db00000-8dcfb000 rwxp 00000000 00:00 0 
8dcfb000-8dd00000 ---p 00000000 00:00 0 
8dd00000-8ddfb000 rwxp 00000000 00:00 0 
8ddfb000-8de00000 ---p 00000000 00:00 0 
8df00000-8dff6000 rwxp 00000000 00:00 0 
8dff6000-8e000000 ---p 00000000 00:00 0 
8e000000-8e0f9000 rwxp 00000000 00:00 0 
8e0f9000-8e100000 ---p 00000000 00:00 0 
8e100000-8e1ff000 rwxp 00000000 00:00 0 
8e1ff000-8e200000 ---p 00000000 00:00 0 
8e200000-8e2d0000 rwxp 00000000 00:00 0 
8e2d0000-8e300000 ---p 00000000 00:00 0 
8e300000-8e3fd000 rwxp 00000000 00:00 0 
8e3fd000-8e400000 ---p 00000000 00:00 0 
8e500000-8e5fe000 rwxp 00000000 00:00 0 
8e5fe000-8e600000 ---p 00000000 00:00 0 
8e700000-8e7fb000 rwxp 00000000 00:00 0 
8e7fb000-8e800000 ---p 00000000 00:00 0 
8e80a000-8e847000 r-xp 00000000 08:01 12199160   /usr/local/lib/liblink-grammar.so.4.7.6
8e847000-8e848000 r-xp 0003c000 08:01 12199160   /usr/local/lib/liblink-grammar.so.4.7.6
8e848000-8e849000 rwxp 0003d000 08:01 12199160   /usr/local/lib/liblink-grammar.so.4.7.6
8e849000-8e859000 rwxp 00000000 00:00 0 
8e87a000-8e8fc000 rwxp 00000000 00:00 0 
8e915000-8e918000 ---p 00000000 00:00 0 
8e918000-8e966000 rwxp 00000000 00:00 0 
8e966000-8e979000 r-xp 00000000 08:01 12732926   /lib/i386-linux-gnu/libresolv-2.15.so
8e979000-8e97a000 ---p 00013000 08:01 12732926   /lib/i386-linux-gnu/libresolv-2.15.so
8e97a000-8e97b000 r-xp 00013000 08:01 12732926   /lib/i386-linux-gnu/libresolv-2.15.so
8e97b000-8e97c000 rwxp 00014000 08:01 12732926   /lib/i386-linux-gnu/libresolv-2.15.so
8e97c000-8ea00000 rwxp 00000000 00:00 0 
8ea00000-8eafd000 rwxp 00000000 00:00 0 
8eafd000-8eb00000 ---p 00000000 00:00 0 
8eb00000-8ebf7000 rwxp 00000000 00:00 0 
8ebf7000-8ec00000 ---p 00000000 00:00 0 
8ec08000-8ec0a000 r-xp 00000000 08:01 12715050   /lib/libnss_mdns4_minimal.so.2
8ec0a000-8ec0b000 r-xp 00001000 08:01 12715050   /lib/libnss_mdns4_minimal.so.2
8ec0b000-8ec0c000 rwxp 00002000 08:01 12715050   /lib/libnss_mdns4_minimal.so.2
8ec20000-8ec27000 r-xs 00000000 08:01 12081076   /usr/lib/i386-linux-gnu/gconv/gconv-modules.cache
8ec27000-8ec2b000 r-xp 00000000 08:01 12199266   /usr/local/lib/liblink-grammar-java.so.4.7.6
8ec2b000-8ec2c000 r-xp 00003000 08:01 12199266   /usr/local/lib/liblink-grammar-java.so.4.7.6
8ec2c000-8ec2d000 rwxp 00004000 08:01 12199266   /usr/local/lib/liblink-grammar-java.so.4.7.6
8ec2d000-8ecaf000 rwxp 00000000 00:00 0 
8ecaf000-8ecb2000 ---p 00000000 00:00 0 
8ecb2000-8ed00000 rwxp 00000000 00:00 0 
8ed00000-8edff000 rwxp 00000000 00:00 0 
8edff000-8ee00000 ---p 00000000 00:00 0 
8ee03000-8ee05000 r-xp 00000000 08:01 12714032   /lib/libnss_mdns4.so.2
8ee05000-8ee06000 r-xp 00001000 08:01 12714032   /lib/libnss_mdns4.so.2
8ee06000-8ee07000 rwxp 00002000 08:01 12714032   /lib/libnss_mdns4.so.2
8ee07000-8ee0c000 r-xp 00000000 08:01 12732927   /lib/i386-linux-gnu/libnss_dns-2.15.so
8ee0c000-8ee0d000 r-xp 00004000 08:01 12732927   /lib/i386-linux-gnu/libnss_dns-2.15.so
8ee0d000-8ee0e000 rwxp 00005000 08:01 12732927   /lib/i386-linux-gnu/libnss_dns-2.15.so
8ee0e000-8ee15000 r-xs 00094000 08:01 11944625   /usr/lib/jvm/java-6-sun-1.6.0.26/jre/lib/jsse.jar
8ee15000-8ee29000 r-xp 00000000 08:01 14292977   /usr/lib/jvm/java-6-sun-1.6.0.26/jre/lib/i386/libnet.so
8ee29000-8ee2a000 rwxp 00013000 08:01 14292977   /usr/lib/jvm/java-6-sun-1.6.0.26/jre/lib/i386/libnet.so
8ee2a000-8ee2c000 r-xs 00013000 08:01 6035242    /home/max/bin/ideaIC-11.1.1/lib/idea_rt.jar
8ee2c000-8ee3e000 r-xs 000be000 08:01 6427911    /home/max/.m2/repository/com/sun/xml/bind/jaxb-impl/2.1.5/jaxb-impl-2.1.5.jar
8ee3e000-8ee40000 r-xs 0000e000 08:01 6428692    /home/max/.m2/repository/javax/activation/activation/1.1/activation-1.1.jar
8ee40000-8ee42000 r-xs 00004000 08:01 6428693    /home/max/.m2/repository/javax/xml/stream/stax-api/1.0-2/stax-api-1.0-2.jar
8ee42000-8ee46000 r-xs 00016000 08:01 6428700    /home/max/.m2/repository/javax/xml/bind/jaxb-api/2.1/jaxb-api-2.1.jar
8ee46000-8ee48000 r-xs 00002000 08:01 7865184    /home/max/.m2/repository/org/xeustechnologies/google-api/google-api-spelling-java/1.1/google-api-spelling-java-1.1.jar
8ee48000-8ee4d000 r-xs 00092000 08:01 6427535    /home/max/.m2/repository/org/opencog/relex/1.4.0/relex-1.4.0.jar
8ee4d000-8ee4e000 r-xs 0000e000 08:01 6559037    /home/max/.m2/repository/gnu/getopt/java-getopt/1.0.13/java-getopt-1.0.13.jar
8ee4e000-8ee56000 r-xs 00051000 08:01 6825355    /home/max/.m2/repository/gnu/trove/trove/1.0.2/trove-1.0.2.jar
8ee56000-8ee58000 r-xs 0000d000 08:01 6557275    /home/max/.m2/repository/commons-logging/commons-logging/1.1.1/commons-logging-1.1.1.jar
8ee58000-8ee5d000 r-xs 0002c000 08:01 6555138    /home/max/.m2/repository/net/sf/jwordnet/jwnl/1.4_rc3/jwnl-1.4_rc3.jar
8ee5d000-8ee60000 r-xs 00015000 08:01 7345883    /home/max/.m2/repository/opennlp/maxent/3.0.0/maxent-3.0.0.jar
8ee60000-8ee6b000 r-xs 0007a000 08:01 6559067    /home/max/.m2/repository/opennlp/opennlp-tools/1.5.0/opennlp-tools-1.5.0.jar
8ee6b000-8ee8b000 r-xs 00146000 08:01 6559053    /home/max/.m2/repository/owlapi/sourceforge/net/owlapi/2.2.0/owlapi-2.2.0.jar
8ee8b000-8ee8c000 r-xs 00005000 08:01 6297276    /home/max/.m2/repository/org/opencog/linkgrammar/4.7.6/linkgrammar-4.7.6.jar
8ee8c000-8eebb000 r-xs 003d0000 08:01 6297205    /home/max/.m2/repository/uk/ac/gate/gate/4.0/gate-4.0.jar
8eebb000-8eebd000 r-xs 00009000 08:01 6164786    /home/max/.m2/repository/org/neo4j/neo4j-jmx/1.6/neo4j-jmx-1.6.jar
8eebd000-8eee1000 r-xs 00147000 08:01 6164783    /home/max/.m2/repository/org/neo4j/neo4j-cypher/1.6/neo4j-cypher-1.6.jar
8eee1000-8eee3000 r-xs 0000b000 08:01 6164780    /home/max/.m2/repository/org/neo4j/neo4j-graph-matching/1.6/neo4j-graph-matching-1.6.jar
8eee3000-8eee4000 r-xs 00006000 08:01 6164777    /home/max/.m2/repository/org/neo4j/neo4j-udc/1.6/neo4j-udc-1.6.jar
8eee4000-8eee8000 r-xs 00022000 08:01 6164774    /home/max/.m2/repository/org/neo4j/neo4j-graph-algo/1.6/neo4j-graph-algo-1.6.jar
8eee8000-8ef00000 r-xs 0014e000 08:01 6164314    /home/max/.m2/repository/org/apache/lucene/lucene-core/3.5.0/lucene-core-3.5.0.jar
8ef00000-8effd000 rwxp 00000000 00:00 0 
8effd000-8f000000 ---p 00000000 00:00 0 
8f000000-8f007000 r-xp 00000000 08:01 14292978   /usr/lib/jvm/java-6-sun-1.6.0.26/jre/lib/i386/libnio.so
8f007000-8f008000 rwxp 00006000 08:01 14292978   /usr/lib/jvm/java-6-sun-1.6.0.26/jre/lib/i386/libnio.so
8f008000-8f00e000 r-xp 00000000 08:01 14292979   /usr/lib/jvm/java-6-sun-1.6.0.26/jre/lib/i386/libmanagement.so
8f00e000-8f00f000 rwxp 00005000 08:01 14292979   /usr/lib/jvm/java-6-sun-1.6.0.26/jre/lib/i386/libmanagement.so
8f00f000-8f03a000 r-xs 00282000 08:01 6035465    /home/max/.m2/repository/org/scalatest/scalatest_2.9.1/1.7.2/scalatest_2.9.1-1.7.2.jar
8f03a000-8f100000 r-xs 00a04000 08:01 6423979    /home/max/.m2/repository/org/scala-lang/scala-compiler/2.9.1/scala-compiler-2.9.1.jar
8f100000-8f1f8000 rwxp 00000000 00:00 0 
8f1f8000-8f200000 ---p 00000000 00:00 0 
8f200000-8f203000 r-xs 00020000 08:01 6035417    /home/max/.m2/repository/org/neo4j/neo4j-lucene-index/1.6/neo4j-lucene-index-1.6.jar
8f203000-8f204000 r-xs 00003000 08:01 6687912    /home/max/.m2/repository/org/apache/geronimo/specs/geronimo-jta_1.1_spec/1.1.1/geronimo-jta_1.1_spec-1.1.1.jar
8f204000-8f219000 r-xs 000fb000 08:01 6035414    /home/max/.m2/repository/org/neo4j/neo4j-kernel/1.6/neo4j-kernel-1.6.jar
8f219000-8f21a000 r-xs 00005000 08:01 6035411    /home/max/.m2/repository/org/neo4j/neo4j/1.6/neo4j-1.6.jar
8f21a000-8f21e000 r-xs 00027000 08:01 5912577    /home/max/.m2/repository/org/skife/com/typesafe/config/typesafe-config/0.3.0/typesafe-config-0.3.0.jar
8f21e000-8f227000 r-xs 0006d000 08:01 6035767    /home/max/.m2/repository/log4j/log4j/1.2.16/log4j-1.2.16.jar
8f227000-8f262000 r-xs 00288000 08:01 6164853    /home/max/.m2/repository/org/scala-tools/testing/specs_2.9.1/1.6.9/specs_2.9.1-1.6.9.jar
8f262000-8f2df000 r-xs 007f2000 08:01 6035410    /home/max/.m2/repository/org/scala-lang/scala-library/2.9.1/scala-library-2.9.1.jar
8f2df000-8f2ee000 r-xs 00667000 08:01 11944627   /usr/lib/jvm/java-6-sun-1.6.0.26/jre/lib/charsets.jar
8f2ee000-8f2ff000 r-xs 001ad000 08:01 11944665   /usr/lib/jvm/java-6-sun-1.6.0.26/jre/lib/plugin.jar
8f2ff000-8f300000 ---p 00000000 00:00 0 
8f300000-8f380000 rwxp 00000000 00:00 0 
8f380000-8f383000 ---p 00000000 00:00 0 
8f383000-8f3d1000 rwxp 00000000 00:00 0 
8f3d1000-8f3d4000 ---p 00000000 00:00 0 
8f3d4000-8f452000 rwxp 00000000 00:00 0 
8f452000-8f455000 ---p 00000000 00:00 0 
8f455000-8f4d3000 rwxp 00000000 00:00 0 
8f4d3000-8f4d6000 ---p 00000000 00:00 0 
8f4d6000-8f524000 rwxp 00000000 00:00 0 
8f524000-8f527000 ---p 00000000 00:00 0 
8f527000-8f575000 rwxp 00000000 00:00 0 
8f575000-8f578000 ---p 00000000 00:00 0 
8f578000-8f5c6000 rwxp 00000000 00:00 0 
8f5c6000-8f5c9000 ---p 00000000 00:00 0 
8f5c9000-8f617000 rwxp 00000000 00:00 0 
8f617000-8f61a000 ---p 00000000 00:00 0 
8f61a000-8f668000 rwxp 00000000 00:00 0 
8f668000-8f800000 r-xs 03029000 08:01 11944664   /usr/lib/jvm/java-6-sun-1.6.0.26/jre/lib/rt.jar
8f800000-8f858000 rwxp 00000000 00:00 0 
8f858000-8f900000 ---p 00000000 00:00 0 
8f902000-8f905000 r-xs 00013000 08:01 11944626   /usr/lib/jvm/java-6-sun-1.6.0.26/jre/lib/jce.jar
8f905000-8f916000 r-xs 0034a000 08:01 11944663   /usr/lib/jvm/java-6-sun-1.6.0.26/jre/lib/deploy.jar
8f916000-8f91d000 r-xs 00094000 08:01 11944625   /usr/lib/jvm/java-6-sun-1.6.0.26/jre/lib/jsse.jar
8f91d000-8f925000 r-xs 00115000 08:01 11944636   /usr/lib/jvm/java-6-sun-1.6.0.26/jre/lib/resources.jar
8f925000-8f92e000 r-xs 000d7000 08:01 11944659   /usr/lib/jvm/java-6-sun-1.6.0.26/jre/lib/javaws.jar
8f92e000-8f931000 ---p 00000000 00:00 0 
8f931000-8f97f000 rwxp 00000000 00:00 0 
8f97f000-8f980000 ---p 00000000 00:00 0 
8f980000-8fa00000 rwxp 00000000 00:00 0 
8fa00000-8fa21000 rwxp 00000000 00:00 0 
8fa21000-8fb00000 ---p 00000000 00:00 0 
8fb02000-8fb06000 r-xs 000cb000 08:01 13375604   /usr/lib/jvm/java-6-sun-1.6.0.26/jre/lib/ext/localedata.jar
8fb06000-8fb3a000 rwxp 00000000 00:00 0 
8fb3a000-8fb3b000 ---p 00000000 00:00 0 
8fb3b000-8fbbb000 rwxp 00000000 00:00 0 
8fbbb000-8fbbc000 ---p 00000000 00:00 0 
8fbbc000-8fc53000 rwxp 00000000 00:00 0 
8fc53000-8fc5c000 rwxp 00000000 00:00 0 
8fc5c000-8fc73000 rwxp 00000000 00:00 0 
8fc73000-8fd04000 rwxp 00000000 00:00 0 
8fd04000-8fd1b000 rwxp 00000000 00:00 0 
8fd1b000-8fd24000 rwxp 00000000 00:00 0 
8fd24000-8fd3b000 rwxp 00000000 00:00 0 
8fd3b000-8fdcb000 rwxp 00000000 00:00 0 
8fdcb000-8fde9000 rwxp 00000000 00:00 0 
8fde9000-8fdea000 ---p 00000000 00:00 0 
8fdea000-8fe1f000 rwxp 00000000 00:00 0 
8fe1f000-92b20000 rwxp 00000000 00:00 0 
92b20000-93e20000 rwxp 00000000 00:00 0 
93e20000-96bd0000 rwxp 00000000 00:00 0 
96bd0000-a8cd0000 rwxp 00000000 00:00 0 
a8cd0000-ac7f0000 rwxp 00000000 00:00 0 
ac7f0000-ac890000 ---p 00000000 00:00 0 
ac890000-b3420000 rwxp 00000000 00:00 0 
b3421000-b3427000 r-xs 00034000 08:01 6029635    /home/max/.m2/repository/junit/junit/4.8.1/junit-4.8.1.jar
b3427000-b3430000 rwxp 00000000 00:00 0 
b3430000-b34e7000 rwxp 00000000 00:00 0 
b34e7000-b3727000 rwxp 00000000 00:00 0 
b3727000-b64e7000 rwxp 00000000 00:00 0 
b64e7000-b64f2000 r-xp 00000000 08:01 12732925   /lib/i386-linux-gnu/libnss_files-2.15.so
b64f2000-b64f3000 r-xp 0000a000 08:01 12732925   /lib/i386-linux-gnu/libnss_files-2.15.so
b64f3000-b64f4000 rwxp 0000b000 08:01 12732925   /lib/i386-linux-gnu/libnss_files-2.15.so
b64f4000-b64fe000 r-xp 00000000 08:01 12732929   /lib/i386-linux-gnu/libnss_nis-2.15.so
b64fe000-b64ff000 r-xp 00009000 08:01 12732929   /lib/i386-linux-gnu/libnss_nis-2.15.so
b64ff000-b6500000 rwxp 0000a000 08:01 12732929   /lib/i386-linux-gnu/libnss_nis-2.15.so
b6500000-b6700000 r-xp 00000000 08:01 11803305   /usr/lib/locale/locale-archive
b6700000-b67fb000 rwxp 00000000 00:00 0 
b67fb000-b6800000 ---p 00000000 00:00 0 
b6800000-b6803000 r-xs 00027000 08:01 13375598   /usr/lib/jvm/java-6-sun-1.6.0.26/jre/lib/ext/sunjce_provider.jar
b6803000-b683d000 r-xp 00000000 08:01 14293000   /usr/lib/jvm/java-6-sun-1.6.0.26/jre/lib/i386/libjdwp.so
b683d000-b683e000 rwxp 00039000 08:01 14293000   /usr/lib/jvm/java-6-sun-1.6.0.26/jre/lib/i386/libjdwp.so
b683e000-b6854000 r-xp 00000000 08:01 12732941   /lib/i386-linux-gnu/libnsl-2.15.so
b6854000-b6855000 r-xp 00015000 08:01 12732941   /lib/i386-linux-gnu/libnsl-2.15.so
b6855000-b6856000 rwxp 00016000 08:01 12732941   /lib/i386-linux-gnu/libnsl-2.15.so
b6856000-b6858000 rwxp 00000000 00:00 0 
b6858000-b685a000 r-xs 00005000 08:01 7221968    /home/max/.m2/repository/org/slf4j/slf4j-api/1.6.4/slf4j-api-1.6.4.jar
b685a000-b685b000 r-xs 00002000 08:01 7085359    /home/max/.m2/repository/org/slf4j/slf4j-log4j12/1.6.4/slf4j-log4j12-1.6.4.jar
b685b000-b685e000 r-xs 00013000 08:01 11944626   /usr/lib/jvm/java-6-sun-1.6.0.26/jre/lib/jce.jar
b685e000-b6860000 r-xs 00007000 08:01 7476200    /home/max/.IdeaIC11/config/plugins/Scala/lib/scala-plugin-runners.jar
b6860000-b686f000 r-xp 00000000 08:01 14292973   /usr/lib/jvm/java-6-sun-1.6.0.26/jre/lib/i386/libzip.so
b686f000-b6871000 rwxp 0000e000 08:01 14292973   /usr/lib/jvm/java-6-sun-1.6.0.26/jre/lib/i386/libzip.so
b6871000-b6879000 rwxs 00000000 08:01 8651277    /tmp/hsperfdata_max/2967
b6879000-b689c000 r-xp 00000000 08:01 14292972   /usr/lib/jvm/java-6-sun-1.6.0.26/jre/lib/i386/libjava.so
b689c000-b689e000 rwxp 00023000 08:01 14292972   /usr/lib/jvm/java-6-sun-1.6.0.26/jre/lib/i386/libjava.so
b689e000-b68a5000 r-xp 00000000 08:01 12732928   /lib/i386-linux-gnu/librt-2.15.so
b68a5000-b68a6000 r-xp 00006000 08:01 12732928   /lib/i386-linux-gnu/librt-2.15.so
b68a6000-b68a7000 rwxp 00007000 08:01 12732928   /lib/i386-linux-gnu/librt-2.15.so
b68a7000-b68aa000 ---p 00000000 00:00 0 
b68aa000-b68f8000 rwxp 00000000 00:00 0 
b68f8000-b6922000 r-xp 00000000 08:01 12732932   /lib/i386-linux-gnu/libm-2.15.so
b6922000-b6923000 r-xp 00029000 08:01 12732932   /lib/i386-linux-gnu/libm-2.15.so
b6923000-b6924000 rwxp 0002a000 08:01 12732932   /lib/i386-linux-gnu/libm-2.15.so
b6924000-b70d6000 r-xp 00000000 08:01 14292965   /usr/lib/jvm/java-6-sun-1.6.0.26/jre/lib/i386/server/libjvm.so
b70d6000-b712a000 rwxp 007b1000 08:01 14292965   /usr/lib/jvm/java-6-sun-1.6.0.26/jre/lib/i386/server/libjvm.so
b712a000-b754a000 rwxp 00000000 00:00 0 
b754a000-b76ed000 r-xp 00000000 08:01 12732921   /lib/i386-linux-gnu/libc-2.15.so
b76ed000-b76ee000 ---p 001a3000 08:01 12732921   /lib/i386-linux-gnu/libc-2.15.so
b76ee000-b76f0000 r-xp 001a3000 08:01 12732921   /lib/i386-linux-gnu/libc-2.15.so
b76f0000-b76f1000 rwxp 001a5000 08:01 12732921   /lib/i386-linux-gnu/libc-2.15.so
b76f1000-b76f4000 rwxp 00000000 00:00 0 
b76f4000-b76f7000 r-xp 00000000 08:01 12732936   /lib/i386-linux-gnu/libdl-2.15.so
b76f7000-b76f8000 r-xp 00002000 08:01 12732936   /lib/i386-linux-gnu/libdl-2.15.so
b76f8000-b76f9000 rwxp 00003000 08:01 12732936   /lib/i386-linux-gnu/libdl-2.15.so
b76f9000-b7700000 r-xp 00000000 08:01 14423711   /usr/lib/jvm/java-6-sun-1.6.0.26/jre/lib/i386/jli/libjli.so
b7700000-b7702000 rwxp 00006000 08:01 14423711   /usr/lib/jvm/java-6-sun-1.6.0.26/jre/lib/i386/jli/libjli.so
b7702000-b7719000 r-xp 00000000 08:01 12732930   /lib/i386-linux-gnu/libpthread-2.15.so
b7719000-b771a000 r-xp 00016000 08:01 12732930   /lib/i386-linux-gnu/libpthread-2.15.so
b771a000-b771b000 rwxp 00017000 08:01 12732930   /lib/i386-linux-gnu/libpthread-2.15.so
b771b000-b771e000 rwxp 00000000 00:00 0 
b771e000-b771f000 r-xs 00000000 08:01 11944632   /usr/lib/jvm/java-6-sun-1.6.0.26/jre/lib/management-agent.jar
b771f000-b7722000 r-xp 00000000 08:01 14293001   /usr/lib/jvm/java-6-sun-1.6.0.26/jre/lib/i386/libdt_socket.so
b7722000-b7723000 rwxp 00003000 08:01 14293001   /usr/lib/jvm/java-6-sun-1.6.0.26/jre/lib/i386/libdt_socket.so
b7723000-b772a000 r-xp 00000000 08:01 12732923   /lib/i386-linux-gnu/libnss_compat-2.15.so
b772a000-b772b000 r-xp 00006000 08:01 12732923   /lib/i386-linux-gnu/libnss_compat-2.15.so
b772b000-b772c000 rwxp 00007000 08:01 12732923   /lib/i386-linux-gnu/libnss_compat-2.15.so
b772c000-b772d000 r-xp 002c5000 08:01 11803305   /usr/lib/locale/locale-archive
b772d000-b7730000 r-xp 00000000 08:01 14292974   /usr/lib/jvm/java-6-sun-1.6.0.26/jre/lib/i386/libnpt.so
b7730000-b7731000 rwxp 00002000 08:01 14292974   /usr/lib/jvm/java-6-sun-1.6.0.26/jre/lib/i386/libnpt.so
b7731000-b7732000 rwxp 00000000 00:00 0 
b7732000-b7733000 r-xp 00000000 00:00 0 
b7733000-b773e000 r-xp 00000000 08:01 14292971   /usr/lib/jvm/java-6-sun-1.6.0.26/jre/lib/i386/libverify.so
b773e000-b773f000 rwxp 0000b000 08:01 14292971   /usr/lib/jvm/java-6-sun-1.6.0.26/jre/lib/i386/libverify.so
b773f000-b7741000 rwxp 00000000 00:00 0 
b7741000-b7742000 r-xp 00000000 00:00 0          [vdso]
b7742000-b7762000 r-xp 00000000 08:01 12732933   /lib/i386-linux-gnu/ld-2.15.so
b7762000-b7763000 r-xp 0001f000 08:01 12732933   /lib/i386-linux-gnu/ld-2.15.so
b7763000-b7764000 rwxp 00020000 08:01 12732933   /lib/i386-linux-gnu/ld-2.15.so
bfc4f000-bfc71000 rwxp 00000000 00:00 0          [stack]

VM Arguments:
jvm_args: -agentlib:jdwp=transport=dt_socket,address=127.0.0.1:47433,suspend=y,server=n -Djava.library.path=/usr/local/lib -Dlog4j.configuration=file:log4j.properties -Dspecs2.ex=Training: Browser is an object -Dfile.encoding=UTF-8 
java_command: org.jetbrains.plugins.scala.testingSupport.scalaTest.ScalaTestRunner -s tu.coreservice.tinkinglifecycle.ThinkingLifeCycleTest -testName Training: Browser is an object -showProgressMessages true -C org.jetbrains.plugins.scala.testingSupport.scalaTest.ScalaTestReporter
Launcher Type: SUN_STANDARD

Environment Variables:
CLASSPATH=../lib/bootstrap.jar:../lib/util.jar:../lib/jdom.jar:../lib/log4j.jar:../lib/extensions.jar:../lib/trove4j.jar:../lib/jna.jar:/usr/lib/jvm/java-6-openjdk-i386/lib/tools.jar:
PATH=~/bin/apache-maven-3.0.4/bin:/home/max/bin:/usr/lib/lightdm/lightdm:/usr/local/sbin:/usr/local/bin:/usr/sbin:/usr/bin:/sbin:/bin:/usr/games
LD_LIBRARY_PATH=/usr/lib/jvm/java-6-sun-1.6.0.26/jre/lib/i386/server:/usr/lib/jvm/java-6-sun-1.6.0.26/jre/lib/i386:/usr/lib/jvm/java-6-sun-1.6.0.26/jre/../lib/i386:/usr/lib/jvm/java-6-openjdk-i386/jre/lib/i386/server:/usr/lib/jvm/java-6-openjdk-i386/jre/lib/i386:/usr/lib/jvm/java-6-openjdk-i386/jre/../lib/i386:.:
SHELL=/bin/bash
DISPLAY=:0

Signal Handlers:
SIGSEGV: [libjvm.so+0x725510], sa_mask[0]=0x7ffbfeff, sa_flags=0x10000004
SIGBUS: [libjvm.so+0x725510], sa_mask[0]=0x7ffbfeff, sa_flags=0x10000004
SIGFPE: [libjvm.so+0x5dff20], sa_mask[0]=0x7ffbfeff, sa_flags=0x10000004
SIGPIPE: [libjvm.so+0x5dff20], sa_mask[0]=0x7ffbfeff, sa_flags=0x10000004
SIGXFSZ: [libjvm.so+0x5dff20], sa_mask[0]=0x7ffbfeff, sa_flags=0x10000004
SIGILL: [libjvm.so+0x5dff20], sa_mask[0]=0x7ffbfeff, sa_flags=0x10000004
SIGUSR1: SIG_DFL, sa_mask[0]=0x00000000, sa_flags=0x00000000
SIGUSR2: [libjvm.so+0x5e3160], sa_mask[0]=0x00000004, sa_flags=0x10000004
SIGHUP: [libjvm.so+0x5e2d40], sa_mask[0]=0x7ffbfeff, sa_flags=0x10000004
SIGINT: [libjvm.so+0x5e2d40], sa_mask[0]=0x7ffbfeff, sa_flags=0x10000004
SIGTERM: [libjvm.so+0x5e2d40], sa_mask[0]=0x7ffbfeff, sa_flags=0x10000004
SIGQUIT: [libjvm.so+0x5e2d40], sa_mask[0]=0x7ffbfeff, sa_flags=0x10000004


---------------  S Y S T E M  ---------------

OS:wheezy/sid

uname:Linux 3.2.0-33-generic #52-Ubuntu SMP Thu Oct 18 16:19:45 UTC 2012 i686
libc:glibc 2.15 NPTL 2.15 
rlimit: STACK 8192k, CORE 0k, NPROC 15864, NOFILE 4096, AS infinity
load average:1.29 0.95 1.01

/proc/meminfo:
MemTotal:        2052492 kB
MemFree:          192464 kB
Buffers:           48732 kB
Cached:           535600 kB
SwapCached:        47276 kB
Active:          1040520 kB
Inactive:         740896 kB
Active(anon):     877076 kB
Inactive(anon):   526096 kB
Active(file):     163444 kB
Inactive(file):   214800 kB
Unevictable:           0 kB
Mlocked:               0 kB
HighTotal:       1178380 kB
HighFree:          26200 kB
LowTotal:         874112 kB
LowFree:          166264 kB
SwapTotal:       6142972 kB
SwapFree:        5941936 kB
Dirty:               192 kB
Writeback:             0 kB
AnonPages:       1161448 kB
Mapped:           135860 kB
Shmem:            206016 kB
Slab:              40696 kB
SReclaimable:      22544 kB
SUnreclaim:        18152 kB
KernelStack:        4520 kB
PageTables:        13660 kB
NFS_Unstable:          0 kB
Bounce:                0 kB
WritebackTmp:          0 kB
CommitLimit:     7169216 kB
Committed_AS:    4532532 kB
VmallocTotal:     122880 kB
VmallocUsed:       12288 kB
VmallocChunk:     106364 kB
HardwareCorrupted:     0 kB
AnonHugePages:         0 kB
HugePages_Total:       0
HugePages_Free:        0
HugePages_Rsvd:        0
HugePages_Surp:        0
Hugepagesize:       4096 kB
DirectMap4k:       16376 kB
DirectMap4M:      892928 kB


CPU:total 2 (2 cores per cpu, 1 threads per core) family 6 model 15 stepping 13, cmov, cx8, fxsr, mmx, sse, sse2, sse3, ssse3

/proc/cpuinfo:
processor	: 0
vendor_id	: GenuineIntel
cpu family	: 6
model		: 15
model name	: Intel(R) Core(TM)2 Duo CPU     T5670  @ 1.80GHz
stepping	: 13
microcode	: 0xa3
cpu MHz		: 1801.000
cache size	: 2048 KB
physical id	: 0
siblings	: 2
core id		: 0
cpu cores	: 2
apicid		: 0
initial apicid	: 0
fdiv_bug	: no
hlt_bug		: no
f00f_bug	: no
coma_bug	: no
fpu		: yes
fpu_exception	: yes
cpuid level	: 10
wp		: yes
flags		: fpu vme de pse tsc msr pae mce cx8 apic mtrr pge mca cmov pat pse36 clflush dts acpi mmx fxsr sse sse2 ss ht tm pbe nx lm constant_tsc arch_perfmon pebs bts aperfmperf pni dtes64 monitor ds_cpl est tm2 ssse3 cx16 xtpr pdcm lahf_lm ida dtherm
bogomips	: 3590.75
clflush size	: 64
cache_alignment	: 64
address sizes	: 36 bits physical, 48 bits virtual
power management:

processor	: 1
vendor_id	: GenuineIntel
cpu family	: 6
model		: 15
model name	: Intel(R) Core(TM)2 Duo CPU     T5670  @ 1.80GHz
stepping	: 13
microcode	: 0xa3
cpu MHz		: 1801.000
cache size	: 2048 KB
physical id	: 0
siblings	: 2
core id		: 1
cpu cores	: 2
apicid		: 1
initial apicid	: 1
fdiv_bug	: no
hlt_bug		: no
f00f_bug	: no
coma_bug	: no
fpu		: yes
fpu_exception	: yes
cpuid level	: 10
wp		: yes
flags		: fpu vme de pse tsc msr pae mce cx8 apic mtrr pge mca cmov pat pse36 clflush dts acpi mmx fxsr sse sse2 ss ht tm pbe nx lm constant_tsc arch_perfmon pebs bts aperfmperf pni dtes64 monitor ds_cpl est tm2 ssse3 cx16 xtpr pdcm lahf_lm ida dtherm
bogomips	: 3591.00
clflush size	: 64
cache_alignment	: 64
address sizes	: 36 bits physical, 48 bits virtual
power management:



Memory: 4k page, physical 2052492k(192464k free), swap 6142972k(5941936k free)

vm_info: Java HotSpot(TM) Server VM (20.1-b02) for linux-x86 JRE (1.6.0_26-b03), built on May  4 2011 01:04:10 by "java_re" with gcc 3.2.1-7a (J2SE release)

time: Tue Nov 27 00:11:23 2012
elapsed time: 7786 seconds

