\BOOKMARK [1][-]{section.1}{Introduction}{}% 1
\BOOKMARK [1][-]{section.2}{Bases}{}% 2
\BOOKMARK [1][-]{section.3}{Emotional Feedback Loops}{}% 3
\BOOKMARK [1][-]{section.4}{Neuromodulatory Basis of Artificial Emotions}{}% 4
\BOOKMARK [2][-]{subsection.4.1}{Fear/terror and anger/range}{section.4}% 5
\BOOKMARK [2][-]{subsection.4.2}{Shame/humiliation and distress/anguish}{section.4}% 6
\BOOKMARK [2][-]{subsection.4.3}{Interest/excitement and enjoyment/joy}{section.4}% 7
\BOOKMARK [2][-]{subsection.4.4}{Contempt/disgust}{section.4}% 8
\BOOKMARK [2][-]{subsection.4.5}{Surprise}{section.4}% 9
\BOOKMARK [1][-]{section.5}{Neuromodulators to Computing Parameters Mapping}{}% 10
\BOOKMARK [2][-]{subsection.5.1}{Dopamine}{section.5}% 11
\BOOKMARK [2][-]{subsection.5.2}{Serotonin}{section.5}% 12
\BOOKMARK [2][-]{subsection.5.3}{Noradrenaline}{section.5}% 13
\BOOKMARK [2][-]{subsection.5.4}{Computational system parameters}{section.5}% 14
\BOOKMARK [2][-]{subsection.5.5}{Computing system parameters}{section.5}% 15
\BOOKMARK [3][-]{subsubsection.5.5.1}{Generic}{subsection.5.5}% 16
\BOOKMARK [3][-]{subsubsection.5.5.2}{Decision making}{subsection.5.5}% 17
\BOOKMARK [1][-]{section.6}{Cognitive Architecture Analysis}{}% 18
\BOOKMARK [1][-]{section.7}{Possible implementation and validation}{}% 19
\BOOKMARK [1][-]{section.8}{Conclusion}{}% 20
\BOOKMARK [1][-]{section.9}{Acknowledgment}{}% 21
