#
# A fatal error has been detected by the Java Runtime Environment:
#
#  SIGSEGV (0xb) at pc=0x0001aee0, pid=3214, tid=3061521264
#
# JRE version: 6.0_23-b23
# Java VM: OpenJDK Server VM (20.0-b11 mixed mode linux-x86 )
# Derivative: IcedTea6 1.11pre
# Distribution: Ubuntu 11.10, package 6b23~pre11-0ubuntu1.11.10.2
# Problematic frame:
# C  0x0001aee0
[error occurred during error reporting (printing problematic frame), id 0xb]

# If you would like to submit a bug report, please include
# instructions how to reproduce the bug and visit:
#   https://bugs.launchpad.net/ubuntu/+source/openjdk-6/
# The crash happened outside the Java Virtual Machine in native code.
# See problematic frame for where to report the bug.
#

---------------  T H R E A D  ---------------

Current thread (0x08101000):  JavaThread "main" [_thread_in_native, id=3219, stack(0xb6761000,0xb67b2000)]

siginfo:si_signo=SIGSEGV: si_errno=0, si_code=1 (SEGV_MAPERR), si_addr=0x0001aee0

Registers:
EAX=0xbfa9be34, EBX=0xb7773ff4, ECX=0x0000000b, EDX=0x00000005
ESP=0xb67af3fc, EBP=0x6a6fce88, ESI=0x00000000, EDI=0x0000000b
EIP=0x0001aee0, EFLAGS=0x00210246, CR2=0x0001aee0

Top of Stack: (sp=0xb67af3fc)
0xb67af3fc:   b77637fb 00000005 bfa9be34 bfa9be4c
0xb67af40c:   00000005 00000000 b7712000 b7714404
0xb67af41c:   082671b0 00000005 bfa9be34 bfa9be4c
0xb67af42c:   6a6fce88 00000034 b7768c10 6ab10eac
0xb67af43c:   b7773ff4 080fbbd0 0000000c 00000005
0xb67af44c:   b77638e4 bfa9be34 bfa9be4c 00000034
0xb67af45c:   00000003 00000003 00000005 bfa9be34
0xb67af46c:   b772c180 00000000 00000000 b776387b 

Instructions: (pc=0x0001aee0)
0x0001aec0:   
[error occurred during error reporting (printing registers, top of stack, instructions near pc), id 0xb]

Register to memory mapping:

EAX=0xbfa9be34 is an unknown value
EBX=0xb7773ff4: <offset 0x1eff4> in /lib/ld-linux.so.2 at 0xb7755000
ECX=0x0000000b is an unknown value
EDX=0x00000005 is an unknown value
ESP=0xb67af3fc is pointing into the stack for thread: 0x08101000
EBP=0x6a6fce88: <offset 0x59e88> in /opt/opencog/bin/opencog/util/libutil.so at 0x6a6a3000
ESI=0x00000000 is an unknown value
EDI=0x0000000b is an unknown value


Stack: [0xb6761000,0xb67b2000],  sp=0xb67af3fc,  free space=312k
Native frames: (J=compiled Java code, j=interpreted, Vv=VM code, C=native code)
C  0x0001aee0
[error occurred during error reporting (printing native stack), id 0xb]

Java frames: (J=compiled Java code, j=interpreted, Vv=VM code)
j  java.lang.ClassLoader$NativeLibrary.load(Ljava/lang/String;)V+0
j  java.lang.ClassLoader.loadLibrary0(Ljava/lang/Class;Ljava/io/File;)Z+300
j  java.lang.ClassLoader.loadLibrary(Ljava/lang/Class;Ljava/lang/String;Z)V+268
j  java.lang.Runtime.loadLibrary0(Ljava/lang/Class;Ljava/lang/String;)V+54
j  java.lang.System.loadLibrary(Ljava/lang/String;)V+7
j  fi.neter.PLNTest.<init>()V+11
v  ~StubRoutines::call_stub
j  sun.reflect.NativeConstructorAccessorImpl.newInstance0(Ljava/lang/reflect/Constructor;[Ljava/lang/Object;)Ljava/lang/Object;+0
j  sun.reflect.NativeConstructorAccessorImpl.newInstance([Ljava/lang/Object;)Ljava/lang/Object;+72
j  sun.reflect.DelegatingConstructorAccessorImpl.newInstance([Ljava/lang/Object;)Ljava/lang/Object;+5
j  java.lang.reflect.Constructor.newInstance([Ljava/lang/Object;)Ljava/lang/Object;+92
j  org.junit.runners.BlockJUnit4ClassRunner.createTest()Ljava/lang/Object;+11
j  org.junit.runners.BlockJUnit4ClassRunner$1.runReflectiveCall()Ljava/lang/Object;+4
j  org.junit.internal.runners.model.ReflectiveCallable.run()Ljava/lang/Object;+1
j  org.junit.runners.BlockJUnit4ClassRunner.methodBlock(Lorg/junit/runners/model/FrameworkMethod;)Lorg/junit/runners/model/Statement;+8
j  org.junit.runners.BlockJUnit4ClassRunner.runChild(Lorg/junit/runners/model/FrameworkMethod;Lorg/junit/runner/notification/RunNotifier;)V+28
j  org.junit.runners.BlockJUnit4ClassRunner.runChild(Ljava/lang/Object;Lorg/junit/runner/notification/RunNotifier;)V+6
j  org.junit.runners.ParentRunner$3.run()V+12
j  org.junit.runners.ParentRunner$1.schedule(Ljava/lang/Runnable;)V+1
j  org.junit.runners.ParentRunner.runChildren(Lorg/junit/runner/notification/RunNotifier;)V+40
j  org.junit.runners.ParentRunner.access$000(Lorg/junit/runners/ParentRunner;Lorg/junit/runner/notification/RunNotifier;)V+2
j  org.junit.runners.ParentRunner$2.evaluate()V+8
j  org.junit.runners.ParentRunner.run(Lorg/junit/runner/notification/RunNotifier;)V+20
j  org.apache.maven.surefire.junit4.JUnit4TestSet.execute(Lorg/apache/maven/surefire/report/ReporterManager;Ljava/lang/ClassLoader;)V+41
j  org.apache.maven.surefire.suite.AbstractDirectoryTestSuite.executeTestSet(Lorg/apache/maven/surefire/testset/SurefireTestSet;Lorg/apache/maven/surefire/report/ReporterManagerFactory;Ljava/lang/ClassLoader;)V+51
j  org.apache.maven.surefire.suite.AbstractDirectoryTestSuite.execute(Lorg/apache/maven/surefire/report/ReporterManagerFactory;Ljava/lang/ClassLoader;)V+57
j  org.apache.maven.surefire.Surefire.run(Ljava/util/List;Ljava/util/List;Ljava/lang/ClassLoader;Ljava/lang/ClassLoader;Ljava/lang/Boolean;)I+163
v  ~StubRoutines::call_stub
j  sun.reflect.NativeMethodAccessorImpl.invoke0(Ljava/lang/reflect/Method;Ljava/lang/Object;[Ljava/lang/Object;)Ljava/lang/Object;+0
j  sun.reflect.NativeMethodAccessorImpl.invoke(Ljava/lang/Object;[Ljava/lang/Object;)Ljava/lang/Object;+87
j  sun.reflect.DelegatingMethodAccessorImpl.invoke(Ljava/lang/Object;[Ljava/lang/Object;)Ljava/lang/Object;+6
j  java.lang.reflect.Method.invoke(Ljava/lang/Object;[Ljava/lang/Object;)Ljava/lang/Object;+161
j  org.apache.maven.surefire.booter.SurefireBooter.runSuitesInProcess()I+303
j  org.apache.maven.surefire.booter.SurefireBooter.main([Ljava/lang/String;)V+739
v  ~StubRoutines::call_stub

---------------  P R O C E S S  ---------------

Java Threads: ( => current thread )
  0x6aa02000 JavaThread "Low Memory Detector" daemon [_thread_blocked, id=3231, stack(0x6ab2e000,0x6ab7f000)]
  0x081a1400 JavaThread "C2 CompilerThread1" daemon [_thread_blocked, id=3230, stack(0x6a97f000,0x6aa00000)]
  0x0819f400 JavaThread "C2 CompilerThread0" daemon [_thread_blocked, id=3229, stack(0x6ab7f000,0x6ac00000)]
  0x0819e000 JavaThread "Signal Dispatcher" daemon [_thread_blocked, id=3227, stack(0x6ac00000,0x6ac51000)]
  0x0818b000 JavaThread "Finalizer" daemon [_thread_blocked, id=3226, stack(0x6ae51000,0x6aea2000)]
  0x08189800 JavaThread "Reference Handler" daemon [_thread_blocked, id=3225, stack(0x6aea2000,0x6aef3000)]
=>0x08101000 JavaThread "main" [_thread_in_native, id=3219, stack(0xb6761000,0xb67b2000)]

Other Threads:
  0x08185c00 VMThread [stack: 0x6aef3000,0x6af74000] [id=3224]
  0x6aa04000 WatcherThread [stack: 0x6a8fe000,0x6a97f000] [id=3232]

VM state:not at safepoint (normal execution)

VM Mutex/Monitor currently owned by a thread: None

Heap
 PSYoungGen      total 19136K, used 3637K [0x9e0c0000, 0x9f610000, 0xb3610000)
  eden space 16448K, 22% used [0x9e0c0000,0x9e44d7c8,0x9f0d0000)
  from space 2688K, 0% used [0x9f370000,0x9f370000,0x9f610000)
  to   space 2688K, 0% used [0x9f0d0000,0x9f0d0000,0x9f370000)
 PSOldGen        total 43712K, used 0K [0x73610000, 0x760c0000, 0x9e0c0000)
  object space 43712K, 0% used [0x73610000,0x73610000,0x760c0000)
 PSPermGen       total 16384K, used 3635K [0x6b610000, 0x6c610000, 0x73610000)
  object space 16384K, 22% used [0x6b610000,0x6b99cdf0,0x6c610000)

Code Cache  [0xb36da000, 0xb391a000, 0xb66da000)
 total_blobs=129 nmethods=15 adapters=69 free_code_cache=50001280 largest_free_block=9280

Dynamic libraries:
08048000-08051000 r-xp 00000000 08:11 2108205    /usr/lib/jvm/java-6-openjdk/jre/bin/java
08051000-08052000 r--p 00008000 08:11 2108205    /usr/lib/jvm/java-6-openjdk/jre/bin/java
08052000-08053000 rw-p 00009000 08:11 2108205    /usr/lib/jvm/java-6-openjdk/jre/bin/java
080fa000-082bb000 rw-p 00000000 00:00 0          [heap]
68ced000-68cf4000 r--s 00000000 08:11 393647     /usr/lib/i386-linux-gnu/gconv/gconv-modules.cache
68cf4000-68cfc000 r-xp 00000000 08:11 11403270   /lib/i386-linux-gnu/libcrypt-2.13.so
68cfc000-68cfd000 r--p 00007000 08:11 11403270   /lib/i386-linux-gnu/libcrypt-2.13.so
68cfd000-68cfe000 rw-p 00008000 08:11 11403270   /lib/i386-linux-gnu/libcrypt-2.13.so
68cfe000-68d25000 rw-p 00000000 00:00 0 
68d25000-68d93000 r-xp 00000000 08:11 262395     /usr/lib/libgmp.so.10.0.1
68d93000-68d94000 r--p 0006d000 08:11 262395     /usr/lib/libgmp.so.10.0.1
68d94000-68d9b000 rw-p 0006e000 08:11 262395     /usr/lib/libgmp.so.10.0.1
68d9b000-68dd7000 r-xp 00000000 08:11 269117     /usr/lib/libgslcblas.so.0.0.0
68dd7000-68dd8000 r--p 0003b000 08:11 269117     /usr/lib/libgslcblas.so.0.0.0
68dd8000-68dd9000 rw-p 0003c000 08:11 269117     /usr/lib/libgslcblas.so.0.0.0
68dd9000-68fef000 r-xp 00000000 08:11 265249     /usr/lib/libgsl.so.0.16.0
68fef000-68ff1000 r--p 00215000 08:11 265249     /usr/lib/libgsl.so.0.16.0
68ff1000-68ffe000 rw-p 00217000 08:11 265249     /usr/lib/libgsl.so.0.16.0
68ffe000-6912a000 r-xp 00000000 08:11 25839740   /opt/opencog/bin/opencog/spatial/libSpaceMap.so
6912a000-6912c000 r--p 0012b000 08:11 25839740   /opt/opencog/bin/opencog/spatial/libSpaceMap.so
6912c000-69130000 rw-p 0012d000 08:11 25839740   /opt/opencog/bin/opencog/spatial/libSpaceMap.so
69130000-69216000 r-xp 00000000 08:11 264171     /usr/lib/libguile.so.17.4.0
69216000-69217000 ---p 000e6000 08:11 264171     /usr/lib/libguile.so.17.4.0
69217000-69219000 r--p 000e6000 08:11 264171     /usr/lib/libguile.so.17.4.0
69219000-6921a000 rw-p 000e8000 08:11 264171     /usr/lib/libguile.so.17.4.0
6921a000-69224000 rw-p 00000000 00:00 0 
69224000-6928a000 r-xp 00000000 08:11 263689     /usr/lib/libodbc.so.1.0.0
6928a000-6928b000 r--p 00065000 08:11 263689     /usr/lib/libodbc.so.1.0.0
6928b000-6928f000 rw-p 00066000 08:11 263689     /usr/lib/libodbc.so.1.0.0
6928f000-69290000 rw-p 00000000 00:00 0 
69290000-692a2000 r-xp 00000000 08:11 282205     /usr/lib/libboost_signals.so.1.46.1
692a2000-692a3000 r--p 00011000 08:11 282205     /usr/lib/libboost_signals.so.1.46.1
692a3000-692a4000 rw-p 00012000 08:11 282205     /usr/lib/libboost_signals.so.1.46.1
692a4000-69346000 r-xp 00000000 08:11 24777634   /opt/opencog/bin/opencog/atomspace/libatomspace.so
69346000-69349000 r--p 000a1000 08:11 24777634   /opt/opencog/bin/opencog/atomspace/libatomspace.so
69349000-6934a000 rw-p 000a4000 08:11 24777634   /opt/opencog/bin/opencog/atomspace/libatomspace.so
6934a000-6934b000 rw-p 00000000 00:00 0 
6934b000-69377000 r-xp 00000000 08:11 24649772   /opt/opencog/bin/opencog/guile/libsmob.so
69377000-69378000 r--p 0002c000 08:11 24649772   /opt/opencog/bin/opencog/guile/libsmob.so
69378000-69379000 rw-p 0002d000 08:11 24649772   /opt/opencog/bin/opencog/guile/libsmob.so
69379000-693a0000 r-xp 00000000 08:11 25839748   /opt/opencog/bin/opencog/persist/sql/libpersist.so
693a0000-693a1000 ---p 00027000 08:11 25839748   /opt/opencog/bin/opencog/persist/sql/libpersist.so
693a1000-693a2000 r--p 00027000 08:11 25839748   /opt/opencog/bin/opencog/persist/sql/libpersist.so
693a2000-693a3000 rw-p 00028000 08:11 25839748   /opt/opencog/bin/opencog/persist/sql/libpersist.so
693a3000-693e1000 r-xp 00000000 08:11 24527009   /opt/ideawork/tu-0.3/jni_pln/lib/libserver.so
693e1000-693e3000 r--p 0003d000 08:11 24527009   /opt/ideawork/tu-0.3/jni_pln/lib/libserver.so
693e3000-693e4000 rw-p 0003f000 08:11 24527009   /opt/ideawork/tu-0.3/jni_pln/lib/libserver.so
693e4000-6a224000 r--p 00000000 08:11 265153     /usr/lib/libicudata.so.44.2
6a224000-6a225000 rw-p 00e3f000 08:11 265153     /usr/lib/libicudata.so.44.2
6a225000-6a3e1000 r-xp 00000000 08:11 262998     /usr/lib/libicui18n.so.44.2
6a3e1000-6a3e7000 r--p 001bb000 08:11 262998     /usr/lib/libicui18n.so.44.2
6a3e7000-6a3e8000 rw-p 001c1000 08:11 262998     /usr/lib/libicui18n.so.44.2
6a3e8000-6a3e9000 rw-p 00000000 00:00 0 
6a3e9000-6a51d000 r-xp 00000000 08:11 265251     /usr/lib/libicuuc.so.44.2
6a51d000-6a526000 r--p 00133000 08:11 265251     /usr/lib/libicuuc.so.44.2
6a526000-6a527000 rw-p 0013c000 08:11 265251     /usr/lib/libicuuc.so.44.2
6a527000-6a52b000 rw-p 00000000 00:00 0 
6a52b000-6a551000 r-xp 00000000 08:11 11406796   /lib/i386-linux-gnu/libexpat.so.1.5.2
6a551000-6a552000 ---p 00026000 08:11 11406796   /lib/i386-linux-gnu/libexpat.so.1.5.2
6a552000-6a554000 r--p 00026000 08:11 11406796   /lib/i386-linux-gnu/libexpat.so.1.5.2
6a554000-6a555000 rw-p 00028000 08:11 11406796   /lib/i386-linux-gnu/libexpat.so.1.5.2
6a555000-6a642000 r-xp 00000000 08:11 286733     /usr/lib/libboost_regex.so.1.46.1
6a642000-6a643000 ---p 000ed000 08:11 286733     /usr/lib/libboost_regex.so.1.46.1
6a643000-6a646000 r--p 000ed000 08:11 286733     /usr/lib/libboost_regex.so.1.46.1
6a646000-6a647000 rw-p 000f0000 08:11 286733     /usr/lib/libboost_regex.so.1.46.1
6a647000-6a648000 rw-p 00000000 00:00 0 
6a648000-6a664000 r-xp 00000000 08:11 285649     /usr/lib/libboost_filesystem.so.1.46.1
6a664000-6a665000 r--p 0001b000 08:11 285649     /usr/lib/libboost_filesystem.so.1.46.1
6a665000-6a666000 rw-p 0001c000 08:11 285649     /usr/lib/libboost_filesystem.so.1.46.1
6a666000-6a67b000 r-xp 00000000 08:11 282118     /usr/lib/libboost_thread.so.1.46.1
6a67b000-6a67c000 ---p 00015000 08:11 282118     /usr/lib/libboost_thread.so.1.46.1
6a67c000-6a67d000 r--p 00015000 08:11 282118     /usr/lib/libboost_thread.so.1.46.1
6a67d000-6a67e000 rw-p 00016000 08:11 282118     /usr/lib/libboost_thread.so.1.46.1
6a67e000-6a6a3000 r--p 00000000 08:11 3801681    /etc/ld.so.cache
6a6a3000-6a6fc000 r-xp 00000000 08:11 24649768   /opt/opencog/bin/opencog/util/libutil.so
6a6fc000-6a6ff000 rw-p 00058000 08:11 24649768   /opt/opencog/bin/opencog/util/libutil.so
6a6ff000-6a700000 rw-p 00000000 00:00 0 
6a700000-6a7c7000 rw-p 00000000 00:00 0 
6a7c7000-6a800000 ---p 00000000 00:00 0 
6a803000-6a80b000 r-xp 00000000 08:11 264702     /usr/lib/libltdl.so.7.3.0
6a80b000-6a80c000 r--p 00008000 08:11 264702     /usr/lib/libltdl.so.7.3.0
6a80c000-6a80d000 rw-p 00009000 08:11 264702     /usr/lib/libltdl.so.7.3.0
6a80d000-6a840000 r-xp 00000000 08:11 24527012   /opt/ideawork/tu-0.3/jni_pln/lib/libbuiltinreqs.so
6a840000-6a843000 rw-p 00032000 08:11 24527012   /opt/ideawork/tu-0.3/jni_pln/lib/libbuiltinreqs.so
6a843000-6a844000 r--s 00002000 00:14 13374785   /home/tero/.m2/repository/org/apache/maven/surefire/surefire-junit4/2.6/surefire-junit4-2.6.jar
6a844000-6a862000 r--s 00196000 00:14 13897759   /home/tero/.m2/repository/org/scalatest/scalatest/1.2/scalatest-1.2.jar
6a862000-6a89f000 r--s 0027c000 00:14 20190479   /home/tero/.m2/repository/org/scala-tools/testing/specs_2.8.0/1.6.5/specs_2.8.0-1.6.5.jar
6a89f000-6a8fe000 r--s 00582000 00:14 20190465   /home/tero/.m2/repository/org/scala-lang/scala-library/2.8.0/scala-library-2.8.0.jar
6a8fe000-6a8ff000 ---p 00000000 00:00 0 
6a8ff000-6a97f000 rw-p 00000000 00:00 0 
6a97f000-6a982000 ---p 00000000 00:00 0 
6a982000-6aa00000 rw-p 00000000 00:00 0 
6aa00000-6aafa000 rw-p 00000000 00:00 0 
6aafa000-6ab00000 ---p 00000000 00:00 0 
6ab02000-6ab10000 r-xp 00000000 08:11 393241     /usr/lib/i386-linux-gnu/libgomp.so.1.0.0
6ab10000-6ab11000 r--p 0000d000 08:11 393241     /usr/lib/i386-linux-gnu/libgomp.so.1.0.0
6ab11000-6ab12000 rw-p 0000e000 08:11 393241     /usr/lib/i386-linux-gnu/libgomp.so.1.0.0
6ab12000-6ab2c000 r-xp 00000000 08:11 25839747   /opt/opencog/bin/opencog/persist/xml/libxml.so
6ab2c000-6ab2e000 rw-p 0001a000 08:11 25839747   /opt/opencog/bin/opencog/persist/xml/libxml.so
6ab2e000-6ab31000 ---p 00000000 00:00 0 
6ab31000-6ab7f000 rw-p 00000000 00:00 0 
6ab7f000-6ab82000 ---p 00000000 00:00 0 
6ab82000-6ac00000 rw-p 00000000 00:00 0 
6ac00000-6ac03000 ---p 00000000 00:00 0 
6ac03000-6ac51000 rw-p 00000000 00:00 0 
6ac51000-6ae51000 r--p 00000000 08:11 262286     /usr/lib/locale/locale-archive
6ae51000-6ae54000 ---p 00000000 00:00 0 
6ae54000-6aea2000 rw-p 00000000 00:00 0 
6aea2000-6aea5000 ---p 00000000 00:00 0 
6aea5000-6aef3000 rw-p 00000000 00:00 0 
6aef3000-6aef4000 ---p 00000000 00:00 0 
6aef4000-6afa7000 rw-p 00000000 00:00 0 
6afa7000-6b137000 r--s 037ba000 08:11 266023     /usr/lib/jvm/java-6-openjdk/jre/lib/rt.jar
6b137000-6b138000 ---p 00000000 00:00 0 
6b138000-6b1b8000 rw-p 00000000 00:00 0 
6b1b8000-6b1b9000 ---p 00000000 00:00 0 
6b1b9000-6b241000 rw-p 00000000 00:00 0 
6b241000-6b279000 rw-p 00000000 00:00 0 
6b279000-6b28f000 rw-p 00000000 00:00 0 
6b28f000-6b3cf000 rw-p 00000000 00:00 0 
6b3cf000-6b3d7000 rw-p 00000000 00:00 0 
6b3d7000-6b40f000 rw-p 00000000 00:00 0 
6b40f000-6b425000 rw-p 00000000 00:00 0 
6b425000-6b564000 rw-p 00000000 00:00 0 
6b564000-6b56f000 rw-p 00000000 00:00 0 
6b56f000-6b60f000 rw-p 00000000 00:00 0 
6b60f000-6c610000 rw-p 00000000 00:00 0 
6c610000-73610000 rw-p 00000000 00:00 0 
73610000-760c0000 rw-p 00000000 00:00 0 
760c0000-9e0c0000 rw-p 00000000 00:00 0 
9e0c0000-9f610000 rw-p 00000000 00:00 0 
9f610000-b3610000 rw-p 00000000 00:00 0 
b3610000-b3612000 r-xp 00000000 08:11 285648     /usr/lib/libboost_system.so.1.46.1
b3612000-b3613000 r--p 00002000 08:11 285648     /usr/lib/libboost_system.so.1.46.1
b3613000-b3614000 rw-p 00003000 08:11 285648     /usr/lib/libboost_system.so.1.46.1
b3614000-b361a000 r--s 00034000 00:14 13897757   /home/tero/.m2/repository/junit/junit/4.8.1/junit-4.8.1.jar
b361a000-b3623000 rw-p 00000000 00:00 0 
b3623000-b36da000 rw-p 00000000 00:00 0 
b36da000-b391a000 rwxp 00000000 00:00 0 
b391a000-b66da000 rw-p 00000000 00:00 0 
b66da000-b66e5000 r-xp 00000000 08:11 11403277   /lib/i386-linux-gnu/libnss_files-2.13.so
b66e5000-b66e6000 r--p 0000a000 08:11 11403277   /lib/i386-linux-gnu/libnss_files-2.13.so
b66e6000-b66e7000 rw-p 0000b000 08:11 11403277   /lib/i386-linux-gnu/libnss_files-2.13.so
b66e7000-b66fc000 r-xp 00000000 08:11 11403274   /lib/i386-linux-gnu/libnsl-2.13.so
b66fc000-b66fd000 r--p 00015000 08:11 11403274   /lib/i386-linux-gnu/libnsl-2.13.so
b66fd000-b66fe000 rw-p 00016000 08:11 11403274   /lib/i386-linux-gnu/libnsl-2.13.so
b66fe000-b6700000 rw-p 00000000 00:00 0 
b6700000-b6708000 r-xp 00000000 08:11 11403275   /lib/i386-linux-gnu/libnss_compat-2.13.so
b6708000-b6709000 r--p 00007000 08:11 11403275   /lib/i386-linux-gnu/libnss_compat-2.13.so
b6709000-b670a000 rw-p 00008000 08:11 11403275   /lib/i386-linux-gnu/libnss_compat-2.13.so
b670a000-b6713000 r--s 00079000 00:14 13374771   /home/tero/.m2/repository/org/apache/maven/surefire/surefire-api/2.6/surefire-api-2.6.jar
b6713000-b6716000 r--s 0007d000 08:11 272575     /usr/lib/jvm/java-6-openjdk/jre/lib/jsse.jar
b6716000-b671b000 r--s 0003f000 00:14 13374768   /home/tero/.m2/repository/org/apache/maven/surefire/surefire-booter/2.6/surefire-booter-2.6.jar
b671b000-b6723000 r--s 00066000 08:11 656045     /usr/share/java/gnome-java-bridge.jar
b6723000-b6725000 r--s 0000f000 08:11 272571     /usr/lib/jvm/java-6-openjdk/jre/lib/ext/pulse-java.jar
b6725000-b6726000 r--s 00000000 08:11 8393692    /tmp/surefirebooter3926688460277955799.jar
b6726000-b672d000 r-xp 00000000 08:11 1966948    /usr/lib/jvm/java-6-openjdk/jre/lib/i386/libzip.so
b672d000-b672e000 r--p 00006000 08:11 1966948    /usr/lib/jvm/java-6-openjdk/jre/lib/i386/libzip.so
b672e000-b672f000 rw-p 00007000 08:11 1966948    /usr/lib/jvm/java-6-openjdk/jre/lib/i386/libzip.so
b672f000-b6755000 r-xp 00000000 08:11 1966819    /usr/lib/jvm/java-6-openjdk/jre/lib/i386/libjava.so
b6755000-b6756000 r--p 00025000 08:11 1966819    /usr/lib/jvm/java-6-openjdk/jre/lib/i386/libjava.so
b6756000-b6758000 rw-p 00026000 08:11 1966819    /usr/lib/jvm/java-6-openjdk/jre/lib/i386/libjava.so
b6758000-b675f000 r-xp 00000000 08:11 11403284   /lib/i386-linux-gnu/librt-2.13.so
b675f000-b6760000 r--p 00006000 08:11 11403284   /lib/i386-linux-gnu/librt-2.13.so
b6760000-b6761000 rw-p 00007000 08:11 11403284   /lib/i386-linux-gnu/librt-2.13.so
b6761000-b6764000 ---p 00000000 00:00 0 
b6764000-b67b2000 rw-p 00000000 00:00 0 
b67b2000-b67ce000 r-xp 00000000 08:11 11405246   /lib/i386-linux-gnu/libgcc_s.so.1
b67ce000-b67cf000 r--p 0001b000 08:11 11405246   /lib/i386-linux-gnu/libgcc_s.so.1
b67cf000-b67d0000 rw-p 0001c000 08:11 11405246   /lib/i386-linux-gnu/libgcc_s.so.1
b67d0000-b67f8000 r-xp 00000000 08:11 11403272   /lib/i386-linux-gnu/libm-2.13.so
b67f8000-b67f9000 r--p 00028000 08:11 11403272   /lib/i386-linux-gnu/libm-2.13.so
b67f9000-b67fa000 rw-p 00029000 08:11 11403272   /lib/i386-linux-gnu/libm-2.13.so
b67fa000-b68d8000 r-xp 00000000 08:11 393242     /usr/lib/i386-linux-gnu/libstdc++.so.6.0.16
b68d8000-b68d9000 ---p 000de000 08:11 393242     /usr/lib/i386-linux-gnu/libstdc++.so.6.0.16
b68d9000-b68dd000 r--p 000de000 08:11 393242     /usr/lib/i386-linux-gnu/libstdc++.so.6.0.16
b68dd000-b68de000 rw-p 000e2000 08:11 393242     /usr/lib/i386-linux-gnu/libstdc++.so.6.0.16
b68de000-b68e5000 rw-p 00000000 00:00 0 
b68e5000-b7103000 r-xp 00000000 08:11 1966956    /usr/lib/jvm/java-6-openjdk/jre/lib/i386/server/libjvm.so
b7103000-b7148000 r--p 0081e000 08:11 1966956    /usr/lib/jvm/java-6-openjdk/jre/lib/i386/server/libjvm.so
b7148000-b7157000 rw-p 00863000 08:11 1966956    /usr/lib/jvm/java-6-openjdk/jre/lib/i386/server/libjvm.so
b7157000-b7573000 rw-p 00000000 00:00 0 
b7573000-b7586000 r-xp 00000000 08:11 11406786   /lib/i386-linux-gnu/libz.so.1.2.3.4
b7586000-b7587000 r--p 00012000 08:11 11406786   /lib/i386-linux-gnu/libz.so.1.2.3.4
b7587000-b7588000 rw-p 00013000 08:11 11406786   /lib/i386-linux-gnu/libz.so.1.2.3.4
b7588000-b7700000 r-xp 00000000 08:11 11403268   /lib/i386-linux-gnu/libc-2.13.so
b7700000-b7702000 r--p 00178000 08:11 11403268   /lib/i386-linux-gnu/libc-2.13.so
b7702000-b7703000 rw-p 0017a000 08:11 11403268   /lib/i386-linux-gnu/libc-2.13.so
b7703000-b7706000 rw-p 00000000 00:00 0 
b7706000-b7709000 r-xp 00000000 08:11 11403271   /lib/i386-linux-gnu/libdl-2.13.so
b7709000-b770a000 r--p 00002000 08:11 11403271   /lib/i386-linux-gnu/libdl-2.13.so
b770a000-b770b000 rw-p 00003000 08:11 11403271   /lib/i386-linux-gnu/libdl-2.13.so
b770b000-b770f000 r-xp 00000000 08:11 1966575    /usr/lib/jvm/java-6-openjdk/jre/lib/i386/jli/libjli.so
b770f000-b7710000 r--p 00003000 08:11 1966575    /usr/lib/jvm/java-6-openjdk/jre/lib/i386/jli/libjli.so
b7710000-b7711000 rw-p 00004000 08:11 1966575    /usr/lib/jvm/java-6-openjdk/jre/lib/i386/jli/libjli.so
b7711000-b7712000 rw-p 00000000 00:00 0 
b7712000-b7729000 r-xp 00000000 08:11 11403282   /lib/i386-linux-gnu/libpthread-2.13.so
b7729000-b772a000 r--p 00016000 08:11 11403282   /lib/i386-linux-gnu/libpthread-2.13.so
b772a000-b772b000 rw-p 00017000 08:11 11403282   /lib/i386-linux-gnu/libpthread-2.13.so
b772b000-b772d000 rw-p 00000000 00:00 0 
b772d000-b772e000 r--p 002a1000 08:11 262286     /usr/lib/locale/locale-archive
b772e000-b7736000 rw-s 00000000 08:11 14690269   /tmp/hsperfdata_tero/3214
b7736000-b7740000 r-xp 00000000 08:11 11403279   /lib/i386-linux-gnu/libnss_nis-2.13.so
b7740000-b7741000 r--p 00009000 08:11 11403279   /lib/i386-linux-gnu/libnss_nis-2.13.so
b7741000-b7742000 rw-p 0000a000 08:11 11403279   /lib/i386-linux-gnu/libnss_nis-2.13.so
b7742000-b7743000 rw-p 00000000 00:00 0 
b7743000-b7744000 r--p 00000000 00:00 0 
b7744000-b774f000 r-xp 00000000 08:11 1966943    /usr/lib/jvm/java-6-openjdk/jre/lib/i386/libverify.so
b774f000-b7750000 ---p 0000b000 08:11 1966943    /usr/lib/jvm/java-6-openjdk/jre/lib/i386/libverify.so
b7750000-b7751000 r--p 0000b000 08:11 1966943    /usr/lib/jvm/java-6-openjdk/jre/lib/i386/libverify.so
b7751000-b7752000 rw-p 0000c000 08:11 1966943    /usr/lib/jvm/java-6-openjdk/jre/lib/i386/libverify.so
b7752000-b7754000 rw-p 00000000 00:00 0 
b7754000-b7755000 r-xp 00000000 00:00 0          [vdso]
b7755000-b7773000 r-xp 00000000 08:11 11403265   /lib/i386-linux-gnu/ld-2.13.so
b7773000-b7774000 r--p 0001d000 08:11 11403265   /lib/i386-linux-gnu/ld-2.13.so
b7774000-b7775000 rw-p 0001e000 08:11 11403265   /lib/i386-linux-gnu/ld-2.13.so
bfa68000-bfa9d000 rw-p 00000000 00:00 0          [stack]

VM Arguments:
java_command: /tmp/surefirebooter3926688460277955799.jar /tmp/surefire8062079655783218795tmp /tmp/surefire4489602083780466968tmp
Launcher Type: SUN_STANDARD

Environment Variables:
PATH=/usr/lib/lightdm/lightdm:/usr/local/sbin:/usr/local/bin:/usr/sbin:/usr/bin:/sbin:/bin:/usr/games
USERNAME=tero
LD_LIBRARY_PATH=/usr/lib/jvm/java-6-openjdk/jre/lib/i386/server:/usr/lib/jvm/java-6-openjdk/jre/lib/i386:/usr/lib/jvm/java-6-openjdk/jre/../lib/i386::../lib/:../native_lib/linux/target/
SHELL=/bin/bash
DISPLAY=:0

Signal Handlers:
SIGSEGV: [libjvm.so+0x66a530], sa_mask[0]=0x7ffbfeff, sa_flags=0x10000004
SIGBUS: [libjvm.so+0x66a530], sa_mask[0]=0x7ffbfeff, sa_flags=0x10000004
SIGFPE: [libjvm.so+0x52e2c0], sa_mask[0]=0x7ffbfeff, sa_flags=0x10000004
SIGPIPE: [libjvm.so+0x52e2c0], sa_mask[0]=0x7ffbfeff, sa_flags=0x10000004
SIGXFSZ: [libjvm.so+0x52e2c0], sa_mask[0]=0x7ffbfeff, sa_flags=0x10000004
SIGILL: [libjvm.so+0x52e2c0], sa_mask[0]=0x7ffbfeff, sa_flags=0x10000004
SIGUSR1: SIG_DFL, sa_mask[0]=0x00000000, sa_flags=0x00000000
SIGUSR2: [libjvm.so+0x52e150], sa_mask[0]=0x00000004, sa_flags=0x10000004
SIGHUP: [libjvm.so+0x5311f0], sa_mask[0]=0x7ffbfeff, sa_flags=0x10000004
SIGINT: [libjvm.so+0x5311f0], sa_mask[0]=0x7ffbfeff, sa_flags=0x10000004
SIGTERM: [libjvm.so+0x5311f0], sa_mask[0]=0x7ffbfeff, sa_flags=0x10000004
SIGQUIT: [libjvm.so+0x5311f0], sa_mask[0]=0x7ffbfeff, sa_flags=0x10000004


---------------  S Y S T E M  ---------------

OS:Ubuntu 11.10 (oneiric)
uname:Linux 3.0.0-17-generic-pae #30-Ubuntu SMP Thu Mar 8 17:53:35 UTC 2012 i686
libc:glibc 2.13 NPTL 2.13 
rlimit: STACK 8192k, CORE 0k, NPROC 63378, NOFILE 4096, AS infinity
load average:0.55 0.55 0.58

/proc/meminfo:
MemTotal:        8133200 kB
MemFree:         1166416 kB
Buffers:          339220 kB
Cached:          2977196 kB
SwapCached:           20 kB
Active:          4661428 kB
Inactive:        2056596 kB
Active(anon):    3151676 kB
Inactive(anon):   576740 kB
Active(file):    1509752 kB
Inactive(file):  1479856 kB
Unevictable:          92 kB
Mlocked:              92 kB
HighTotal:       7340228 kB
HighFree:         934812 kB
LowTotal:         792972 kB
LowFree:          231604 kB
SwapTotal:       6141948 kB
SwapFree:        6141784 kB
Dirty:              2604 kB
Writeback:             0 kB
AnonPages:       3401732 kB
Mapped:           221460 kB
Shmem:            326752 kB
Slab:             186968 kB
SReclaimable:     145464 kB
SUnreclaim:        41504 kB
KernelStack:        4520 kB
PageTables:        20932 kB
NFS_Unstable:          0 kB
Bounce:                0 kB
WritebackTmp:          0 kB
CommitLimit:    10208548 kB
Committed_AS:    7031676 kB
VmallocTotal:     122880 kB
VmallocUsed:       35496 kB
VmallocChunk:      40328 kB
HardwareCorrupted:     0 kB
AnonHugePages:         0 kB
HugePages_Total:       0
HugePages_Free:        0
HugePages_Rsvd:        0
HugePages_Surp:        0
Hugepagesize:       2048 kB
DirectMap4k:       12280 kB
DirectMap2M:      901120 kB


CPU:total 2 (2 cores per cpu, 1 threads per core) family 6 model 23 stepping 10, cmov, cx8, fxsr, mmx, sse, sse2, sse3, ssse3, sse4.1

Memory: 4k page, physical 8133200k(1166416k free), swap 6141948k(6141784k free)

vm_info: OpenJDK Server VM (20.0-b11) for linux-x86 JRE (1.6.0_23-b23), built on Feb 23 2012 06:26:43 by "buildd" with gcc 4.6.1

time: Sat Apr 14 19:56:01 2012
elapsed time: 0 seconds

