#
# A fatal error has been detected by the Java Runtime Environment:
#
#  SIGSEGV (0xb) at pc=0x0001aee0, pid=3614, tid=3061771120
#
# JRE version: 6.0_23-b23
# Java VM: OpenJDK Server VM (20.0-b11 mixed mode linux-x86 )
# Derivative: IcedTea6 1.11pre
# Distribution: Ubuntu 11.10, package 6b23~pre11-0ubuntu1.11.10.2
# Problematic frame:
# C  0x0001aee0
[error occurred during error reporting (printing problematic frame), id 0xb]

# If you would like to submit a bug report, please include
# instructions how to reproduce the bug and visit:
#   https://bugs.launchpad.net/ubuntu/+source/openjdk-6/
# The crash happened outside the Java Virtual Machine in native code.
# See problematic frame for where to report the bug.
#

---------------  T H R E A D  ---------------

Current thread (0x087a8000):  JavaThread "main" [_thread_in_native, id=3616, stack(0xb679e000,0xb67ef000)]

siginfo:si_signo=SIGSEGV: si_errno=0, si_code=1 (SEGV_MAPERR), si_addr=0x0001aee0

Registers:
EAX=0xbfead354, EBX=0xb77b0ff4, ECX=0x0000000b, EDX=0x00000005
ESP=0xb67ec3fc, EBP=0x6a86be88, ESI=0x00000000, EDI=0x0000000b
EIP=0x0001aee0, EFLAGS=0x00210246, CR2=0x0001aee0

Top of Stack: (sp=0xb67ec3fc)
0xb67ec3fc:   b77a07fb 00000005 bfead354 bfead36c
0xb67ec40c:   00000005 00000000 b774f000 b7751404
0xb67ec41c:   6a9088f8 00000005 bfead354 bfead36c
0xb67ec42c:   6a86be88 00000034 b77a5c10 6a6a6eac
0xb67ec43c:   b77b0ff4 6a952dc0 00000000 00000002
0xb67ec44c:   b77a08e4 bfead354 bfead36c 00000034
0xb67ec45c:   00000003 00000003 00000005 bfead354
0xb67ec46c:   b7769180 00000000 00000000 b77a087b 

Instructions: (pc=0x0001aee0)
0x0001aec0:   
[error occurred during error reporting (printing registers, top of stack, instructions near pc), id 0xb]

Register to memory mapping:

EAX=0xbfead354 is an unknown value
EBX=0xb77b0ff4: <offset 0x1eff4> in /lib/ld-linux.so.2 at 0xb7792000
ECX=0x0000000b is an unknown value
EDX=0x00000005 is an unknown value
ESP=0xb67ec3fc is pointing into the stack for thread: 0x087a8000
EBP=0x6a86be88: <offset 0x59e88> in /opt/opencog/bin/opencog/util/libutil.so at 0x6a812000
ESI=0x00000000 is an unknown value
EDI=0x0000000b is an unknown value


Stack: [0xb679e000,0xb67ef000],  sp=0xb67ec3fc,  free space=312k
Native frames: (J=compiled Java code, j=interpreted, Vv=VM code, C=native code)
C  0x0001aee0
[error occurred during error reporting (printing native stack), id 0xb]

Java frames: (J=compiled Java code, j=interpreted, Vv=VM code)
j  java.lang.ClassLoader$NativeLibrary.load(Ljava/lang/String;)V+0
j  java.lang.ClassLoader.loadLibrary0(Ljava/lang/Class;Ljava/io/File;)Z+300
j  java.lang.ClassLoader.loadLibrary(Ljava/lang/Class;Ljava/lang/String;Z)V+268
j  java.lang.Runtime.loadLibrary0(Ljava/lang/Class;Ljava/lang/String;)V+54
j  java.lang.System.loadLibrary(Ljava/lang/String;)V+7
j  fi.neter.PLNTest.<init>()V+11
v  ~StubRoutines::call_stub
j  sun.reflect.NativeConstructorAccessorImpl.newInstance0(Ljava/lang/reflect/Constructor;[Ljava/lang/Object;)Ljava/lang/Object;+0
j  sun.reflect.NativeConstructorAccessorImpl.newInstance([Ljava/lang/Object;)Ljava/lang/Object;+72
j  sun.reflect.DelegatingConstructorAccessorImpl.newInstance([Ljava/lang/Object;)Ljava/lang/Object;+5
j  java.lang.reflect.Constructor.newInstance([Ljava/lang/Object;)Ljava/lang/Object;+92
j  org.junit.runners.BlockJUnit4ClassRunner.createTest()Ljava/lang/Object;+11
j  org.junit.runners.BlockJUnit4ClassRunner$1.runReflectiveCall()Ljava/lang/Object;+4
j  org.junit.internal.runners.model.ReflectiveCallable.run()Ljava/lang/Object;+1
j  org.junit.runners.BlockJUnit4ClassRunner.methodBlock(Lorg/junit/runners/model/FrameworkMethod;)Lorg/junit/runners/model/Statement;+8
j  org.junit.runners.BlockJUnit4ClassRunner.runChild(Lorg/junit/runners/model/FrameworkMethod;Lorg/junit/runner/notification/RunNotifier;)V+28
j  org.junit.runners.BlockJUnit4ClassRunner.runChild(Ljava/lang/Object;Lorg/junit/runner/notification/RunNotifier;)V+6
j  org.junit.runners.ParentRunner$3.run()V+12
j  org.junit.runners.ParentRunner$1.schedule(Ljava/lang/Runnable;)V+1
j  org.junit.runners.ParentRunner.runChildren(Lorg/junit/runner/notification/RunNotifier;)V+40
j  org.junit.runners.ParentRunner.access$000(Lorg/junit/runners/ParentRunner;Lorg/junit/runner/notification/RunNotifier;)V+2
j  org.junit.runners.ParentRunner$2.evaluate()V+8
j  org.junit.runners.ParentRunner.run(Lorg/junit/runner/notification/RunNotifier;)V+20
j  org.apache.maven.surefire.junit4.JUnit4TestSet.execute(Lorg/apache/maven/surefire/report/ReporterManager;Ljava/lang/ClassLoader;)V+41
j  org.apache.maven.surefire.suite.AbstractDirectoryTestSuite.executeTestSet(Lorg/apache/maven/surefire/testset/SurefireTestSet;Lorg/apache/maven/surefire/report/ReporterManagerFactory;Ljava/lang/ClassLoader;)V+51
j  org.apache.maven.surefire.suite.AbstractDirectoryTestSuite.execute(Lorg/apache/maven/surefire/report/ReporterManagerFactory;Ljava/lang/ClassLoader;)V+57
j  org.apache.maven.surefire.Surefire.run(Ljava/util/List;Ljava/util/List;Ljava/lang/ClassLoader;Ljava/lang/ClassLoader;Ljava/lang/Boolean;)I+163
v  ~StubRoutines::call_stub
j  sun.reflect.NativeMethodAccessorImpl.invoke0(Ljava/lang/reflect/Method;Ljava/lang/Object;[Ljava/lang/Object;)Ljava/lang/Object;+0
j  sun.reflect.NativeMethodAccessorImpl.invoke(Ljava/lang/Object;[Ljava/lang/Object;)Ljava/lang/Object;+87
j  sun.reflect.DelegatingMethodAccessorImpl.invoke(Ljava/lang/Object;[Ljava/lang/Object;)Ljava/lang/Object;+6
j  java.lang.reflect.Method.invoke(Ljava/lang/Object;[Ljava/lang/Object;)Ljava/lang/Object;+161
j  org.apache.maven.surefire.booter.SurefireBooter.runSuitesInProcess()I+303
j  org.apache.maven.surefire.booter.SurefireBooter.main([Ljava/lang/String;)V+739
v  ~StubRoutines::call_stub

---------------  P R O C E S S  ---------------

Java Threads: ( => current thread )
  0x0884bc00 JavaThread "Low Memory Detector" daemon [_thread_blocked, id=3625, stack(0x6aaed000,0x6ab3e000)]
  0x08848400 JavaThread "C2 CompilerThread1" daemon [_thread_in_native, id=3624, stack(0x6ab3e000,0x6abbf000)]
  0x08846400 JavaThread "C2 CompilerThread0" daemon [_thread_blocked, id=3623, stack(0x6abbf000,0x6ac40000)]
  0x08844c00 JavaThread "Signal Dispatcher" daemon [_thread_blocked, id=3622, stack(0x6ac40000,0x6ac91000)]
  0x08832000 JavaThread "Finalizer" daemon [_thread_blocked, id=3621, stack(0x6ae91000,0x6aee2000)]
  0x08830800 JavaThread "Reference Handler" daemon [_thread_blocked, id=3620, stack(0x6aee2000,0x6af33000)]
=>0x087a8000 JavaThread "main" [_thread_in_native, id=3616, stack(0xb679e000,0xb67ef000)]

Other Threads:
  0x0882cc00 VMThread [stack: 0x6af33000,0x6afb4000] [id=3619]
  0x0884d800 WatcherThread [stack: 0x6aa6c000,0x6aaed000] [id=3626]

VM state:not at safepoint (normal execution)

VM Mutex/Monitor currently owned by a thread: None

Heap
 PSYoungGen      total 19136K, used 3637K [0x9e100000, 0x9f650000, 0xb3650000)
  eden space 16448K, 22% used [0x9e100000,0x9e48d7c8,0x9f110000)
  from space 2688K, 0% used [0x9f3b0000,0x9f3b0000,0x9f650000)
  to   space 2688K, 0% used [0x9f110000,0x9f110000,0x9f3b0000)
 PSOldGen        total 43712K, used 0K [0x73650000, 0x76100000, 0x9e100000)
  object space 43712K, 0% used [0x73650000,0x73650000,0x76100000)
 PSPermGen       total 16384K, used 3635K [0x6b650000, 0x6c650000, 0x73650000)
  object space 16384K, 22% used [0x6b650000,0x6b9dce18,0x6c650000)

Code Cache  [0xb3717000, 0xb3957000, 0xb6717000)
 total_blobs=128 nmethods=14 adapters=69 free_code_cache=50008000 largest_free_block=8320

Dynamic libraries:
08048000-08051000 r-xp 00000000 08:11 2108205    /usr/lib/jvm/java-6-openjdk/jre/bin/java
08051000-08052000 r--p 00008000 08:11 2108205    /usr/lib/jvm/java-6-openjdk/jre/bin/java
08052000-08053000 rw-p 00009000 08:11 2108205    /usr/lib/jvm/java-6-openjdk/jre/bin/java
087a1000-08a5b000 rw-p 00000000 00:00 0          [heap]
690d7000-690e9000 r-xp 00000000 08:11 282205     /usr/lib/libboost_signals.so.1.46.1
690e9000-690ea000 r--p 00011000 08:11 282205     /usr/lib/libboost_signals.so.1.46.1
690ea000-690eb000 rw-p 00012000 08:11 282205     /usr/lib/libboost_signals.so.1.46.1
690eb000-69127000 r-xp 00000000 08:11 269117     /usr/lib/libgslcblas.so.0.0.0
69127000-69128000 r--p 0003b000 08:11 269117     /usr/lib/libgslcblas.so.0.0.0
69128000-69129000 rw-p 0003c000 08:11 269117     /usr/lib/libgslcblas.so.0.0.0
69129000-6933f000 r-xp 00000000 08:11 265249     /usr/lib/libgsl.so.0.16.0
6933f000-69341000 r--p 00215000 08:11 265249     /usr/lib/libgsl.so.0.16.0
69341000-6934e000 rw-p 00217000 08:11 265249     /usr/lib/libgsl.so.0.16.0
6934e000-6947a000 r-xp 00000000 08:11 25839740   /opt/opencog/bin/opencog/spatial/libSpaceMap.so
6947a000-6947c000 r--p 0012b000 08:11 25839740   /opt/opencog/bin/opencog/spatial/libSpaceMap.so
6947c000-69480000 rw-p 0012d000 08:11 25839740   /opt/opencog/bin/opencog/spatial/libSpaceMap.so
69480000-69522000 r-xp 00000000 08:11 24527019   /opt/ideawork/tu-0.3/jni_pln/lib/libatomspace.so
69522000-69525000 r--p 000a1000 08:11 24527019   /opt/ideawork/tu-0.3/jni_pln/lib/libatomspace.so
69525000-69526000 rw-p 000a4000 08:11 24527019   /opt/ideawork/tu-0.3/jni_pln/lib/libatomspace.so
69526000-69527000 rw-p 00000000 00:00 0 
69527000-6a367000 r--p 00000000 08:11 265153     /usr/lib/libicudata.so.44.2
6a367000-6a368000 rw-p 00e3f000 08:11 265153     /usr/lib/libicudata.so.44.2
6a368000-6a524000 r-xp 00000000 08:11 262998     /usr/lib/libicui18n.so.44.2
6a524000-6a52a000 r--p 001bb000 08:11 262998     /usr/lib/libicui18n.so.44.2
6a52a000-6a52b000 rw-p 001c1000 08:11 262998     /usr/lib/libicui18n.so.44.2
6a52b000-6a52c000 rw-p 00000000 00:00 0 
6a52c000-6a660000 r-xp 00000000 08:11 265251     /usr/lib/libicuuc.so.44.2
6a660000-6a669000 r--p 00133000 08:11 265251     /usr/lib/libicuuc.so.44.2
6a669000-6a66a000 rw-p 0013c000 08:11 265251     /usr/lib/libicuuc.so.44.2
6a66a000-6a66e000 rw-p 00000000 00:00 0 
6a66e000-6a694000 r-xp 00000000 08:11 11406796   /lib/i386-linux-gnu/libexpat.so.1.5.2
6a694000-6a695000 ---p 00026000 08:11 11406796   /lib/i386-linux-gnu/libexpat.so.1.5.2
6a695000-6a697000 r--p 00026000 08:11 11406796   /lib/i386-linux-gnu/libexpat.so.1.5.2
6a697000-6a698000 rw-p 00028000 08:11 11406796   /lib/i386-linux-gnu/libexpat.so.1.5.2
6a698000-6a6a6000 r-xp 00000000 08:11 393241     /usr/lib/i386-linux-gnu/libgomp.so.1.0.0
6a6a6000-6a6a7000 r--p 0000d000 08:11 393241     /usr/lib/i386-linux-gnu/libgomp.so.1.0.0
6a6a7000-6a6a8000 rw-p 0000e000 08:11 393241     /usr/lib/i386-linux-gnu/libgomp.so.1.0.0
6a6a8000-6a795000 r-xp 00000000 08:11 286733     /usr/lib/libboost_regex.so.1.46.1
6a795000-6a796000 ---p 000ed000 08:11 286733     /usr/lib/libboost_regex.so.1.46.1
6a796000-6a799000 r--p 000ed000 08:11 286733     /usr/lib/libboost_regex.so.1.46.1
6a799000-6a79a000 rw-p 000f0000 08:11 286733     /usr/lib/libboost_regex.so.1.46.1
6a79a000-6a79b000 rw-p 00000000 00:00 0 
6a79b000-6a7b7000 r-xp 00000000 08:11 285649     /usr/lib/libboost_filesystem.so.1.46.1
6a7b7000-6a7b8000 r--p 0001b000 08:11 285649     /usr/lib/libboost_filesystem.so.1.46.1
6a7b8000-6a7b9000 rw-p 0001c000 08:11 285649     /usr/lib/libboost_filesystem.so.1.46.1
6a7b9000-6a7ce000 r-xp 00000000 08:11 282118     /usr/lib/libboost_thread.so.1.46.1
6a7ce000-6a7cf000 ---p 00015000 08:11 282118     /usr/lib/libboost_thread.so.1.46.1
6a7cf000-6a7d0000 r--p 00015000 08:11 282118     /usr/lib/libboost_thread.so.1.46.1
6a7d0000-6a7d1000 rw-p 00016000 08:11 282118     /usr/lib/libboost_thread.so.1.46.1
6a7d1000-6a7f6000 r--p 00000000 08:11 3801681    /etc/ld.so.cache
6a7f6000-6a810000 r-xp 00000000 08:11 25839747   /opt/opencog/bin/opencog/persist/xml/libxml.so
6a810000-6a812000 rw-p 0001a000 08:11 25839747   /opt/opencog/bin/opencog/persist/xml/libxml.so
6a812000-6a86b000 r-xp 00000000 08:11 24649768   /opt/opencog/bin/opencog/util/libutil.so
6a86b000-6a86e000 rw-p 00058000 08:11 24649768   /opt/opencog/bin/opencog/util/libutil.so
6a86e000-6a86f000 rw-p 00000000 00:00 0 
6a86f000-6a8a2000 r-xp 00000000 08:11 24527012   /opt/ideawork/tu-0.3/jni_pln/lib/libbuiltinreqs.so
6a8a2000-6a8a5000 rw-p 00032000 08:11 24527012   /opt/ideawork/tu-0.3/jni_pln/lib/libbuiltinreqs.so
6a8a5000-6a8c3000 r--s 00196000 00:14 13897759   /home/tero/.m2/repository/org/scalatest/scalatest/1.2/scalatest-1.2.jar
6a8c3000-6a900000 r--s 0027c000 00:14 20190479   /home/tero/.m2/repository/org/scala-tools/testing/specs_2.8.0/1.6.5/specs_2.8.0-1.6.5.jar
6a900000-6a9cb000 rw-p 00000000 00:00 0 
6a9cb000-6aa00000 ---p 00000000 00:00 0 
6aa02000-6aa09000 r--s 00000000 08:11 393647     /usr/lib/i386-linux-gnu/gconv/gconv-modules.cache
6aa09000-6aa0b000 r-xp 00000000 08:11 285648     /usr/lib/libboost_system.so.1.46.1
6aa0b000-6aa0c000 r--p 00002000 08:11 285648     /usr/lib/libboost_system.so.1.46.1
6aa0c000-6aa0d000 rw-p 00003000 08:11 285648     /usr/lib/libboost_system.so.1.46.1
6aa0d000-6aa6c000 r--s 00582000 00:14 20190465   /home/tero/.m2/repository/org/scala-lang/scala-library/2.8.0/scala-library-2.8.0.jar
6aa6c000-6aa6d000 ---p 00000000 00:00 0 
6aa6d000-6aaed000 rw-p 00000000 00:00 0 
6aaed000-6aaf0000 ---p 00000000 00:00 0 
6aaf0000-6ab3e000 rw-p 00000000 00:00 0 
6ab3e000-6ab41000 ---p 00000000 00:00 0 
6ab41000-6abbf000 rw-p 00000000 00:00 0 
6abbf000-6abc2000 ---p 00000000 00:00 0 
6abc2000-6ac40000 rw-p 00000000 00:00 0 
6ac40000-6ac43000 ---p 00000000 00:00 0 
6ac43000-6ac91000 rw-p 00000000 00:00 0 
6ac91000-6ae91000 r--p 00000000 08:11 262286     /usr/lib/locale/locale-archive
6ae91000-6ae94000 ---p 00000000 00:00 0 
6ae94000-6aee2000 rw-p 00000000 00:00 0 
6aee2000-6aee5000 ---p 00000000 00:00 0 
6aee5000-6af33000 rw-p 00000000 00:00 0 
6af33000-6af34000 ---p 00000000 00:00 0 
6af34000-6afe7000 rw-p 00000000 00:00 0 
6afe7000-6b177000 r--s 037ba000 08:11 266023     /usr/lib/jvm/java-6-openjdk/jre/lib/rt.jar
6b177000-6b178000 ---p 00000000 00:00 0 
6b178000-6b1f8000 rw-p 00000000 00:00 0 
6b1f8000-6b1f9000 ---p 00000000 00:00 0 
6b1f9000-6b281000 rw-p 00000000 00:00 0 
6b281000-6b2b9000 rw-p 00000000 00:00 0 
6b2b9000-6b2cf000 rw-p 00000000 00:00 0 
6b2cf000-6b40f000 rw-p 00000000 00:00 0 
6b40f000-6b417000 rw-p 00000000 00:00 0 
6b417000-6b44f000 rw-p 00000000 00:00 0 
6b44f000-6b465000 rw-p 00000000 00:00 0 
6b465000-6b5a4000 rw-p 00000000 00:00 0 
6b5a4000-6b5af000 rw-p 00000000 00:00 0 
6b5af000-6b64f000 rw-p 00000000 00:00 0 
6b64f000-6c650000 rw-p 00000000 00:00 0 
6c650000-73650000 rw-p 00000000 00:00 0 
73650000-76100000 rw-p 00000000 00:00 0 
76100000-9e100000 rw-p 00000000 00:00 0 
9e100000-9f650000 rw-p 00000000 00:00 0 
9f650000-b3650000 rw-p 00000000 00:00 0 
b3650000-b3651000 r--s 00002000 00:14 13374785   /home/tero/.m2/repository/org/apache/maven/surefire/surefire-junit4/2.6/surefire-junit4-2.6.jar
b3651000-b3657000 r--s 00034000 00:14 13897757   /home/tero/.m2/repository/junit/junit/4.8.1/junit-4.8.1.jar
b3657000-b3660000 rw-p 00000000 00:00 0 
b3660000-b3717000 rw-p 00000000 00:00 0 
b3717000-b3957000 rwxp 00000000 00:00 0 
b3957000-b6717000 rw-p 00000000 00:00 0 
b6717000-b6722000 r-xp 00000000 08:11 11403277   /lib/i386-linux-gnu/libnss_files-2.13.so
b6722000-b6723000 r--p 0000a000 08:11 11403277   /lib/i386-linux-gnu/libnss_files-2.13.so
b6723000-b6724000 rw-p 0000b000 08:11 11403277   /lib/i386-linux-gnu/libnss_files-2.13.so
b6724000-b6739000 r-xp 00000000 08:11 11403274   /lib/i386-linux-gnu/libnsl-2.13.so
b6739000-b673a000 r--p 00015000 08:11 11403274   /lib/i386-linux-gnu/libnsl-2.13.so
b673a000-b673b000 rw-p 00016000 08:11 11403274   /lib/i386-linux-gnu/libnsl-2.13.so
b673b000-b673d000 rw-p 00000000 00:00 0 
b673d000-b6745000 r-xp 00000000 08:11 11403275   /lib/i386-linux-gnu/libnss_compat-2.13.so
b6745000-b6746000 r--p 00007000 08:11 11403275   /lib/i386-linux-gnu/libnss_compat-2.13.so
b6746000-b6747000 rw-p 00008000 08:11 11403275   /lib/i386-linux-gnu/libnss_compat-2.13.so
b6747000-b6750000 r--s 00079000 00:14 13374771   /home/tero/.m2/repository/org/apache/maven/surefire/surefire-api/2.6/surefire-api-2.6.jar
b6750000-b6753000 r--s 0007d000 08:11 272575     /usr/lib/jvm/java-6-openjdk/jre/lib/jsse.jar
b6753000-b6758000 r--s 0003f000 00:14 13374768   /home/tero/.m2/repository/org/apache/maven/surefire/surefire-booter/2.6/surefire-booter-2.6.jar
b6758000-b6760000 r--s 00066000 08:11 656045     /usr/share/java/gnome-java-bridge.jar
b6760000-b6762000 r--s 0000f000 08:11 272571     /usr/lib/jvm/java-6-openjdk/jre/lib/ext/pulse-java.jar
b6762000-b6763000 r--s 00000000 08:11 8393695    /tmp/surefirebooter7715237552123858274.jar
b6763000-b676a000 r-xp 00000000 08:11 1966948    /usr/lib/jvm/java-6-openjdk/jre/lib/i386/libzip.so
b676a000-b676b000 r--p 00006000 08:11 1966948    /usr/lib/jvm/java-6-openjdk/jre/lib/i386/libzip.so
b676b000-b676c000 rw-p 00007000 08:11 1966948    /usr/lib/jvm/java-6-openjdk/jre/lib/i386/libzip.so
b676c000-b6792000 r-xp 00000000 08:11 1966819    /usr/lib/jvm/java-6-openjdk/jre/lib/i386/libjava.so
b6792000-b6793000 r--p 00025000 08:11 1966819    /usr/lib/jvm/java-6-openjdk/jre/lib/i386/libjava.so
b6793000-b6795000 rw-p 00026000 08:11 1966819    /usr/lib/jvm/java-6-openjdk/jre/lib/i386/libjava.so
b6795000-b679c000 r-xp 00000000 08:11 11403284   /lib/i386-linux-gnu/librt-2.13.so
b679c000-b679d000 r--p 00006000 08:11 11403284   /lib/i386-linux-gnu/librt-2.13.so
b679d000-b679e000 rw-p 00007000 08:11 11403284   /lib/i386-linux-gnu/librt-2.13.so
b679e000-b67a1000 ---p 00000000 00:00 0 
b67a1000-b67ef000 rw-p 00000000 00:00 0 
b67ef000-b680b000 r-xp 00000000 08:11 11405246   /lib/i386-linux-gnu/libgcc_s.so.1
b680b000-b680c000 r--p 0001b000 08:11 11405246   /lib/i386-linux-gnu/libgcc_s.so.1
b680c000-b680d000 rw-p 0001c000 08:11 11405246   /lib/i386-linux-gnu/libgcc_s.so.1
b680d000-b6835000 r-xp 00000000 08:11 11403272   /lib/i386-linux-gnu/libm-2.13.so
b6835000-b6836000 r--p 00028000 08:11 11403272   /lib/i386-linux-gnu/libm-2.13.so
b6836000-b6837000 rw-p 00029000 08:11 11403272   /lib/i386-linux-gnu/libm-2.13.so
b6837000-b6915000 r-xp 00000000 08:11 393242     /usr/lib/i386-linux-gnu/libstdc++.so.6.0.16
b6915000-b6916000 ---p 000de000 08:11 393242     /usr/lib/i386-linux-gnu/libstdc++.so.6.0.16
b6916000-b691a000 r--p 000de000 08:11 393242     /usr/lib/i386-linux-gnu/libstdc++.so.6.0.16
b691a000-b691b000 rw-p 000e2000 08:11 393242     /usr/lib/i386-linux-gnu/libstdc++.so.6.0.16
b691b000-b6922000 rw-p 00000000 00:00 0 
b6922000-b7140000 r-xp 00000000 08:11 1966956    /usr/lib/jvm/java-6-openjdk/jre/lib/i386/server/libjvm.so
b7140000-b7185000 r--p 0081e000 08:11 1966956    /usr/lib/jvm/java-6-openjdk/jre/lib/i386/server/libjvm.so
b7185000-b7194000 rw-p 00863000 08:11 1966956    /usr/lib/jvm/java-6-openjdk/jre/lib/i386/server/libjvm.so
b7194000-b75b0000 rw-p 00000000 00:00 0 
b75b0000-b75c3000 r-xp 00000000 08:11 11406786   /lib/i386-linux-gnu/libz.so.1.2.3.4
b75c3000-b75c4000 r--p 00012000 08:11 11406786   /lib/i386-linux-gnu/libz.so.1.2.3.4
b75c4000-b75c5000 rw-p 00013000 08:11 11406786   /lib/i386-linux-gnu/libz.so.1.2.3.4
b75c5000-b773d000 r-xp 00000000 08:11 11403268   /lib/i386-linux-gnu/libc-2.13.so
b773d000-b773f000 r--p 00178000 08:11 11403268   /lib/i386-linux-gnu/libc-2.13.so
b773f000-b7740000 rw-p 0017a000 08:11 11403268   /lib/i386-linux-gnu/libc-2.13.so
b7740000-b7743000 rw-p 00000000 00:00 0 
b7743000-b7746000 r-xp 00000000 08:11 11403271   /lib/i386-linux-gnu/libdl-2.13.so
b7746000-b7747000 r--p 00002000 08:11 11403271   /lib/i386-linux-gnu/libdl-2.13.so
b7747000-b7748000 rw-p 00003000 08:11 11403271   /lib/i386-linux-gnu/libdl-2.13.so
b7748000-b774c000 r-xp 00000000 08:11 1966575    /usr/lib/jvm/java-6-openjdk/jre/lib/i386/jli/libjli.so
b774c000-b774d000 r--p 00003000 08:11 1966575    /usr/lib/jvm/java-6-openjdk/jre/lib/i386/jli/libjli.so
b774d000-b774e000 rw-p 00004000 08:11 1966575    /usr/lib/jvm/java-6-openjdk/jre/lib/i386/jli/libjli.so
b774e000-b774f000 rw-p 00000000 00:00 0 
b774f000-b7766000 r-xp 00000000 08:11 11403282   /lib/i386-linux-gnu/libpthread-2.13.so
b7766000-b7767000 r--p 00016000 08:11 11403282   /lib/i386-linux-gnu/libpthread-2.13.so
b7767000-b7768000 rw-p 00017000 08:11 11403282   /lib/i386-linux-gnu/libpthread-2.13.so
b7768000-b776a000 rw-p 00000000 00:00 0 
b776a000-b776b000 r--p 002a1000 08:11 262286     /usr/lib/locale/locale-archive
b776b000-b7773000 rw-s 00000000 08:11 14690269   /tmp/hsperfdata_tero/3614
b7773000-b777d000 r-xp 00000000 08:11 11403279   /lib/i386-linux-gnu/libnss_nis-2.13.so
b777d000-b777e000 r--p 00009000 08:11 11403279   /lib/i386-linux-gnu/libnss_nis-2.13.so
b777e000-b777f000 rw-p 0000a000 08:11 11403279   /lib/i386-linux-gnu/libnss_nis-2.13.so
b777f000-b7780000 rw-p 00000000 00:00 0 
b7780000-b7781000 r--p 00000000 00:00 0 
b7781000-b778c000 r-xp 00000000 08:11 1966943    /usr/lib/jvm/java-6-openjdk/jre/lib/i386/libverify.so
b778c000-b778d000 ---p 0000b000 08:11 1966943    /usr/lib/jvm/java-6-openjdk/jre/lib/i386/libverify.so
b778d000-b778e000 r--p 0000b000 08:11 1966943    /usr/lib/jvm/java-6-openjdk/jre/lib/i386/libverify.so
b778e000-b778f000 rw-p 0000c000 08:11 1966943    /usr/lib/jvm/java-6-openjdk/jre/lib/i386/libverify.so
b778f000-b7791000 rw-p 00000000 00:00 0 
b7791000-b7792000 r-xp 00000000 00:00 0          [vdso]
b7792000-b77b0000 r-xp 00000000 08:11 11403265   /lib/i386-linux-gnu/ld-2.13.so
b77b0000-b77b1000 r--p 0001d000 08:11 11403265   /lib/i386-linux-gnu/ld-2.13.so
b77b1000-b77b2000 rw-p 0001e000 08:11 11403265   /lib/i386-linux-gnu/ld-2.13.so
bfe79000-bfeaf000 rw-p 00000000 00:00 0          [stack]

VM Arguments:
java_command: /tmp/surefirebooter7715237552123858274.jar /tmp/surefire67143330876543127tmp /tmp/surefire1081987592654217278tmp
Launcher Type: SUN_STANDARD

Environment Variables:
PATH=/usr/lib/lightdm/lightdm:/usr/local/sbin:/usr/local/bin:/usr/sbin:/usr/bin:/sbin:/bin:/usr/games
USERNAME=tero
LD_LIBRARY_PATH=/usr/lib/jvm/java-6-openjdk/jre/lib/i386/server:/usr/lib/jvm/java-6-openjdk/jre/lib/i386:/usr/lib/jvm/java-6-openjdk/jre/../lib/i386::../lib/:../native_lib/linux/target/
SHELL=/bin/bash
DISPLAY=:0

Signal Handlers:
SIGSEGV: [libjvm.so+0x66a530], sa_mask[0]=0x7ffbfeff, sa_flags=0x10000004
SIGBUS: [libjvm.so+0x66a530], sa_mask[0]=0x7ffbfeff, sa_flags=0x10000004
SIGFPE: [libjvm.so+0x52e2c0], sa_mask[0]=0x7ffbfeff, sa_flags=0x10000004
SIGPIPE: [libjvm.so+0x52e2c0], sa_mask[0]=0x7ffbfeff, sa_flags=0x10000004
SIGXFSZ: [libjvm.so+0x52e2c0], sa_mask[0]=0x7ffbfeff, sa_flags=0x10000004
SIGILL: [libjvm.so+0x52e2c0], sa_mask[0]=0x7ffbfeff, sa_flags=0x10000004
SIGUSR1: SIG_DFL, sa_mask[0]=0x00000000, sa_flags=0x00000000
SIGUSR2: [libjvm.so+0x52e150], sa_mask[0]=0x00000004, sa_flags=0x10000004
SIGHUP: [libjvm.so+0x5311f0], sa_mask[0]=0x7ffbfeff, sa_flags=0x10000004
SIGINT: [libjvm.so+0x5311f0], sa_mask[0]=0x7ffbfeff, sa_flags=0x10000004
SIGTERM: [libjvm.so+0x5311f0], sa_mask[0]=0x7ffbfeff, sa_flags=0x10000004
SIGQUIT: [libjvm.so+0x5311f0], sa_mask[0]=0x7ffbfeff, sa_flags=0x10000004


---------------  S Y S T E M  ---------------

OS:Ubuntu 11.10 (oneiric)
uname:Linux 3.0.0-17-generic-pae #30-Ubuntu SMP Thu Mar 8 17:53:35 UTC 2012 i686
libc:glibc 2.13 NPTL 2.13 
rlimit: STACK 8192k, CORE 0k, NPROC 63378, NOFILE 4096, AS infinity
load average:0.85 0.67 0.62

/proc/meminfo:
MemTotal:        8133200 kB
MemFree:         1101656 kB
Buffers:          339472 kB
Cached:          3008892 kB
SwapCached:           20 kB
Active:          4729516 kB
Inactive:        2053056 kB
Active(anon):    3198648 kB
Inactive(anon):   569852 kB
Active(file):    1530868 kB
Inactive(file):  1483204 kB
Unevictable:          92 kB
Mlocked:              92 kB
HighTotal:       7340228 kB
HighFree:         870084 kB
LowTotal:         792972 kB
LowFree:          231572 kB
SwapTotal:       6141948 kB
SwapFree:        6141784 kB
Dirty:               680 kB
Writeback:             0 kB
AnonPages:       3434488 kB
Mapped:           220896 kB
Shmem:            334280 kB
Slab:             187020 kB
SReclaimable:     145492 kB
SUnreclaim:        41528 kB
KernelStack:        4600 kB
PageTables:        21380 kB
NFS_Unstable:          0 kB
Bounce:                0 kB
WritebackTmp:          0 kB
CommitLimit:    10208548 kB
Committed_AS:    7037788 kB
VmallocTotal:     122880 kB
VmallocUsed:       35484 kB
VmallocChunk:      39968 kB
HardwareCorrupted:     0 kB
AnonHugePages:         0 kB
HugePages_Total:       0
HugePages_Free:        0
HugePages_Rsvd:        0
HugePages_Surp:        0
Hugepagesize:       2048 kB
DirectMap4k:       12280 kB
DirectMap2M:      901120 kB


CPU:total 2 (2 cores per cpu, 1 threads per core) family 6 model 23 stepping 10, cmov, cx8, fxsr, mmx, sse, sse2, sse3, ssse3, sse4.1

Memory: 4k page, physical 8133200k(1101656k free), swap 6141948k(6141784k free)

vm_info: OpenJDK Server VM (20.0-b11) for linux-x86 JRE (1.6.0_23-b23), built on Feb 23 2012 06:26:43 by "buildd" with gcc 4.6.1

time: Sat Apr 14 20:00:20 2012
elapsed time: 0 seconds

