#
# A fatal error has been detected by the Java Runtime Environment:
#
#  SIGSEGV (0xb) at pc=0x0001aee0, pid=4256, tid=3061377904
#
# JRE version: 6.0_23-b23
# Java VM: OpenJDK Server VM (20.0-b11 mixed mode linux-x86 )
# Derivative: IcedTea6 1.11pre
# Distribution: Ubuntu 11.10, package 6b23~pre11-0ubuntu1.11.10.2
# Problematic frame:
# C  0x0001aee0
[error occurred during error reporting (printing problematic frame), id 0xb]

# If you would like to submit a bug report, please include
# instructions how to reproduce the bug and visit:
#   https://bugs.launchpad.net/ubuntu/+source/openjdk-6/
# The crash happened outside the Java Virtual Machine in native code.
# See problematic frame for where to report the bug.
#

---------------  T H R E A D  ---------------

Current thread (0x08d10000):  JavaThread "main" [_thread_in_native, id=4259, stack(0xb673e000,0xb678f000)]

siginfo:si_signo=SIGSEGV: si_errno=0, si_code=1 (SEGV_MAPERR), si_addr=0x0001aee0

Registers:
EAX=0xbf884944, EBX=0xb7750ff4, ECX=0x0000000b, EDX=0x00000005
ESP=0xb678c3fc, EBP=0x6a6fce88, ESI=0x00000000, EDI=0x0000000b
EIP=0x0001aee0, EFLAGS=0x00210246, CR2=0x0001aee0

Top of Stack: (sp=0xb678c3fc)
0xb678c3fc:   b77407fb 00000005 bf884944 bf88495c
0xb678c40c:   00000005 00000000 b76ef000 b76f1404
0xb678c41c:   6a784ea0 00000005 bf884944 bf88495c
0xb678c42c:   6a6fce88 00000034 b7745c10 6b111eac
0xb678c43c:   b7750ff4 6a7afc38 00000000 00000002
0xb678c44c:   b77408e4 bf884944 bf88495c 00000034
0xb678c45c:   00000003 00000003 00000005 bf884944
0xb678c46c:   b7709180 00000000 00000000 b774087b 

Instructions: (pc=0x0001aee0)
0x0001aec0:   
[error occurred during error reporting (printing registers, top of stack, instructions near pc), id 0xb]

Register to memory mapping:

EAX=0xbf884944 is an unknown value
EBX=0xb7750ff4: <offset 0x1eff4> in /lib/ld-linux.so.2 at 0xb7732000
ECX=0x0000000b is an unknown value
EDX=0x00000005 is an unknown value
ESP=0xb678c3fc is pointing into the stack for thread: 0x08d10000
EBP=0x6a6fce88: <offset 0x59e88> in /opt/opencog/bin/opencog/util/libutil.so at 0x6a6a3000
ESI=0x00000000 is an unknown value
EDI=0x0000000b is an unknown value


Stack: [0xb673e000,0xb678f000],  sp=0xb678c3fc,  free space=312k
Native frames: (J=compiled Java code, j=interpreted, Vv=VM code, C=native code)
C  0x0001aee0
[error occurred during error reporting (printing native stack), id 0xb]

Java frames: (J=compiled Java code, j=interpreted, Vv=VM code)
j  java.lang.ClassLoader$NativeLibrary.load(Ljava/lang/String;)V+0
j  java.lang.ClassLoader.loadLibrary0(Ljava/lang/Class;Ljava/io/File;)Z+300
j  java.lang.ClassLoader.loadLibrary(Ljava/lang/Class;Ljava/lang/String;Z)V+268
j  java.lang.Runtime.loadLibrary0(Ljava/lang/Class;Ljava/lang/String;)V+54
j  java.lang.System.loadLibrary(Ljava/lang/String;)V+7
j  fi.neter.PLNTest.<init>()V+11
v  ~StubRoutines::call_stub
j  sun.reflect.NativeConstructorAccessorImpl.newInstance0(Ljava/lang/reflect/Constructor;[Ljava/lang/Object;)Ljava/lang/Object;+0
j  sun.reflect.NativeConstructorAccessorImpl.newInstance([Ljava/lang/Object;)Ljava/lang/Object;+72
j  sun.reflect.DelegatingConstructorAccessorImpl.newInstance([Ljava/lang/Object;)Ljava/lang/Object;+5
j  java.lang.reflect.Constructor.newInstance([Ljava/lang/Object;)Ljava/lang/Object;+92
j  org.junit.runners.BlockJUnit4ClassRunner.createTest()Ljava/lang/Object;+11
j  org.junit.runners.BlockJUnit4ClassRunner$1.runReflectiveCall()Ljava/lang/Object;+4
j  org.junit.internal.runners.model.ReflectiveCallable.run()Ljava/lang/Object;+1
j  org.junit.runners.BlockJUnit4ClassRunner.methodBlock(Lorg/junit/runners/model/FrameworkMethod;)Lorg/junit/runners/model/Statement;+8
j  org.junit.runners.BlockJUnit4ClassRunner.runChild(Lorg/junit/runners/model/FrameworkMethod;Lorg/junit/runner/notification/RunNotifier;)V+28
j  org.junit.runners.BlockJUnit4ClassRunner.runChild(Ljava/lang/Object;Lorg/junit/runner/notification/RunNotifier;)V+6
j  org.junit.runners.ParentRunner$3.run()V+12
j  org.junit.runners.ParentRunner$1.schedule(Ljava/lang/Runnable;)V+1
j  org.junit.runners.ParentRunner.runChildren(Lorg/junit/runner/notification/RunNotifier;)V+40
j  org.junit.runners.ParentRunner.access$000(Lorg/junit/runners/ParentRunner;Lorg/junit/runner/notification/RunNotifier;)V+2
j  org.junit.runners.ParentRunner$2.evaluate()V+8
j  org.junit.runners.ParentRunner.run(Lorg/junit/runner/notification/RunNotifier;)V+20
j  org.apache.maven.surefire.junit4.JUnit4TestSet.execute(Lorg/apache/maven/surefire/report/ReporterManager;Ljava/lang/ClassLoader;)V+41
j  org.apache.maven.surefire.suite.AbstractDirectoryTestSuite.executeTestSet(Lorg/apache/maven/surefire/testset/SurefireTestSet;Lorg/apache/maven/surefire/report/ReporterManagerFactory;Ljava/lang/ClassLoader;)V+51
j  org.apache.maven.surefire.suite.AbstractDirectoryTestSuite.execute(Lorg/apache/maven/surefire/report/ReporterManagerFactory;Ljava/lang/ClassLoader;)V+57
j  org.apache.maven.surefire.Surefire.run(Ljava/util/List;Ljava/util/List;Ljava/lang/ClassLoader;Ljava/lang/ClassLoader;Ljava/lang/Boolean;)I+163
v  ~StubRoutines::call_stub
j  sun.reflect.NativeMethodAccessorImpl.invoke0(Ljava/lang/reflect/Method;Ljava/lang/Object;[Ljava/lang/Object;)Ljava/lang/Object;+0
j  sun.reflect.NativeMethodAccessorImpl.invoke(Ljava/lang/Object;[Ljava/lang/Object;)Ljava/lang/Object;+87
j  sun.reflect.DelegatingMethodAccessorImpl.invoke(Ljava/lang/Object;[Ljava/lang/Object;)Ljava/lang/Object;+6
j  java.lang.reflect.Method.invoke(Ljava/lang/Object;[Ljava/lang/Object;)Ljava/lang/Object;+161
j  org.apache.maven.surefire.booter.SurefireBooter.runSuitesInProcess()I+303
j  org.apache.maven.surefire.booter.SurefireBooter.main([Ljava/lang/String;)V+739
v  ~StubRoutines::call_stub

---------------  P R O C E S S  ---------------

Java Threads: ( => current thread )
  0x6b095400 JavaThread "Low Memory Detector" daemon [_thread_blocked, id=4268, stack(0x6a976000,0x6a9c7000)]
  0x6b093400 JavaThread "C2 CompilerThread1" daemon [_thread_blocked, id=4267, stack(0x6a9c7000,0x6aa48000)]
  0x6b091400 JavaThread "C2 CompilerThread0" daemon [_thread_blocked, id=4266, stack(0x6aa48000,0x6aac9000)]
  0x6b08fc00 JavaThread "Signal Dispatcher" daemon [_thread_blocked, id=4265, stack(0x6aac9000,0x6ab1a000)]
  0x6b080400 JavaThread "Finalizer" daemon [_thread_blocked, id=4264, stack(0x6ad1a000,0x6ad6b000)]
  0x6b07ec00 JavaThread "Reference Handler" daemon [_thread_blocked, id=4263, stack(0x6ad6b000,0x6adbc000)]
=>0x08d10000 JavaThread "main" [_thread_in_native, id=4259, stack(0xb673e000,0xb678f000)]

Other Threads:
  0x6b07b000 VMThread [stack: 0x6adbc000,0x6ae3d000] [id=4262]
  0x6b097000 WatcherThread [stack: 0x6a8f5000,0x6a976000] [id=4269]

VM state:not at safepoint (normal execution)

VM Mutex/Monitor currently owned by a thread: None

Heap
 PSYoungGen      total 19136K, used 3631K [0x9e0a0000, 0x9f5f0000, 0xb35f0000)
  eden space 16448K, 22% used [0x9e0a0000,0x9e42be98,0x9f0b0000)
  from space 2688K, 0% used [0x9f350000,0x9f350000,0x9f5f0000)
  to   space 2688K, 0% used [0x9f0b0000,0x9f0b0000,0x9f350000)
 PSOldGen        total 43712K, used 0K [0x735f0000, 0x760a0000, 0x9e0a0000)
  object space 43712K, 0% used [0x735f0000,0x735f0000,0x760a0000)
 PSPermGen       total 16384K, used 3625K [0x6b5f0000, 0x6c5f0000, 0x735f0000)
  object space 16384K, 22% used [0x6b5f0000,0x6b97a7d8,0x6c5f0000)

Code Cache  [0xb36b7000, 0xb38f7000, 0xb66b7000)
 total_blobs=129 nmethods=15 adapters=69 free_code_cache=50001024 largest_free_block=14848

Dynamic libraries:
08048000-08051000 r-xp 00000000 08:11 2108205    /usr/lib/jvm/java-6-openjdk/jre/bin/java
08051000-08052000 r--p 00008000 08:11 2108205    /usr/lib/jvm/java-6-openjdk/jre/bin/java
08052000-08053000 rw-p 00009000 08:11 2108205    /usr/lib/jvm/java-6-openjdk/jre/bin/java
08d09000-08e87000 rw-p 00000000 00:00 0          [heap]
68f71000-68f78000 r--s 00000000 08:11 393647     /usr/lib/i386-linux-gnu/gconv/gconv-modules.cache
68f78000-68f8a000 r-xp 00000000 08:11 282205     /usr/lib/libboost_signals.so.1.46.1
68f8a000-68f8b000 r--p 00011000 08:11 282205     /usr/lib/libboost_signals.so.1.46.1
68f8b000-68f8c000 rw-p 00012000 08:11 282205     /usr/lib/libboost_signals.so.1.46.1
68f8c000-68fc8000 r-xp 00000000 08:11 269117     /usr/lib/libgslcblas.so.0.0.0
68fc8000-68fc9000 r--p 0003b000 08:11 269117     /usr/lib/libgslcblas.so.0.0.0
68fc9000-68fca000 rw-p 0003c000 08:11 269117     /usr/lib/libgslcblas.so.0.0.0
68fca000-691e0000 r-xp 00000000 08:11 265249     /usr/lib/libgsl.so.0.16.0
691e0000-691e2000 r--p 00215000 08:11 265249     /usr/lib/libgsl.so.0.16.0
691e2000-691ef000 rw-p 00217000 08:11 265249     /usr/lib/libgsl.so.0.16.0
691ef000-6931b000 r-xp 00000000 08:11 25839740   /opt/opencog/bin/opencog/spatial/libSpaceMap.so
6931b000-6931d000 r--p 0012b000 08:11 25839740   /opt/opencog/bin/opencog/spatial/libSpaceMap.so
6931d000-69321000 rw-p 0012d000 08:11 25839740   /opt/opencog/bin/opencog/spatial/libSpaceMap.so
69321000-693c3000 r-xp 00000000 08:11 24527019   /opt/ideawork/tu-0.3/jni_pln/lib/libatomspace.so
693c3000-693c6000 r--p 000a1000 08:11 24527019   /opt/ideawork/tu-0.3/jni_pln/lib/libatomspace.so
693c6000-693c7000 rw-p 000a4000 08:11 24527019   /opt/ideawork/tu-0.3/jni_pln/lib/libatomspace.so
693c7000-693c8000 rw-p 00000000 00:00 0 
693c8000-6a208000 r--p 00000000 08:11 265153     /usr/lib/libicudata.so.44.2
6a208000-6a209000 rw-p 00e3f000 08:11 265153     /usr/lib/libicudata.so.44.2
6a209000-6a3c5000 r-xp 00000000 08:11 262998     /usr/lib/libicui18n.so.44.2
6a3c5000-6a3cb000 r--p 001bb000 08:11 262998     /usr/lib/libicui18n.so.44.2
6a3cb000-6a3cc000 rw-p 001c1000 08:11 262998     /usr/lib/libicui18n.so.44.2
6a3cc000-6a3cd000 rw-p 00000000 00:00 0 
6a3cd000-6a501000 r-xp 00000000 08:11 265251     /usr/lib/libicuuc.so.44.2
6a501000-6a50a000 r--p 00133000 08:11 265251     /usr/lib/libicuuc.so.44.2
6a50a000-6a50b000 rw-p 0013c000 08:11 265251     /usr/lib/libicuuc.so.44.2
6a50b000-6a50f000 rw-p 00000000 00:00 0 
6a50f000-6a535000 r-xp 00000000 08:11 11406796   /lib/i386-linux-gnu/libexpat.so.1.5.2
6a535000-6a536000 ---p 00026000 08:11 11406796   /lib/i386-linux-gnu/libexpat.so.1.5.2
6a536000-6a538000 r--p 00026000 08:11 11406796   /lib/i386-linux-gnu/libexpat.so.1.5.2
6a538000-6a539000 rw-p 00028000 08:11 11406796   /lib/i386-linux-gnu/libexpat.so.1.5.2
6a539000-6a626000 r-xp 00000000 08:11 286733     /usr/lib/libboost_regex.so.1.46.1
6a626000-6a627000 ---p 000ed000 08:11 286733     /usr/lib/libboost_regex.so.1.46.1
6a627000-6a62a000 r--p 000ed000 08:11 286733     /usr/lib/libboost_regex.so.1.46.1
6a62a000-6a62b000 rw-p 000f0000 08:11 286733     /usr/lib/libboost_regex.so.1.46.1
6a62b000-6a62c000 rw-p 00000000 00:00 0 
6a62c000-6a648000 r-xp 00000000 08:11 285649     /usr/lib/libboost_filesystem.so.1.46.1
6a648000-6a649000 r--p 0001b000 08:11 285649     /usr/lib/libboost_filesystem.so.1.46.1
6a649000-6a64a000 rw-p 0001c000 08:11 285649     /usr/lib/libboost_filesystem.so.1.46.1
6a64a000-6a65f000 r-xp 00000000 08:11 282118     /usr/lib/libboost_thread.so.1.46.1
6a65f000-6a660000 ---p 00015000 08:11 282118     /usr/lib/libboost_thread.so.1.46.1
6a660000-6a661000 r--p 00015000 08:11 282118     /usr/lib/libboost_thread.so.1.46.1
6a661000-6a662000 rw-p 00016000 08:11 282118     /usr/lib/libboost_thread.so.1.46.1
6a662000-6a687000 r--p 00000000 08:11 3801681    /etc/ld.so.cache
6a687000-6a6a1000 r-xp 00000000 08:11 25839747   /opt/opencog/bin/opencog/persist/xml/libxml.so
6a6a1000-6a6a3000 rw-p 0001a000 08:11 25839747   /opt/opencog/bin/opencog/persist/xml/libxml.so
6a6a3000-6a6fc000 r-xp 00000000 08:11 24649768   /opt/opencog/bin/opencog/util/libutil.so
6a6fc000-6a6ff000 rw-p 00058000 08:11 24649768   /opt/opencog/bin/opencog/util/libutil.so
6a6ff000-6a700000 rw-p 00000000 00:00 0 
6a700000-6a7b8000 rw-p 00000000 00:00 0 
6a7b8000-6a800000 ---p 00000000 00:00 0 
6a804000-6a837000 r-xp 00000000 08:11 24527012   /opt/ideawork/tu-0.3/jni_pln/lib/libbuiltinreqs.so
6a837000-6a83a000 rw-p 00032000 08:11 24527012   /opt/ideawork/tu-0.3/jni_pln/lib/libbuiltinreqs.so
6a83a000-6a83b000 r--s 00002000 00:14 13374785   /home/tero/.m2/repository/org/apache/maven/surefire/surefire-junit4/2.6/surefire-junit4-2.6.jar
6a83b000-6a859000 r--s 00196000 00:14 13897759   /home/tero/.m2/repository/org/scalatest/scalatest/1.2/scalatest-1.2.jar
6a859000-6a896000 r--s 0027c000 00:14 20190479   /home/tero/.m2/repository/org/scala-tools/testing/specs_2.8.0/1.6.5/specs_2.8.0-1.6.5.jar
6a896000-6a8f5000 r--s 00582000 00:14 20190465   /home/tero/.m2/repository/org/scala-lang/scala-library/2.8.0/scala-library-2.8.0.jar
6a8f5000-6a8f6000 ---p 00000000 00:00 0 
6a8f6000-6a976000 rw-p 00000000 00:00 0 
6a976000-6a979000 ---p 00000000 00:00 0 
6a979000-6a9c7000 rw-p 00000000 00:00 0 
6a9c7000-6a9ca000 ---p 00000000 00:00 0 
6a9ca000-6aa48000 rw-p 00000000 00:00 0 
6aa48000-6aa4b000 ---p 00000000 00:00 0 
6aa4b000-6aac9000 rw-p 00000000 00:00 0 
6aac9000-6aacc000 ---p 00000000 00:00 0 
6aacc000-6ab1a000 rw-p 00000000 00:00 0 
6ab1a000-6ad1a000 r--p 00000000 08:11 262286     /usr/lib/locale/locale-archive
6ad1a000-6ad1d000 ---p 00000000 00:00 0 
6ad1d000-6ad6b000 rw-p 00000000 00:00 0 
6ad6b000-6ad6e000 ---p 00000000 00:00 0 
6ad6e000-6adbc000 rw-p 00000000 00:00 0 
6adbc000-6adbd000 ---p 00000000 00:00 0 
6adbd000-6ae70000 rw-p 00000000 00:00 0 
6ae70000-6b000000 r--s 037ba000 08:11 266023     /usr/lib/jvm/java-6-openjdk/jre/lib/rt.jar
6b000000-6b0ff000 rw-p 00000000 00:00 0 
6b0ff000-6b100000 ---p 00000000 00:00 0 
6b103000-6b111000 r-xp 00000000 08:11 393241     /usr/lib/i386-linux-gnu/libgomp.so.1.0.0
6b111000-6b112000 r--p 0000d000 08:11 393241     /usr/lib/i386-linux-gnu/libgomp.so.1.0.0
6b112000-6b113000 rw-p 0000e000 08:11 393241     /usr/lib/i386-linux-gnu/libgomp.so.1.0.0
6b113000-6b115000 r-xp 00000000 08:11 285648     /usr/lib/libboost_system.so.1.46.1
6b115000-6b116000 r--p 00002000 08:11 285648     /usr/lib/libboost_system.so.1.46.1
6b116000-6b117000 rw-p 00003000 08:11 285648     /usr/lib/libboost_system.so.1.46.1
6b117000-6b118000 ---p 00000000 00:00 0 
6b118000-6b198000 rw-p 00000000 00:00 0 
6b198000-6b199000 ---p 00000000 00:00 0 
6b199000-6b221000 rw-p 00000000 00:00 0 
6b221000-6b259000 rw-p 00000000 00:00 0 
6b259000-6b26f000 rw-p 00000000 00:00 0 
6b26f000-6b3af000 rw-p 00000000 00:00 0 
6b3af000-6b3b7000 rw-p 00000000 00:00 0 
6b3b7000-6b3ef000 rw-p 00000000 00:00 0 
6b3ef000-6b405000 rw-p 00000000 00:00 0 
6b405000-6b544000 rw-p 00000000 00:00 0 
6b544000-6b54f000 rw-p 00000000 00:00 0 
6b54f000-6b5ef000 rw-p 00000000 00:00 0 
6b5ef000-6c5f0000 rw-p 00000000 00:00 0 
6c5f0000-735f0000 rw-p 00000000 00:00 0 
735f0000-760a0000 rw-p 00000000 00:00 0 
760a0000-9e0a0000 rw-p 00000000 00:00 0 
9e0a0000-9f5f0000 rw-p 00000000 00:00 0 
9f5f0000-b35f0000 rw-p 00000000 00:00 0 
b35f1000-b35f7000 r--s 00034000 00:14 13897757   /home/tero/.m2/repository/junit/junit/4.8.1/junit-4.8.1.jar
b35f7000-b3600000 rw-p 00000000 00:00 0 
b3600000-b36b7000 rw-p 00000000 00:00 0 
b36b7000-b38f7000 rwxp 00000000 00:00 0 
b38f7000-b66b7000 rw-p 00000000 00:00 0 
b66b7000-b66c2000 r-xp 00000000 08:11 11403277   /lib/i386-linux-gnu/libnss_files-2.13.so
b66c2000-b66c3000 r--p 0000a000 08:11 11403277   /lib/i386-linux-gnu/libnss_files-2.13.so
b66c3000-b66c4000 rw-p 0000b000 08:11 11403277   /lib/i386-linux-gnu/libnss_files-2.13.so
b66c4000-b66d9000 r-xp 00000000 08:11 11403274   /lib/i386-linux-gnu/libnsl-2.13.so
b66d9000-b66da000 r--p 00015000 08:11 11403274   /lib/i386-linux-gnu/libnsl-2.13.so
b66da000-b66db000 rw-p 00016000 08:11 11403274   /lib/i386-linux-gnu/libnsl-2.13.so
b66db000-b66dd000 rw-p 00000000 00:00 0 
b66dd000-b66e5000 r-xp 00000000 08:11 11403275   /lib/i386-linux-gnu/libnss_compat-2.13.so
b66e5000-b66e6000 r--p 00007000 08:11 11403275   /lib/i386-linux-gnu/libnss_compat-2.13.so
b66e6000-b66e7000 rw-p 00008000 08:11 11403275   /lib/i386-linux-gnu/libnss_compat-2.13.so
b66e7000-b66f0000 r--s 00079000 00:14 13374771   /home/tero/.m2/repository/org/apache/maven/surefire/surefire-api/2.6/surefire-api-2.6.jar
b66f0000-b66f3000 r--s 0007d000 08:11 272575     /usr/lib/jvm/java-6-openjdk/jre/lib/jsse.jar
b66f3000-b66f8000 r--s 0003f000 00:14 13374768   /home/tero/.m2/repository/org/apache/maven/surefire/surefire-booter/2.6/surefire-booter-2.6.jar
b66f8000-b6700000 r--s 00066000 08:11 656045     /usr/share/java/gnome-java-bridge.jar
b6700000-b6702000 r--s 0000f000 08:11 272571     /usr/lib/jvm/java-6-openjdk/jre/lib/ext/pulse-java.jar
b6702000-b6703000 r--s 00000000 08:11 8393699    /tmp/surefirebooter2743847341242711373.jar
b6703000-b670a000 r-xp 00000000 08:11 1966948    /usr/lib/jvm/java-6-openjdk/jre/lib/i386/libzip.so
b670a000-b670b000 r--p 00006000 08:11 1966948    /usr/lib/jvm/java-6-openjdk/jre/lib/i386/libzip.so
b670b000-b670c000 rw-p 00007000 08:11 1966948    /usr/lib/jvm/java-6-openjdk/jre/lib/i386/libzip.so
b670c000-b6732000 r-xp 00000000 08:11 1966819    /usr/lib/jvm/java-6-openjdk/jre/lib/i386/libjava.so
b6732000-b6733000 r--p 00025000 08:11 1966819    /usr/lib/jvm/java-6-openjdk/jre/lib/i386/libjava.so
b6733000-b6735000 rw-p 00026000 08:11 1966819    /usr/lib/jvm/java-6-openjdk/jre/lib/i386/libjava.so
b6735000-b673c000 r-xp 00000000 08:11 11403284   /lib/i386-linux-gnu/librt-2.13.so
b673c000-b673d000 r--p 00006000 08:11 11403284   /lib/i386-linux-gnu/librt-2.13.so
b673d000-b673e000 rw-p 00007000 08:11 11403284   /lib/i386-linux-gnu/librt-2.13.so
b673e000-b6741000 ---p 00000000 00:00 0 
b6741000-b678f000 rw-p 00000000 00:00 0 
b678f000-b67ab000 r-xp 00000000 08:11 11405246   /lib/i386-linux-gnu/libgcc_s.so.1
b67ab000-b67ac000 r--p 0001b000 08:11 11405246   /lib/i386-linux-gnu/libgcc_s.so.1
b67ac000-b67ad000 rw-p 0001c000 08:11 11405246   /lib/i386-linux-gnu/libgcc_s.so.1
b67ad000-b67d5000 r-xp 00000000 08:11 11403272   /lib/i386-linux-gnu/libm-2.13.so
b67d5000-b67d6000 r--p 00028000 08:11 11403272   /lib/i386-linux-gnu/libm-2.13.so
b67d6000-b67d7000 rw-p 00029000 08:11 11403272   /lib/i386-linux-gnu/libm-2.13.so
b67d7000-b68b5000 r-xp 00000000 08:11 393242     /usr/lib/i386-linux-gnu/libstdc++.so.6.0.16
b68b5000-b68b6000 ---p 000de000 08:11 393242     /usr/lib/i386-linux-gnu/libstdc++.so.6.0.16
b68b6000-b68ba000 r--p 000de000 08:11 393242     /usr/lib/i386-linux-gnu/libstdc++.so.6.0.16
b68ba000-b68bb000 rw-p 000e2000 08:11 393242     /usr/lib/i386-linux-gnu/libstdc++.so.6.0.16
b68bb000-b68c2000 rw-p 00000000 00:00 0 
b68c2000-b70e0000 r-xp 00000000 08:11 1966956    /usr/lib/jvm/java-6-openjdk/jre/lib/i386/server/libjvm.so
b70e0000-b7125000 r--p 0081e000 08:11 1966956    /usr/lib/jvm/java-6-openjdk/jre/lib/i386/server/libjvm.so
b7125000-b7134000 rw-p 00863000 08:11 1966956    /usr/lib/jvm/java-6-openjdk/jre/lib/i386/server/libjvm.so
b7134000-b7550000 rw-p 00000000 00:00 0 
b7550000-b7563000 r-xp 00000000 08:11 11406786   /lib/i386-linux-gnu/libz.so.1.2.3.4
b7563000-b7564000 r--p 00012000 08:11 11406786   /lib/i386-linux-gnu/libz.so.1.2.3.4
b7564000-b7565000 rw-p 00013000 08:11 11406786   /lib/i386-linux-gnu/libz.so.1.2.3.4
b7565000-b76dd000 r-xp 00000000 08:11 11403268   /lib/i386-linux-gnu/libc-2.13.so
b76dd000-b76df000 r--p 00178000 08:11 11403268   /lib/i386-linux-gnu/libc-2.13.so
b76df000-b76e0000 rw-p 0017a000 08:11 11403268   /lib/i386-linux-gnu/libc-2.13.so
b76e0000-b76e3000 rw-p 00000000 00:00 0 
b76e3000-b76e6000 r-xp 00000000 08:11 11403271   /lib/i386-linux-gnu/libdl-2.13.so
b76e6000-b76e7000 r--p 00002000 08:11 11403271   /lib/i386-linux-gnu/libdl-2.13.so
b76e7000-b76e8000 rw-p 00003000 08:11 11403271   /lib/i386-linux-gnu/libdl-2.13.so
b76e8000-b76ec000 r-xp 00000000 08:11 1966575    /usr/lib/jvm/java-6-openjdk/jre/lib/i386/jli/libjli.so
b76ec000-b76ed000 r--p 00003000 08:11 1966575    /usr/lib/jvm/java-6-openjdk/jre/lib/i386/jli/libjli.so
b76ed000-b76ee000 rw-p 00004000 08:11 1966575    /usr/lib/jvm/java-6-openjdk/jre/lib/i386/jli/libjli.so
b76ee000-b76ef000 rw-p 00000000 00:00 0 
b76ef000-b7706000 r-xp 00000000 08:11 11403282   /lib/i386-linux-gnu/libpthread-2.13.so
b7706000-b7707000 r--p 00016000 08:11 11403282   /lib/i386-linux-gnu/libpthread-2.13.so
b7707000-b7708000 rw-p 00017000 08:11 11403282   /lib/i386-linux-gnu/libpthread-2.13.so
b7708000-b770a000 rw-p 00000000 00:00 0 
b770a000-b770b000 r--p 002a1000 08:11 262286     /usr/lib/locale/locale-archive
b770b000-b7713000 rw-s 00000000 08:11 14690269   /tmp/hsperfdata_tero/4256
b7713000-b771d000 r-xp 00000000 08:11 11403279   /lib/i386-linux-gnu/libnss_nis-2.13.so
b771d000-b771e000 r--p 00009000 08:11 11403279   /lib/i386-linux-gnu/libnss_nis-2.13.so
b771e000-b771f000 rw-p 0000a000 08:11 11403279   /lib/i386-linux-gnu/libnss_nis-2.13.so
b771f000-b7720000 rw-p 00000000 00:00 0 
b7720000-b7721000 r--p 00000000 00:00 0 
b7721000-b772c000 r-xp 00000000 08:11 1966943    /usr/lib/jvm/java-6-openjdk/jre/lib/i386/libverify.so
b772c000-b772d000 ---p 0000b000 08:11 1966943    /usr/lib/jvm/java-6-openjdk/jre/lib/i386/libverify.so
b772d000-b772e000 r--p 0000b000 08:11 1966943    /usr/lib/jvm/java-6-openjdk/jre/lib/i386/libverify.so
b772e000-b772f000 rw-p 0000c000 08:11 1966943    /usr/lib/jvm/java-6-openjdk/jre/lib/i386/libverify.so
b772f000-b7731000 rw-p 00000000 00:00 0 
b7731000-b7732000 r-xp 00000000 00:00 0          [vdso]
b7732000-b7750000 r-xp 00000000 08:11 11403265   /lib/i386-linux-gnu/ld-2.13.so
b7750000-b7751000 r--p 0001d000 08:11 11403265   /lib/i386-linux-gnu/ld-2.13.so
b7751000-b7752000 rw-p 0001e000 08:11 11403265   /lib/i386-linux-gnu/ld-2.13.so
bf851000-bf886000 rw-p 00000000 00:00 0          [stack]

VM Arguments:
java_command: /tmp/surefirebooter2743847341242711373.jar /tmp/surefire1818278697685644967tmp /tmp/surefire4668121794576967877tmp
Launcher Type: SUN_STANDARD

Environment Variables:
PATH=/usr/lib/lightdm/lightdm:/usr/local/sbin:/usr/local/bin:/usr/sbin:/usr/bin:/sbin:/bin:/usr/games
USERNAME=tero
LD_LIBRARY_PATH=/usr/lib/jvm/java-6-openjdk/jre/lib/i386/server:/usr/lib/jvm/java-6-openjdk/jre/lib/i386:/usr/lib/jvm/java-6-openjdk/jre/../lib/i386::../lib/:../native_lib/linux/target/
SHELL=/bin/bash
DISPLAY=:0

Signal Handlers:
SIGSEGV: [libjvm.so+0x66a530], sa_mask[0]=0x7ffbfeff, sa_flags=0x10000004
SIGBUS: [libjvm.so+0x66a530], sa_mask[0]=0x7ffbfeff, sa_flags=0x10000004
SIGFPE: [libjvm.so+0x52e2c0], sa_mask[0]=0x7ffbfeff, sa_flags=0x10000004
SIGPIPE: [libjvm.so+0x52e2c0], sa_mask[0]=0x7ffbfeff, sa_flags=0x10000004
SIGXFSZ: [libjvm.so+0x52e2c0], sa_mask[0]=0x7ffbfeff, sa_flags=0x10000004
SIGILL: [libjvm.so+0x52e2c0], sa_mask[0]=0x7ffbfeff, sa_flags=0x10000004
SIGUSR1: SIG_DFL, sa_mask[0]=0x00000000, sa_flags=0x00000000
SIGUSR2: [libjvm.so+0x52e150], sa_mask[0]=0x00000004, sa_flags=0x10000004
SIGHUP: [libjvm.so+0x5311f0], sa_mask[0]=0x7ffbfeff, sa_flags=0x10000004
SIGINT: [libjvm.so+0x5311f0], sa_mask[0]=0x7ffbfeff, sa_flags=0x10000004
SIGTERM: [libjvm.so+0x5311f0], sa_mask[0]=0x7ffbfeff, sa_flags=0x10000004
SIGQUIT: [libjvm.so+0x5311f0], sa_mask[0]=0x7ffbfeff, sa_flags=0x10000004


---------------  S Y S T E M  ---------------

OS:Ubuntu 11.10 (oneiric)
uname:Linux 3.0.0-17-generic-pae #30-Ubuntu SMP Thu Mar 8 17:53:35 UTC 2012 i686
libc:glibc 2.13 NPTL 2.13 
rlimit: STACK 8192k, CORE 0k, NPROC 63378, NOFILE 4096, AS infinity
load average:0.71 0.58 0.56

/proc/meminfo:
MemTotal:        8133200 kB
MemFree:          624672 kB
Buffers:          340556 kB
Cached:          3469376 kB
SwapCached:           20 kB
Active:          4795000 kB
Inactive:        2461680 kB
Active(anon):    3218404 kB
Inactive(anon):   562704 kB
Active(file):    1576596 kB
Inactive(file):  1898976 kB
Unevictable:          92 kB
Mlocked:              92 kB
HighTotal:       7340228 kB
HighFree:         396404 kB
LowTotal:         792972 kB
LowFree:          228268 kB
SwapTotal:       6141948 kB
SwapFree:        6141784 kB
Dirty:              7104 kB
Writeback:             0 kB
AnonPages:       3446896 kB
Mapped:           221140 kB
Shmem:            334360 kB
Slab:             188764 kB
SReclaimable:     147208 kB
SUnreclaim:        41556 kB
KernelStack:        4784 kB
PageTables:        21624 kB
NFS_Unstable:          0 kB
Bounce:                0 kB
WritebackTmp:          0 kB
CommitLimit:    10208548 kB
Committed_AS:    7142980 kB
VmallocTotal:     122880 kB
VmallocUsed:       35472 kB
VmallocChunk:      39812 kB
HardwareCorrupted:     0 kB
AnonHugePages:         0 kB
HugePages_Total:       0
HugePages_Free:        0
HugePages_Rsvd:        0
HugePages_Surp:        0
Hugepagesize:       2048 kB
DirectMap4k:       12280 kB
DirectMap2M:      901120 kB


CPU:total 2 (2 cores per cpu, 1 threads per core) family 6 model 23 stepping 10, cmov, cx8, fxsr, mmx, sse, sse2, sse3, ssse3, sse4.1

Memory: 4k page, physical 8133200k(624672k free), swap 6141948k(6141784k free)

vm_info: OpenJDK Server VM (20.0-b11) for linux-x86 JRE (1.6.0_23-b23), built on Feb 23 2012 06:26:43 by "buildd" with gcc 4.6.1

time: Sat Apr 14 20:08:28 2012
elapsed time: 0 seconds

