#
# A fatal error has been detected by the Java Runtime Environment:
#
#  SIGSEGV (0xb) at pc=0x0001aee0, pid=4414, tid=3061848944
#
# JRE version: 6.0_23-b23
# Java VM: OpenJDK Server VM (20.0-b11 mixed mode linux-x86 )
# Derivative: IcedTea6 1.11pre
# Distribution: Ubuntu 11.10, package 6b23~pre11-0ubuntu1.11.10.2
# Problematic frame:
# C  0x0001aee0
[error occurred during error reporting (printing problematic frame), id 0xb]

# If you would like to submit a bug report, please include
# instructions how to reproduce the bug and visit:
#   https://bugs.launchpad.net/ubuntu/+source/openjdk-6/
# The crash happened outside the Java Virtual Machine in native code.
# See problematic frame for where to report the bug.
#

---------------  T H R E A D  ---------------

Current thread (0x085f8000):  JavaThread "main" [_thread_in_native, id=4417, stack(0xb67b1000,0xb6802000)]

siginfo:si_signo=SIGSEGV: si_errno=0, si_code=1 (SEGV_MAPERR), si_addr=0x0001aee0

Registers:
EAX=0xbfd60674, EBX=0xb77c3ff4, ECX=0x0000000b, EDX=0x00000005
ESP=0xb67ff3fc, EBP=0x6a874e88, ESI=0x00000000, EDI=0x0000000b
EIP=0x0001aee0, EFLAGS=0x00210246, CR2=0x0001aee0

Top of Stack: (sp=0xb67ff3fc)
0xb67ff3fc:   b77b37fb 00000005 bfd60674 bfd6068c
0xb67ff40c:   00000005 00000000 b7762000 b7764404
0xb67ff41c:   6a705040 00000005 bfd60674 bfd6068c
0xb67ff42c:   6a874e88 00000034 b77b8c10 6ae11eac
0xb67ff43c:   b77c3ff4 6ade39f0 00000000 00000002
0xb67ff44c:   b77b38e4 bfd60674 bfd6068c 00000034
0xb67ff45c:   00000003 00000003 00000005 bfd60674
0xb67ff46c:   b777c180 00000000 00000000 b77b387b 

Instructions: (pc=0x0001aee0)
0x0001aec0:   
[error occurred during error reporting (printing registers, top of stack, instructions near pc), id 0xb]

Register to memory mapping:

EAX=0xbfd60674 is an unknown value
EBX=0xb77c3ff4: <offset 0x1eff4> in /lib/ld-linux.so.2 at 0xb77a5000
ECX=0x0000000b is an unknown value
EDX=0x00000005 is an unknown value
ESP=0xb67ff3fc is pointing into the stack for thread: 0x085f8000
EBP=0x6a874e88: <offset 0x59e88> in /opt/opencog/bin/opencog/util/libutil.so at 0x6a81b000
ESI=0x00000000 is an unknown value
EDI=0x0000000b is an unknown value


Stack: [0xb67b1000,0xb6802000],  sp=0xb67ff3fc,  free space=312k
Native frames: (J=compiled Java code, j=interpreted, Vv=VM code, C=native code)
C  0x0001aee0
[error occurred during error reporting (printing native stack), id 0xb]

Java frames: (J=compiled Java code, j=interpreted, Vv=VM code)
j  java.lang.ClassLoader$NativeLibrary.load(Ljava/lang/String;)V+0
j  java.lang.ClassLoader.loadLibrary0(Ljava/lang/Class;Ljava/io/File;)Z+300
j  java.lang.ClassLoader.loadLibrary(Ljava/lang/Class;Ljava/lang/String;Z)V+268
j  java.lang.Runtime.loadLibrary0(Ljava/lang/Class;Ljava/lang/String;)V+54
j  java.lang.System.loadLibrary(Ljava/lang/String;)V+7
j  fi.neter.PLNTest.<init>()V+11
v  ~StubRoutines::call_stub
j  sun.reflect.NativeConstructorAccessorImpl.newInstance0(Ljava/lang/reflect/Constructor;[Ljava/lang/Object;)Ljava/lang/Object;+0
j  sun.reflect.NativeConstructorAccessorImpl.newInstance([Ljava/lang/Object;)Ljava/lang/Object;+72
j  sun.reflect.DelegatingConstructorAccessorImpl.newInstance([Ljava/lang/Object;)Ljava/lang/Object;+5
j  java.lang.reflect.Constructor.newInstance([Ljava/lang/Object;)Ljava/lang/Object;+92
j  org.junit.runners.BlockJUnit4ClassRunner.createTest()Ljava/lang/Object;+11
j  org.junit.runners.BlockJUnit4ClassRunner$1.runReflectiveCall()Ljava/lang/Object;+4
j  org.junit.internal.runners.model.ReflectiveCallable.run()Ljava/lang/Object;+1
j  org.junit.runners.BlockJUnit4ClassRunner.methodBlock(Lorg/junit/runners/model/FrameworkMethod;)Lorg/junit/runners/model/Statement;+8
j  org.junit.runners.BlockJUnit4ClassRunner.runChild(Lorg/junit/runners/model/FrameworkMethod;Lorg/junit/runner/notification/RunNotifier;)V+28
j  org.junit.runners.BlockJUnit4ClassRunner.runChild(Ljava/lang/Object;Lorg/junit/runner/notification/RunNotifier;)V+6
j  org.junit.runners.ParentRunner$3.run()V+12
j  org.junit.runners.ParentRunner$1.schedule(Ljava/lang/Runnable;)V+1
j  org.junit.runners.ParentRunner.runChildren(Lorg/junit/runner/notification/RunNotifier;)V+40
j  org.junit.runners.ParentRunner.access$000(Lorg/junit/runners/ParentRunner;Lorg/junit/runner/notification/RunNotifier;)V+2
j  org.junit.runners.ParentRunner$2.evaluate()V+8
j  org.junit.runners.ParentRunner.run(Lorg/junit/runner/notification/RunNotifier;)V+20
j  org.apache.maven.surefire.junit4.JUnit4TestSet.execute(Lorg/apache/maven/surefire/report/ReporterManager;Ljava/lang/ClassLoader;)V+41
j  org.apache.maven.surefire.suite.AbstractDirectoryTestSuite.executeTestSet(Lorg/apache/maven/surefire/testset/SurefireTestSet;Lorg/apache/maven/surefire/report/ReporterManagerFactory;Ljava/lang/ClassLoader;)V+51
j  org.apache.maven.surefire.suite.AbstractDirectoryTestSuite.execute(Lorg/apache/maven/surefire/report/ReporterManagerFactory;Ljava/lang/ClassLoader;)V+57
j  org.apache.maven.surefire.Surefire.run(Ljava/util/List;Ljava/util/List;Ljava/lang/ClassLoader;Ljava/lang/ClassLoader;Ljava/lang/Boolean;)I+163
v  ~StubRoutines::call_stub
j  sun.reflect.NativeMethodAccessorImpl.invoke0(Ljava/lang/reflect/Method;Ljava/lang/Object;[Ljava/lang/Object;)Ljava/lang/Object;+0
j  sun.reflect.NativeMethodAccessorImpl.invoke(Ljava/lang/Object;[Ljava/lang/Object;)Ljava/lang/Object;+87
j  sun.reflect.DelegatingMethodAccessorImpl.invoke(Ljava/lang/Object;[Ljava/lang/Object;)Ljava/lang/Object;+6
j  java.lang.reflect.Method.invoke(Ljava/lang/Object;[Ljava/lang/Object;)Ljava/lang/Object;+161
j  org.apache.maven.surefire.booter.SurefireBooter.runSuitesInProcess()I+303
j  org.apache.maven.surefire.booter.SurefireBooter.main([Ljava/lang/String;)V+739
v  ~StubRoutines::call_stub

---------------  P R O C E S S  ---------------

Java Threads: ( => current thread )
  0x6ad07800 JavaThread "Low Memory Detector" daemon [_thread_blocked, id=4426, stack(0x6a9ad000,0x6a9fe000)]
  0x6ad05c00 JavaThread "C2 CompilerThread1" daemon [_thread_blocked, id=4425, stack(0x6a9fe000,0x6aa7f000)]
  0x6ad03800 JavaThread "C2 CompilerThread0" daemon [_thread_blocked, id=4424, stack(0x6aa7f000,0x6ab00000)]
  0x08691c00 JavaThread "Signal Dispatcher" daemon [_thread_blocked, id=4423, stack(0x6ae50000,0x6aea1000)]
  0x08682400 JavaThread "Finalizer" daemon [_thread_blocked, id=4422, stack(0x6aea1000,0x6aef2000)]
  0x08680800 JavaThread "Reference Handler" daemon [_thread_blocked, id=4421, stack(0x6aef2000,0x6af43000)]
=>0x085f8000 JavaThread "main" [_thread_in_native, id=4417, stack(0xb67b1000,0xb6802000)]

Other Threads:
  0x0867cc00 VMThread [stack: 0x6af43000,0x6afc4000] [id=4420]
  0x6ad09800 WatcherThread [stack: 0x6a92c000,0x6a9ad000] [id=4427]

VM state:not at safepoint (normal execution)

VM Mutex/Monitor currently owned by a thread: None

Heap
 PSYoungGen      total 19136K, used 3631K [0x9e110000, 0x9f660000, 0xb3660000)
  eden space 16448K, 22% used [0x9e110000,0x9e49be98,0x9f120000)
  from space 2688K, 0% used [0x9f3c0000,0x9f3c0000,0x9f660000)
  to   space 2688K, 0% used [0x9f120000,0x9f120000,0x9f3c0000)
 PSOldGen        total 43712K, used 0K [0x73660000, 0x76110000, 0x9e110000)
  object space 43712K, 0% used [0x73660000,0x73660000,0x76110000)
 PSPermGen       total 16384K, used 3625K [0x6b660000, 0x6c660000, 0x73660000)
  object space 16384K, 22% used [0x6b660000,0x6b9ea790,0x6c660000)

Code Cache  [0xb372a000, 0xb396a000, 0xb672a000)
 total_blobs=129 nmethods=15 adapters=69 free_code_cache=50001344 largest_free_block=14848

Dynamic libraries:
08048000-08051000 r-xp 00000000 08:11 2108205    /usr/lib/jvm/java-6-openjdk/jre/bin/java
08051000-08052000 r--p 00008000 08:11 2108205    /usr/lib/jvm/java-6-openjdk/jre/bin/java
08052000-08053000 rw-p 00009000 08:11 2108205    /usr/lib/jvm/java-6-openjdk/jre/bin/java
085f1000-08837000 rw-p 00000000 00:00 0          [heap]
68fe6000-68fed000 r--s 00000000 08:11 393647     /usr/lib/i386-linux-gnu/gconv/gconv-modules.cache
68fed000-68fff000 r-xp 00000000 08:11 282205     /usr/lib/libboost_signals.so.1.46.1
68fff000-69000000 r--p 00011000 08:11 282205     /usr/lib/libboost_signals.so.1.46.1
69000000-69001000 rw-p 00012000 08:11 282205     /usr/lib/libboost_signals.so.1.46.1
69001000-6903d000 r-xp 00000000 08:11 269117     /usr/lib/libgslcblas.so.0.0.0
6903d000-6903e000 r--p 0003b000 08:11 269117     /usr/lib/libgslcblas.so.0.0.0
6903e000-6903f000 rw-p 0003c000 08:11 269117     /usr/lib/libgslcblas.so.0.0.0
6903f000-69255000 r-xp 00000000 08:11 265249     /usr/lib/libgsl.so.0.16.0
69255000-69257000 r--p 00215000 08:11 265249     /usr/lib/libgsl.so.0.16.0
69257000-69264000 rw-p 00217000 08:11 265249     /usr/lib/libgsl.so.0.16.0
69264000-69390000 r-xp 00000000 08:11 25839740   /opt/opencog/bin/opencog/spatial/libSpaceMap.so
69390000-69392000 r--p 0012b000 08:11 25839740   /opt/opencog/bin/opencog/spatial/libSpaceMap.so
69392000-69396000 rw-p 0012d000 08:11 25839740   /opt/opencog/bin/opencog/spatial/libSpaceMap.so
69396000-69438000 r-xp 00000000 08:11 24527019   /opt/ideawork/tu-0.3/jni_pln/lib/libatomspace.so
69438000-6943b000 r--p 000a1000 08:11 24527019   /opt/ideawork/tu-0.3/jni_pln/lib/libatomspace.so
6943b000-6943c000 rw-p 000a4000 08:11 24527019   /opt/ideawork/tu-0.3/jni_pln/lib/libatomspace.so
6943c000-6943d000 rw-p 00000000 00:00 0 
6943d000-6a27d000 r--p 00000000 08:11 265153     /usr/lib/libicudata.so.44.2
6a27d000-6a27e000 rw-p 00e3f000 08:11 265153     /usr/lib/libicudata.so.44.2
6a27e000-6a43a000 r-xp 00000000 08:11 262998     /usr/lib/libicui18n.so.44.2
6a43a000-6a440000 r--p 001bb000 08:11 262998     /usr/lib/libicui18n.so.44.2
6a440000-6a441000 rw-p 001c1000 08:11 262998     /usr/lib/libicui18n.so.44.2
6a441000-6a442000 rw-p 00000000 00:00 0 
6a442000-6a576000 r-xp 00000000 08:11 265251     /usr/lib/libicuuc.so.44.2
6a576000-6a57f000 r--p 00133000 08:11 265251     /usr/lib/libicuuc.so.44.2
6a57f000-6a580000 rw-p 0013c000 08:11 265251     /usr/lib/libicuuc.so.44.2
6a580000-6a584000 rw-p 00000000 00:00 0 
6a584000-6a5aa000 r-xp 00000000 08:11 11406796   /lib/i386-linux-gnu/libexpat.so.1.5.2
6a5aa000-6a5ab000 ---p 00026000 08:11 11406796   /lib/i386-linux-gnu/libexpat.so.1.5.2
6a5ab000-6a5ad000 r--p 00026000 08:11 11406796   /lib/i386-linux-gnu/libexpat.so.1.5.2
6a5ad000-6a5ae000 rw-p 00028000 08:11 11406796   /lib/i386-linux-gnu/libexpat.so.1.5.2
6a5ae000-6a69b000 r-xp 00000000 08:11 286733     /usr/lib/libboost_regex.so.1.46.1
6a69b000-6a69c000 ---p 000ed000 08:11 286733     /usr/lib/libboost_regex.so.1.46.1
6a69c000-6a69f000 r--p 000ed000 08:11 286733     /usr/lib/libboost_regex.so.1.46.1
6a69f000-6a6a0000 rw-p 000f0000 08:11 286733     /usr/lib/libboost_regex.so.1.46.1
6a6a0000-6a6a1000 rw-p 00000000 00:00 0 
6a6a1000-6a6bd000 r-xp 00000000 08:11 285649     /usr/lib/libboost_filesystem.so.1.46.1
6a6bd000-6a6be000 r--p 0001b000 08:11 285649     /usr/lib/libboost_filesystem.so.1.46.1
6a6be000-6a6bf000 rw-p 0001c000 08:11 285649     /usr/lib/libboost_filesystem.so.1.46.1
6a6bf000-6a6e4000 r--p 00000000 08:11 3801681    /etc/ld.so.cache
6a6e4000-6a6fe000 r-xp 00000000 08:11 25839747   /opt/opencog/bin/opencog/persist/xml/libxml.so
6a6fe000-6a700000 rw-p 0001a000 08:11 25839747   /opt/opencog/bin/opencog/persist/xml/libxml.so
6a700000-6a722000 rw-p 00000000 00:00 0 
6a722000-6a800000 ---p 00000000 00:00 0 
6a803000-6a818000 r-xp 00000000 08:11 282118     /usr/lib/libboost_thread.so.1.46.1
6a818000-6a819000 ---p 00015000 08:11 282118     /usr/lib/libboost_thread.so.1.46.1
6a819000-6a81a000 r--p 00015000 08:11 282118     /usr/lib/libboost_thread.so.1.46.1
6a81a000-6a81b000 rw-p 00016000 08:11 282118     /usr/lib/libboost_thread.so.1.46.1
6a81b000-6a874000 r-xp 00000000 08:11 24649768   /opt/opencog/bin/opencog/util/libutil.so
6a874000-6a877000 rw-p 00058000 08:11 24649768   /opt/opencog/bin/opencog/util/libutil.so
6a877000-6a878000 rw-p 00000000 00:00 0 
6a878000-6a8ab000 r-xp 00000000 08:11 24527012   /opt/ideawork/tu-0.3/jni_pln/lib/libbuiltinreqs.so
6a8ab000-6a8ae000 rw-p 00032000 08:11 24527012   /opt/ideawork/tu-0.3/jni_pln/lib/libbuiltinreqs.so
6a8ae000-6a8af000 r--s 00002000 00:14 13374785   /home/tero/.m2/repository/org/apache/maven/surefire/surefire-junit4/2.6/surefire-junit4-2.6.jar
6a8af000-6a8cd000 r--s 00196000 00:14 13897759   /home/tero/.m2/repository/org/scalatest/scalatest/1.2/scalatest-1.2.jar
6a8cd000-6a92c000 r--s 00582000 00:14 20190465   /home/tero/.m2/repository/org/scala-lang/scala-library/2.8.0/scala-library-2.8.0.jar
6a92c000-6a92d000 ---p 00000000 00:00 0 
6a92d000-6a9ad000 rw-p 00000000 00:00 0 
6a9ad000-6a9b0000 ---p 00000000 00:00 0 
6a9b0000-6a9fe000 rw-p 00000000 00:00 0 
6a9fe000-6aa01000 ---p 00000000 00:00 0 
6aa01000-6aa7f000 rw-p 00000000 00:00 0 
6aa7f000-6aa82000 ---p 00000000 00:00 0 
6aa82000-6ab00000 rw-p 00000000 00:00 0 
6ab00000-6ad00000 r--p 00000000 08:11 262286     /usr/lib/locale/locale-archive
6ad00000-6adff000 rw-p 00000000 00:00 0 
6adff000-6ae00000 ---p 00000000 00:00 0 
6ae03000-6ae11000 r-xp 00000000 08:11 393241     /usr/lib/i386-linux-gnu/libgomp.so.1.0.0
6ae11000-6ae12000 r--p 0000d000 08:11 393241     /usr/lib/i386-linux-gnu/libgomp.so.1.0.0
6ae12000-6ae13000 rw-p 0000e000 08:11 393241     /usr/lib/i386-linux-gnu/libgomp.so.1.0.0
6ae13000-6ae50000 r--s 0027c000 00:14 20190479   /home/tero/.m2/repository/org/scala-tools/testing/specs_2.8.0/1.6.5/specs_2.8.0-1.6.5.jar
6ae50000-6ae53000 ---p 00000000 00:00 0 
6ae53000-6aea1000 rw-p 00000000 00:00 0 
6aea1000-6aea4000 ---p 00000000 00:00 0 
6aea4000-6aef2000 rw-p 00000000 00:00 0 
6aef2000-6aef5000 ---p 00000000 00:00 0 
6aef5000-6af43000 rw-p 00000000 00:00 0 
6af43000-6af44000 ---p 00000000 00:00 0 
6af44000-6aff7000 rw-p 00000000 00:00 0 
6aff7000-6b187000 r--s 037ba000 08:11 266023     /usr/lib/jvm/java-6-openjdk/jre/lib/rt.jar
6b187000-6b188000 ---p 00000000 00:00 0 
6b188000-6b208000 rw-p 00000000 00:00 0 
6b208000-6b209000 ---p 00000000 00:00 0 
6b209000-6b291000 rw-p 00000000 00:00 0 
6b291000-6b2c9000 rw-p 00000000 00:00 0 
6b2c9000-6b2df000 rw-p 00000000 00:00 0 
6b2df000-6b41f000 rw-p 00000000 00:00 0 
6b41f000-6b427000 rw-p 00000000 00:00 0 
6b427000-6b45f000 rw-p 00000000 00:00 0 
6b45f000-6b475000 rw-p 00000000 00:00 0 
6b475000-6b5b4000 rw-p 00000000 00:00 0 
6b5b4000-6b5bf000 rw-p 00000000 00:00 0 
6b5bf000-6b65f000 rw-p 00000000 00:00 0 
6b65f000-6c660000 rw-p 00000000 00:00 0 
6c660000-73660000 rw-p 00000000 00:00 0 
73660000-76110000 rw-p 00000000 00:00 0 
76110000-9e110000 rw-p 00000000 00:00 0 
9e110000-9f660000 rw-p 00000000 00:00 0 
9f660000-b3660000 rw-p 00000000 00:00 0 
b3660000-b3662000 r-xp 00000000 08:11 285648     /usr/lib/libboost_system.so.1.46.1
b3662000-b3663000 r--p 00002000 08:11 285648     /usr/lib/libboost_system.so.1.46.1
b3663000-b3664000 rw-p 00003000 08:11 285648     /usr/lib/libboost_system.so.1.46.1
b3664000-b366a000 r--s 00034000 00:14 13897757   /home/tero/.m2/repository/junit/junit/4.8.1/junit-4.8.1.jar
b366a000-b3673000 rw-p 00000000 00:00 0 
b3673000-b372a000 rw-p 00000000 00:00 0 
b372a000-b396a000 rwxp 00000000 00:00 0 
b396a000-b672a000 rw-p 00000000 00:00 0 
b672a000-b6735000 r-xp 00000000 08:11 11403277   /lib/i386-linux-gnu/libnss_files-2.13.so
b6735000-b6736000 r--p 0000a000 08:11 11403277   /lib/i386-linux-gnu/libnss_files-2.13.so
b6736000-b6737000 rw-p 0000b000 08:11 11403277   /lib/i386-linux-gnu/libnss_files-2.13.so
b6737000-b674c000 r-xp 00000000 08:11 11403274   /lib/i386-linux-gnu/libnsl-2.13.so
b674c000-b674d000 r--p 00015000 08:11 11403274   /lib/i386-linux-gnu/libnsl-2.13.so
b674d000-b674e000 rw-p 00016000 08:11 11403274   /lib/i386-linux-gnu/libnsl-2.13.so
b674e000-b6750000 rw-p 00000000 00:00 0 
b6750000-b6758000 r-xp 00000000 08:11 11403275   /lib/i386-linux-gnu/libnss_compat-2.13.so
b6758000-b6759000 r--p 00007000 08:11 11403275   /lib/i386-linux-gnu/libnss_compat-2.13.so
b6759000-b675a000 rw-p 00008000 08:11 11403275   /lib/i386-linux-gnu/libnss_compat-2.13.so
b675a000-b6763000 r--s 00079000 00:14 13374771   /home/tero/.m2/repository/org/apache/maven/surefire/surefire-api/2.6/surefire-api-2.6.jar
b6763000-b6766000 r--s 0007d000 08:11 272575     /usr/lib/jvm/java-6-openjdk/jre/lib/jsse.jar
b6766000-b676b000 r--s 0003f000 00:14 13374768   /home/tero/.m2/repository/org/apache/maven/surefire/surefire-booter/2.6/surefire-booter-2.6.jar
b676b000-b6773000 r--s 00066000 08:11 656045     /usr/share/java/gnome-java-bridge.jar
b6773000-b6775000 r--s 0000f000 08:11 272571     /usr/lib/jvm/java-6-openjdk/jre/lib/ext/pulse-java.jar
b6775000-b6776000 r--s 00000000 08:11 8393700    /tmp/surefirebooter9149916097901067836.jar
b6776000-b677d000 r-xp 00000000 08:11 1966948    /usr/lib/jvm/java-6-openjdk/jre/lib/i386/libzip.so
b677d000-b677e000 r--p 00006000 08:11 1966948    /usr/lib/jvm/java-6-openjdk/jre/lib/i386/libzip.so
b677e000-b677f000 rw-p 00007000 08:11 1966948    /usr/lib/jvm/java-6-openjdk/jre/lib/i386/libzip.so
b677f000-b67a5000 r-xp 00000000 08:11 1966819    /usr/lib/jvm/java-6-openjdk/jre/lib/i386/libjava.so
b67a5000-b67a6000 r--p 00025000 08:11 1966819    /usr/lib/jvm/java-6-openjdk/jre/lib/i386/libjava.so
b67a6000-b67a8000 rw-p 00026000 08:11 1966819    /usr/lib/jvm/java-6-openjdk/jre/lib/i386/libjava.so
b67a8000-b67af000 r-xp 00000000 08:11 11403284   /lib/i386-linux-gnu/librt-2.13.so
b67af000-b67b0000 r--p 00006000 08:11 11403284   /lib/i386-linux-gnu/librt-2.13.so
b67b0000-b67b1000 rw-p 00007000 08:11 11403284   /lib/i386-linux-gnu/librt-2.13.so
b67b1000-b67b4000 ---p 00000000 00:00 0 
b67b4000-b6802000 rw-p 00000000 00:00 0 
b6802000-b681e000 r-xp 00000000 08:11 11405246   /lib/i386-linux-gnu/libgcc_s.so.1
b681e000-b681f000 r--p 0001b000 08:11 11405246   /lib/i386-linux-gnu/libgcc_s.so.1
b681f000-b6820000 rw-p 0001c000 08:11 11405246   /lib/i386-linux-gnu/libgcc_s.so.1
b6820000-b6848000 r-xp 00000000 08:11 11403272   /lib/i386-linux-gnu/libm-2.13.so
b6848000-b6849000 r--p 00028000 08:11 11403272   /lib/i386-linux-gnu/libm-2.13.so
b6849000-b684a000 rw-p 00029000 08:11 11403272   /lib/i386-linux-gnu/libm-2.13.so
b684a000-b6928000 r-xp 00000000 08:11 393242     /usr/lib/i386-linux-gnu/libstdc++.so.6.0.16
b6928000-b6929000 ---p 000de000 08:11 393242     /usr/lib/i386-linux-gnu/libstdc++.so.6.0.16
b6929000-b692d000 r--p 000de000 08:11 393242     /usr/lib/i386-linux-gnu/libstdc++.so.6.0.16
b692d000-b692e000 rw-p 000e2000 08:11 393242     /usr/lib/i386-linux-gnu/libstdc++.so.6.0.16
b692e000-b6935000 rw-p 00000000 00:00 0 
b6935000-b7153000 r-xp 00000000 08:11 1966956    /usr/lib/jvm/java-6-openjdk/jre/lib/i386/server/libjvm.so
b7153000-b7198000 r--p 0081e000 08:11 1966956    /usr/lib/jvm/java-6-openjdk/jre/lib/i386/server/libjvm.so
b7198000-b71a7000 rw-p 00863000 08:11 1966956    /usr/lib/jvm/java-6-openjdk/jre/lib/i386/server/libjvm.so
b71a7000-b75c3000 rw-p 00000000 00:00 0 
b75c3000-b75d6000 r-xp 00000000 08:11 11406786   /lib/i386-linux-gnu/libz.so.1.2.3.4
b75d6000-b75d7000 r--p 00012000 08:11 11406786   /lib/i386-linux-gnu/libz.so.1.2.3.4
b75d7000-b75d8000 rw-p 00013000 08:11 11406786   /lib/i386-linux-gnu/libz.so.1.2.3.4
b75d8000-b7750000 r-xp 00000000 08:11 11403268   /lib/i386-linux-gnu/libc-2.13.so
b7750000-b7752000 r--p 00178000 08:11 11403268   /lib/i386-linux-gnu/libc-2.13.so
b7752000-b7753000 rw-p 0017a000 08:11 11403268   /lib/i386-linux-gnu/libc-2.13.so
b7753000-b7756000 rw-p 00000000 00:00 0 
b7756000-b7759000 r-xp 00000000 08:11 11403271   /lib/i386-linux-gnu/libdl-2.13.so
b7759000-b775a000 r--p 00002000 08:11 11403271   /lib/i386-linux-gnu/libdl-2.13.so
b775a000-b775b000 rw-p 00003000 08:11 11403271   /lib/i386-linux-gnu/libdl-2.13.so
b775b000-b775f000 r-xp 00000000 08:11 1966575    /usr/lib/jvm/java-6-openjdk/jre/lib/i386/jli/libjli.so
b775f000-b7760000 r--p 00003000 08:11 1966575    /usr/lib/jvm/java-6-openjdk/jre/lib/i386/jli/libjli.so
b7760000-b7761000 rw-p 00004000 08:11 1966575    /usr/lib/jvm/java-6-openjdk/jre/lib/i386/jli/libjli.so
b7761000-b7762000 rw-p 00000000 00:00 0 
b7762000-b7779000 r-xp 00000000 08:11 11403282   /lib/i386-linux-gnu/libpthread-2.13.so
b7779000-b777a000 r--p 00016000 08:11 11403282   /lib/i386-linux-gnu/libpthread-2.13.so
b777a000-b777b000 rw-p 00017000 08:11 11403282   /lib/i386-linux-gnu/libpthread-2.13.so
b777b000-b777d000 rw-p 00000000 00:00 0 
b777d000-b777e000 r--p 002a1000 08:11 262286     /usr/lib/locale/locale-archive
b777e000-b7786000 rw-s 00000000 08:11 14690269   /tmp/hsperfdata_tero/4414
b7786000-b7790000 r-xp 00000000 08:11 11403279   /lib/i386-linux-gnu/libnss_nis-2.13.so
b7790000-b7791000 r--p 00009000 08:11 11403279   /lib/i386-linux-gnu/libnss_nis-2.13.so
b7791000-b7792000 rw-p 0000a000 08:11 11403279   /lib/i386-linux-gnu/libnss_nis-2.13.so
b7792000-b7793000 rw-p 00000000 00:00 0 
b7793000-b7794000 r--p 00000000 00:00 0 
b7794000-b779f000 r-xp 00000000 08:11 1966943    /usr/lib/jvm/java-6-openjdk/jre/lib/i386/libverify.so
b779f000-b77a0000 ---p 0000b000 08:11 1966943    /usr/lib/jvm/java-6-openjdk/jre/lib/i386/libverify.so
b77a0000-b77a1000 r--p 0000b000 08:11 1966943    /usr/lib/jvm/java-6-openjdk/jre/lib/i386/libverify.so
b77a1000-b77a2000 rw-p 0000c000 08:11 1966943    /usr/lib/jvm/java-6-openjdk/jre/lib/i386/libverify.so
b77a2000-b77a4000 rw-p 00000000 00:00 0 
b77a4000-b77a5000 r-xp 00000000 00:00 0          [vdso]
b77a5000-b77c3000 r-xp 00000000 08:11 11403265   /lib/i386-linux-gnu/ld-2.13.so
b77c3000-b77c4000 r--p 0001d000 08:11 11403265   /lib/i386-linux-gnu/ld-2.13.so
b77c4000-b77c5000 rw-p 0001e000 08:11 11403265   /lib/i386-linux-gnu/ld-2.13.so
bfd2d000-bfd63000 rw-p 00000000 00:00 0          [stack]

VM Arguments:
java_command: /tmp/surefirebooter9149916097901067836.jar /tmp/surefire28159329665897738tmp /tmp/surefire6617031016021669050tmp
Launcher Type: SUN_STANDARD

Environment Variables:
PATH=/usr/lib/lightdm/lightdm:/usr/local/sbin:/usr/local/bin:/usr/sbin:/usr/bin:/sbin:/bin:/usr/games
USERNAME=tero
LD_LIBRARY_PATH=/usr/lib/jvm/java-6-openjdk/jre/lib/i386/server:/usr/lib/jvm/java-6-openjdk/jre/lib/i386:/usr/lib/jvm/java-6-openjdk/jre/../lib/i386::../lib/:../native_lib/linux/target/
SHELL=/bin/bash
DISPLAY=:0

Signal Handlers:
SIGSEGV: [libjvm.so+0x66a530], sa_mask[0]=0x7ffbfeff, sa_flags=0x10000004
SIGBUS: [libjvm.so+0x66a530], sa_mask[0]=0x7ffbfeff, sa_flags=0x10000004
SIGFPE: [libjvm.so+0x52e2c0], sa_mask[0]=0x7ffbfeff, sa_flags=0x10000004
SIGPIPE: [libjvm.so+0x52e2c0], sa_mask[0]=0x7ffbfeff, sa_flags=0x10000004
SIGXFSZ: [libjvm.so+0x52e2c0], sa_mask[0]=0x7ffbfeff, sa_flags=0x10000004
SIGILL: [libjvm.so+0x52e2c0], sa_mask[0]=0x7ffbfeff, sa_flags=0x10000004
SIGUSR1: SIG_DFL, sa_mask[0]=0x00000000, sa_flags=0x00000000
SIGUSR2: [libjvm.so+0x52e150], sa_mask[0]=0x00000004, sa_flags=0x10000004
SIGHUP: [libjvm.so+0x5311f0], sa_mask[0]=0x7ffbfeff, sa_flags=0x10000004
SIGINT: [libjvm.so+0x5311f0], sa_mask[0]=0x7ffbfeff, sa_flags=0x10000004
SIGTERM: [libjvm.so+0x5311f0], sa_mask[0]=0x7ffbfeff, sa_flags=0x10000004
SIGQUIT: [libjvm.so+0x5311f0], sa_mask[0]=0x7ffbfeff, sa_flags=0x10000004


---------------  S Y S T E M  ---------------

OS:Ubuntu 11.10 (oneiric)
uname:Linux 3.0.0-17-generic-pae #30-Ubuntu SMP Thu Mar 8 17:53:35 UTC 2012 i686
libc:glibc 2.13 NPTL 2.13 
rlimit: STACK 8192k, CORE 0k, NPROC 63378, NOFILE 4096, AS infinity
load average:0.41 0.47 0.52

/proc/meminfo:
MemTotal:        8133200 kB
MemFree:          622960 kB
Buffers:          340672 kB
Cached:          3470304 kB
SwapCached:           20 kB
Active:          4796596 kB
Inactive:        2462280 kB
Active(anon):    3219704 kB
Inactive(anon):   562692 kB
Active(file):    1576892 kB
Inactive(file):  1899588 kB
Unevictable:          92 kB
Mlocked:              92 kB
HighTotal:       7340228 kB
HighFree:         394544 kB
LowTotal:         792972 kB
LowFree:          228416 kB
SwapTotal:       6141948 kB
SwapFree:        6141784 kB
Dirty:               364 kB
Writeback:             0 kB
AnonPages:       3448232 kB
Mapped:           221100 kB
Shmem:            334320 kB
Slab:             188756 kB
SReclaimable:     147200 kB
SUnreclaim:        41556 kB
KernelStack:        4648 kB
PageTables:        21492 kB
NFS_Unstable:          0 kB
Bounce:                0 kB
WritebackTmp:          0 kB
CommitLimit:    10208548 kB
Committed_AS:    7193688 kB
VmallocTotal:     122880 kB
VmallocUsed:       35472 kB
VmallocChunk:      39812 kB
HardwareCorrupted:     0 kB
AnonHugePages:         0 kB
HugePages_Total:       0
HugePages_Free:        0
HugePages_Rsvd:        0
HugePages_Surp:        0
Hugepagesize:       2048 kB
DirectMap4k:       12280 kB
DirectMap2M:      901120 kB


CPU:total 2 (2 cores per cpu, 1 threads per core) family 6 model 23 stepping 10, cmov, cx8, fxsr, mmx, sse, sse2, sse3, ssse3, sse4.1

Memory: 4k page, physical 8133200k(622960k free), swap 6141948k(6141784k free)

vm_info: OpenJDK Server VM (20.0-b11) for linux-x86 JRE (1.6.0_23-b23), built on Feb 23 2012 06:26:43 by "buildd" with gcc 4.6.1

time: Sat Apr 14 20:10:52 2012
elapsed time: 0 seconds

