#
# A fatal error has been detected by the Java Runtime Environment:
#
#  SIGSEGV (0xb) at pc=0x0001aee0, pid=4699, tid=3062008688
#
# JRE version: 6.0_23-b23
# Java VM: OpenJDK Server VM (20.0-b11 mixed mode linux-x86 )
# Derivative: IcedTea6 1.11pre
# Distribution: Ubuntu 11.10, package 6b23~pre11-0ubuntu1.11.10.2
# Problematic frame:
# C  0x0001aee0
[error occurred during error reporting (printing problematic frame), id 0xb]

# If you would like to submit a bug report, please include
# instructions how to reproduce the bug and visit:
#   https://bugs.launchpad.net/ubuntu/+source/openjdk-6/
# The crash happened outside the Java Virtual Machine in native code.
# See problematic frame for where to report the bug.
#

---------------  T H R E A D  ---------------

Current thread (0x09da1000):  JavaThread "main" [_thread_in_native, id=4700, stack(0xb67d8000,0xb6829000)]

siginfo:si_signo=SIGSEGV: si_errno=0, si_code=1 (SEGV_MAPERR), si_addr=0x0001aee0

Registers:
EAX=0xbfbe5464, EBX=0xb77eaff4, ECX=0x0000000b, EDX=0x00000005
ESP=0xb68263fc, EBP=0x6a8aee88, ESI=0x00000000, EDI=0x0000000b
EIP=0x0001aee0, EFLAGS=0x00210246, CR2=0x0001aee0

Top of Stack: (sp=0xb68263fc)
0xb68263fc:   b77da7fb 00000005 bfbe5464 bfbe547c
0xb682640c:   00000005 00000000 b7789000 b778b404
0xb682641c:   6b044c28 00000005 bfbe5464 bfbe547c
0xb682642c:   6a8aee88 00000034 b77dfc10 6a80eeac
0xb682643c:   b77eaff4 6b0fa710 00000000 00000002
0xb682644c:   b77da8e4 bfbe5464 bfbe547c 00000034
0xb682645c:   00000003 00000003 00000005 bfbe5464
0xb682646c:   b77a3180 00000000 00000000 b77da87b 

Instructions: (pc=0x0001aee0)
0x0001aec0:   
[error occurred during error reporting (printing registers, top of stack, instructions near pc), id 0xb]

Register to memory mapping:

EAX=0xbfbe5464 is an unknown value
EBX=0xb77eaff4: <offset 0x1eff4> in /lib/ld-linux.so.2 at 0xb77cc000
ECX=0x0000000b is an unknown value
EDX=0x00000005 is an unknown value
ESP=0xb68263fc is pointing into the stack for thread: 0x09da1000
EBP=0x6a8aee88: <offset 0x59e88> in /opt/opencog/bin/opencog/util/libutil.so at 0x6a855000
ESI=0x00000000 is an unknown value
EDI=0x0000000b is an unknown value


Stack: [0xb67d8000,0xb6829000],  sp=0xb68263fc,  free space=312k
Native frames: (J=compiled Java code, j=interpreted, Vv=VM code, C=native code)
C  0x0001aee0
[error occurred during error reporting (printing native stack), id 0xb]

Java frames: (J=compiled Java code, j=interpreted, Vv=VM code)
j  java.lang.ClassLoader$NativeLibrary.load(Ljava/lang/String;)V+0
j  java.lang.ClassLoader.loadLibrary0(Ljava/lang/Class;Ljava/io/File;)Z+300
j  java.lang.ClassLoader.loadLibrary(Ljava/lang/Class;Ljava/lang/String;Z)V+268
j  java.lang.Runtime.loadLibrary0(Ljava/lang/Class;Ljava/lang/String;)V+54
j  java.lang.System.loadLibrary(Ljava/lang/String;)V+7
j  fi.neter.PLNTest.<init>()V+11
v  ~StubRoutines::call_stub
j  sun.reflect.NativeConstructorAccessorImpl.newInstance0(Ljava/lang/reflect/Constructor;[Ljava/lang/Object;)Ljava/lang/Object;+0
j  sun.reflect.NativeConstructorAccessorImpl.newInstance([Ljava/lang/Object;)Ljava/lang/Object;+72
j  sun.reflect.DelegatingConstructorAccessorImpl.newInstance([Ljava/lang/Object;)Ljava/lang/Object;+5
j  java.lang.reflect.Constructor.newInstance([Ljava/lang/Object;)Ljava/lang/Object;+92
j  org.junit.runners.BlockJUnit4ClassRunner.createTest()Ljava/lang/Object;+11
j  org.junit.runners.BlockJUnit4ClassRunner$1.runReflectiveCall()Ljava/lang/Object;+4
j  org.junit.internal.runners.model.ReflectiveCallable.run()Ljava/lang/Object;+1
j  org.junit.runners.BlockJUnit4ClassRunner.methodBlock(Lorg/junit/runners/model/FrameworkMethod;)Lorg/junit/runners/model/Statement;+8
j  org.junit.runners.BlockJUnit4ClassRunner.runChild(Lorg/junit/runners/model/FrameworkMethod;Lorg/junit/runner/notification/RunNotifier;)V+28
j  org.junit.runners.BlockJUnit4ClassRunner.runChild(Ljava/lang/Object;Lorg/junit/runner/notification/RunNotifier;)V+6
j  org.junit.runners.ParentRunner$3.run()V+12
j  org.junit.runners.ParentRunner$1.schedule(Ljava/lang/Runnable;)V+1
j  org.junit.runners.ParentRunner.runChildren(Lorg/junit/runner/notification/RunNotifier;)V+40
j  org.junit.runners.ParentRunner.access$000(Lorg/junit/runners/ParentRunner;Lorg/junit/runner/notification/RunNotifier;)V+2
j  org.junit.runners.ParentRunner$2.evaluate()V+8
j  org.junit.runners.ParentRunner.run(Lorg/junit/runner/notification/RunNotifier;)V+20
j  org.apache.maven.surefire.junit4.JUnit4TestSet.execute(Lorg/apache/maven/surefire/report/ReporterManager;Ljava/lang/ClassLoader;)V+41
j  org.apache.maven.surefire.suite.AbstractDirectoryTestSuite.executeTestSet(Lorg/apache/maven/surefire/testset/SurefireTestSet;Lorg/apache/maven/surefire/report/ReporterManagerFactory;Ljava/lang/ClassLoader;)V+51
j  org.apache.maven.surefire.suite.AbstractDirectoryTestSuite.execute(Lorg/apache/maven/surefire/report/ReporterManagerFactory;Ljava/lang/ClassLoader;)V+57
j  org.apache.maven.surefire.Surefire.run(Ljava/util/List;Ljava/util/List;Ljava/lang/ClassLoader;Ljava/lang/ClassLoader;Ljava/lang/Boolean;)I+163
v  ~StubRoutines::call_stub
j  sun.reflect.NativeMethodAccessorImpl.invoke0(Ljava/lang/reflect/Method;Ljava/lang/Object;[Ljava/lang/Object;)Ljava/lang/Object;+0
j  sun.reflect.NativeMethodAccessorImpl.invoke(Ljava/lang/Object;[Ljava/lang/Object;)Ljava/lang/Object;+87
j  sun.reflect.DelegatingMethodAccessorImpl.invoke(Ljava/lang/Object;[Ljava/lang/Object;)Ljava/lang/Object;+6
j  java.lang.reflect.Method.invoke(Ljava/lang/Object;[Ljava/lang/Object;)Ljava/lang/Object;+161
j  org.apache.maven.surefire.booter.SurefireBooter.runSuitesInProcess()I+303
j  org.apache.maven.surefire.booter.SurefireBooter.main([Ljava/lang/String;)V+739
v  ~StubRoutines::call_stub

---------------  P R O C E S S  ---------------

Java Threads: ( => current thread )
  0x6b001c00 JavaThread "Low Memory Detector" daemon [_thread_blocked, id=4709, stack(0x6aa2a000,0x6aa7b000)]
  0x09e41400 JavaThread "C2 CompilerThread1" daemon [_thread_blocked, id=4708, stack(0x6aa7b000,0x6aafc000)]
  0x09e3f400 JavaThread "C2 CompilerThread0" daemon [_thread_in_native, id=4707, stack(0x6aafc000,0x6ab7d000)]
  0x09e3e000 JavaThread "Signal Dispatcher" daemon [_thread_blocked, id=4706, stack(0x6ab7d000,0x6abce000)]
  0x09e2e400 JavaThread "Finalizer" daemon [_thread_blocked, id=4705, stack(0x6adce000,0x6ae1f000)]
  0x09e29800 JavaThread "Reference Handler" daemon [_thread_blocked, id=4704, stack(0x6ae1f000,0x6ae70000)]
=>0x09da1000 JavaThread "main" [_thread_in_native, id=4700, stack(0xb67d8000,0xb6829000)]

Other Threads:
  0x09e25c00 VMThread [stack: 0x6b103000,0x6b184000] [id=4703]
  0x6b003800 WatcherThread [stack: 0x6a9a9000,0x6aa2a000] [id=4710]

VM state:not at safepoint (normal execution)

VM Mutex/Monitor currently owned by a thread: None

Heap
 PSYoungGen      total 19136K, used 3631K [0x9e140000, 0x9f690000, 0xb3690000)
  eden space 16448K, 22% used [0x9e140000,0x9e4cbe98,0x9f150000)
  from space 2688K, 0% used [0x9f3f0000,0x9f3f0000,0x9f690000)
  to   space 2688K, 0% used [0x9f150000,0x9f150000,0x9f3f0000)
 PSOldGen        total 43712K, used 0K [0x73690000, 0x76140000, 0x9e140000)
  object space 43712K, 0% used [0x73690000,0x73690000,0x76140000)
 PSPermGen       total 16384K, used 3625K [0x6b690000, 0x6c690000, 0x73690000)
  object space 16384K, 22% used [0x6b690000,0x6ba1a798,0x6c690000)

Code Cache  [0xb3751000, 0xb3991000, 0xb6751000)
 total_blobs=128 nmethods=14 adapters=69 free_code_cache=50007680 largest_free_block=8320

Dynamic libraries:
08048000-08051000 r-xp 00000000 08:11 2108205    /usr/lib/jvm/java-6-openjdk/jre/bin/java
08051000-08052000 r--p 00008000 08:11 2108205    /usr/lib/jvm/java-6-openjdk/jre/bin/java
08052000-08053000 rw-p 00009000 08:11 2108205    /usr/lib/jvm/java-6-openjdk/jre/bin/java
09d9a000-09f9b000 rw-p 00000000 00:00 0          [heap]
6900f000-69016000 r--s 00000000 08:11 393647     /usr/lib/i386-linux-gnu/gconv/gconv-modules.cache
69016000-69028000 r-xp 00000000 08:11 282205     /usr/lib/libboost_signals.so.1.46.1
69028000-69029000 r--p 00011000 08:11 282205     /usr/lib/libboost_signals.so.1.46.1
69029000-6902a000 rw-p 00012000 08:11 282205     /usr/lib/libboost_signals.so.1.46.1
6902a000-69066000 r-xp 00000000 08:11 269117     /usr/lib/libgslcblas.so.0.0.0
69066000-69067000 r--p 0003b000 08:11 269117     /usr/lib/libgslcblas.so.0.0.0
69067000-69068000 rw-p 0003c000 08:11 269117     /usr/lib/libgslcblas.so.0.0.0
69068000-6927e000 r-xp 00000000 08:11 265249     /usr/lib/libgsl.so.0.16.0
6927e000-69280000 r--p 00215000 08:11 265249     /usr/lib/libgsl.so.0.16.0
69280000-6928d000 rw-p 00217000 08:11 265249     /usr/lib/libgsl.so.0.16.0
6928d000-693b9000 r-xp 00000000 08:11 25839740   /opt/opencog/bin/opencog/spatial/libSpaceMap.so
693b9000-693bb000 r--p 0012b000 08:11 25839740   /opt/opencog/bin/opencog/spatial/libSpaceMap.so
693bb000-693bf000 rw-p 0012d000 08:11 25839740   /opt/opencog/bin/opencog/spatial/libSpaceMap.so
693bf000-69461000 r-xp 00000000 08:11 24527019   /opt/ideawork/tu-0.3/jni_pln/lib/libatomspace.so
69461000-69464000 r--p 000a1000 08:11 24527019   /opt/ideawork/tu-0.3/jni_pln/lib/libatomspace.so
69464000-69465000 rw-p 000a4000 08:11 24527019   /opt/ideawork/tu-0.3/jni_pln/lib/libatomspace.so
69465000-69466000 rw-p 00000000 00:00 0 
69466000-6a2a6000 r--p 00000000 08:11 265153     /usr/lib/libicudata.so.44.2
6a2a6000-6a2a7000 rw-p 00e3f000 08:11 265153     /usr/lib/libicudata.so.44.2
6a2a7000-6a463000 r-xp 00000000 08:11 262998     /usr/lib/libicui18n.so.44.2
6a463000-6a469000 r--p 001bb000 08:11 262998     /usr/lib/libicui18n.so.44.2
6a469000-6a46a000 rw-p 001c1000 08:11 262998     /usr/lib/libicui18n.so.44.2
6a46a000-6a46b000 rw-p 00000000 00:00 0 
6a46b000-6a59f000 r-xp 00000000 08:11 265251     /usr/lib/libicuuc.so.44.2
6a59f000-6a5a8000 r--p 00133000 08:11 265251     /usr/lib/libicuuc.so.44.2
6a5a8000-6a5a9000 rw-p 0013c000 08:11 265251     /usr/lib/libicuuc.so.44.2
6a5a9000-6a5ad000 rw-p 00000000 00:00 0 
6a5ad000-6a5d3000 r-xp 00000000 08:11 11406796   /lib/i386-linux-gnu/libexpat.so.1.5.2
6a5d3000-6a5d4000 ---p 00026000 08:11 11406796   /lib/i386-linux-gnu/libexpat.so.1.5.2
6a5d4000-6a5d6000 r--p 00026000 08:11 11406796   /lib/i386-linux-gnu/libexpat.so.1.5.2
6a5d6000-6a5d7000 rw-p 00028000 08:11 11406796   /lib/i386-linux-gnu/libexpat.so.1.5.2
6a5d7000-6a6c4000 r-xp 00000000 08:11 286733     /usr/lib/libboost_regex.so.1.46.1
6a6c4000-6a6c5000 ---p 000ed000 08:11 286733     /usr/lib/libboost_regex.so.1.46.1
6a6c5000-6a6c8000 r--p 000ed000 08:11 286733     /usr/lib/libboost_regex.so.1.46.1
6a6c8000-6a6c9000 rw-p 000f0000 08:11 286733     /usr/lib/libboost_regex.so.1.46.1
6a6c9000-6a6ca000 rw-p 00000000 00:00 0 
6a6ca000-6a6e6000 r-xp 00000000 08:11 285649     /usr/lib/libboost_filesystem.so.1.46.1
6a6e6000-6a6e7000 r--p 0001b000 08:11 285649     /usr/lib/libboost_filesystem.so.1.46.1
6a6e7000-6a6e8000 rw-p 0001c000 08:11 285649     /usr/lib/libboost_filesystem.so.1.46.1
6a6e8000-6a6fd000 r-xp 00000000 08:11 282118     /usr/lib/libboost_thread.so.1.46.1
6a6fd000-6a6fe000 ---p 00015000 08:11 282118     /usr/lib/libboost_thread.so.1.46.1
6a6fe000-6a6ff000 r--p 00015000 08:11 282118     /usr/lib/libboost_thread.so.1.46.1
6a6ff000-6a700000 rw-p 00016000 08:11 282118     /usr/lib/libboost_thread.so.1.46.1
6a700000-6a740000 rw-p 00000000 00:00 0 
6a740000-6a800000 ---p 00000000 00:00 0 
6a800000-6a80e000 r-xp 00000000 08:11 393241     /usr/lib/i386-linux-gnu/libgomp.so.1.0.0
6a80e000-6a80f000 r--p 0000d000 08:11 393241     /usr/lib/i386-linux-gnu/libgomp.so.1.0.0
6a80f000-6a810000 rw-p 0000e000 08:11 393241     /usr/lib/i386-linux-gnu/libgomp.so.1.0.0
6a810000-6a812000 r-xp 00000000 08:11 285648     /usr/lib/libboost_system.so.1.46.1
6a812000-6a813000 r--p 00002000 08:11 285648     /usr/lib/libboost_system.so.1.46.1
6a813000-6a814000 rw-p 00003000 08:11 285648     /usr/lib/libboost_system.so.1.46.1
6a814000-6a839000 r--p 00000000 08:11 3801681    /etc/ld.so.cache
6a839000-6a853000 r-xp 00000000 08:11 25839747   /opt/opencog/bin/opencog/persist/xml/libxml.so
6a853000-6a855000 rw-p 0001a000 08:11 25839747   /opt/opencog/bin/opencog/persist/xml/libxml.so
6a855000-6a8ae000 r-xp 00000000 08:11 24649768   /opt/opencog/bin/opencog/util/libutil.so
6a8ae000-6a8b1000 rw-p 00058000 08:11 24649768   /opt/opencog/bin/opencog/util/libutil.so
6a8b1000-6a8b2000 rw-p 00000000 00:00 0 
6a8b2000-6a8e5000 r-xp 00000000 08:11 24527012   /opt/ideawork/tu-0.3/jni_pln/lib/libbuiltinreqs.so
6a8e5000-6a8e8000 rw-p 00032000 08:11 24527012   /opt/ideawork/tu-0.3/jni_pln/lib/libbuiltinreqs.so
6a8e8000-6a8e9000 r--s 00002000 00:14 13374785   /home/tero/.m2/repository/org/apache/maven/surefire/surefire-junit4/2.6/surefire-junit4-2.6.jar
6a8e9000-6a907000 r--s 00196000 00:14 13897759   /home/tero/.m2/repository/org/scalatest/scalatest/1.2/scalatest-1.2.jar
6a907000-6a944000 r--s 0027c000 00:14 20190479   /home/tero/.m2/repository/org/scala-tools/testing/specs_2.8.0/1.6.5/specs_2.8.0-1.6.5.jar
6a944000-6a94a000 r--s 00034000 00:14 13897757   /home/tero/.m2/repository/junit/junit/4.8.1/junit-4.8.1.jar
6a94a000-6a9a9000 r--s 00582000 00:14 20190465   /home/tero/.m2/repository/org/scala-lang/scala-library/2.8.0/scala-library-2.8.0.jar
6a9a9000-6a9aa000 ---p 00000000 00:00 0 
6a9aa000-6aa2a000 rw-p 00000000 00:00 0 
6aa2a000-6aa2d000 ---p 00000000 00:00 0 
6aa2d000-6aa7b000 rw-p 00000000 00:00 0 
6aa7b000-6aa7e000 ---p 00000000 00:00 0 
6aa7e000-6aafc000 rw-p 00000000 00:00 0 
6aafc000-6aaff000 ---p 00000000 00:00 0 
6aaff000-6ab7d000 rw-p 00000000 00:00 0 
6ab7d000-6ab80000 ---p 00000000 00:00 0 
6ab80000-6abce000 rw-p 00000000 00:00 0 
6abce000-6adce000 r--p 00000000 08:11 262286     /usr/lib/locale/locale-archive
6adce000-6add1000 ---p 00000000 00:00 0 
6add1000-6ae1f000 rw-p 00000000 00:00 0 
6ae1f000-6ae22000 ---p 00000000 00:00 0 
6ae22000-6ae70000 rw-p 00000000 00:00 0 
6ae70000-6b000000 r--s 037ba000 08:11 266023     /usr/lib/jvm/java-6-openjdk/jre/lib/rt.jar
6b000000-6b0fb000 rw-p 00000000 00:00 0 
6b0fb000-6b100000 ---p 00000000 00:00 0 
6b103000-6b104000 ---p 00000000 00:00 0 
6b104000-6b1b7000 rw-p 00000000 00:00 0 
6b1b7000-6b1b8000 ---p 00000000 00:00 0 
6b1b8000-6b238000 rw-p 00000000 00:00 0 
6b238000-6b239000 ---p 00000000 00:00 0 
6b239000-6b2c1000 rw-p 00000000 00:00 0 
6b2c1000-6b2f9000 rw-p 00000000 00:00 0 
6b2f9000-6b30f000 rw-p 00000000 00:00 0 
6b30f000-6b44f000 rw-p 00000000 00:00 0 
6b44f000-6b457000 rw-p 00000000 00:00 0 
6b457000-6b48f000 rw-p 00000000 00:00 0 
6b48f000-6b4a5000 rw-p 00000000 00:00 0 
6b4a5000-6b5e4000 rw-p 00000000 00:00 0 
6b5e4000-6b5ef000 rw-p 00000000 00:00 0 
6b5ef000-6b68f000 rw-p 00000000 00:00 0 
6b68f000-6c690000 rw-p 00000000 00:00 0 
6c690000-73690000 rw-p 00000000 00:00 0 
73690000-76140000 rw-p 00000000 00:00 0 
76140000-9e140000 rw-p 00000000 00:00 0 
9e140000-9f690000 rw-p 00000000 00:00 0 
9f690000-b3690000 rw-p 00000000 00:00 0 
b3691000-b369a000 rw-p 00000000 00:00 0 
b369a000-b3751000 rw-p 00000000 00:00 0 
b3751000-b3991000 rwxp 00000000 00:00 0 
b3991000-b6751000 rw-p 00000000 00:00 0 
b6751000-b675c000 r-xp 00000000 08:11 11403277   /lib/i386-linux-gnu/libnss_files-2.13.so
b675c000-b675d000 r--p 0000a000 08:11 11403277   /lib/i386-linux-gnu/libnss_files-2.13.so
b675d000-b675e000 rw-p 0000b000 08:11 11403277   /lib/i386-linux-gnu/libnss_files-2.13.so
b675e000-b6773000 r-xp 00000000 08:11 11403274   /lib/i386-linux-gnu/libnsl-2.13.so
b6773000-b6774000 r--p 00015000 08:11 11403274   /lib/i386-linux-gnu/libnsl-2.13.so
b6774000-b6775000 rw-p 00016000 08:11 11403274   /lib/i386-linux-gnu/libnsl-2.13.so
b6775000-b6777000 rw-p 00000000 00:00 0 
b6777000-b677f000 r-xp 00000000 08:11 11403275   /lib/i386-linux-gnu/libnss_compat-2.13.so
b677f000-b6780000 r--p 00007000 08:11 11403275   /lib/i386-linux-gnu/libnss_compat-2.13.so
b6780000-b6781000 rw-p 00008000 08:11 11403275   /lib/i386-linux-gnu/libnss_compat-2.13.so
b6781000-b678a000 r--s 00079000 00:14 13374771   /home/tero/.m2/repository/org/apache/maven/surefire/surefire-api/2.6/surefire-api-2.6.jar
b678a000-b678d000 r--s 0007d000 08:11 272575     /usr/lib/jvm/java-6-openjdk/jre/lib/jsse.jar
b678d000-b6792000 r--s 0003f000 00:14 13374768   /home/tero/.m2/repository/org/apache/maven/surefire/surefire-booter/2.6/surefire-booter-2.6.jar
b6792000-b679a000 r--s 00066000 08:11 656045     /usr/share/java/gnome-java-bridge.jar
b679a000-b679c000 r--s 0000f000 08:11 272571     /usr/lib/jvm/java-6-openjdk/jre/lib/ext/pulse-java.jar
b679c000-b679d000 r--s 00000000 08:11 8393704    /tmp/surefirebooter5435840026957480932.jar
b679d000-b67a4000 r-xp 00000000 08:11 1966948    /usr/lib/jvm/java-6-openjdk/jre/lib/i386/libzip.so
b67a4000-b67a5000 r--p 00006000 08:11 1966948    /usr/lib/jvm/java-6-openjdk/jre/lib/i386/libzip.so
b67a5000-b67a6000 rw-p 00007000 08:11 1966948    /usr/lib/jvm/java-6-openjdk/jre/lib/i386/libzip.so
b67a6000-b67cc000 r-xp 00000000 08:11 1966819    /usr/lib/jvm/java-6-openjdk/jre/lib/i386/libjava.so
b67cc000-b67cd000 r--p 00025000 08:11 1966819    /usr/lib/jvm/java-6-openjdk/jre/lib/i386/libjava.so
b67cd000-b67cf000 rw-p 00026000 08:11 1966819    /usr/lib/jvm/java-6-openjdk/jre/lib/i386/libjava.so
b67cf000-b67d6000 r-xp 00000000 08:11 11403284   /lib/i386-linux-gnu/librt-2.13.so
b67d6000-b67d7000 r--p 00006000 08:11 11403284   /lib/i386-linux-gnu/librt-2.13.so
b67d7000-b67d8000 rw-p 00007000 08:11 11403284   /lib/i386-linux-gnu/librt-2.13.so
b67d8000-b67db000 ---p 00000000 00:00 0 
b67db000-b6829000 rw-p 00000000 00:00 0 
b6829000-b6845000 r-xp 00000000 08:11 11405246   /lib/i386-linux-gnu/libgcc_s.so.1
b6845000-b6846000 r--p 0001b000 08:11 11405246   /lib/i386-linux-gnu/libgcc_s.so.1
b6846000-b6847000 rw-p 0001c000 08:11 11405246   /lib/i386-linux-gnu/libgcc_s.so.1
b6847000-b686f000 r-xp 00000000 08:11 11403272   /lib/i386-linux-gnu/libm-2.13.so
b686f000-b6870000 r--p 00028000 08:11 11403272   /lib/i386-linux-gnu/libm-2.13.so
b6870000-b6871000 rw-p 00029000 08:11 11403272   /lib/i386-linux-gnu/libm-2.13.so
b6871000-b694f000 r-xp 00000000 08:11 393242     /usr/lib/i386-linux-gnu/libstdc++.so.6.0.16
b694f000-b6950000 ---p 000de000 08:11 393242     /usr/lib/i386-linux-gnu/libstdc++.so.6.0.16
b6950000-b6954000 r--p 000de000 08:11 393242     /usr/lib/i386-linux-gnu/libstdc++.so.6.0.16
b6954000-b6955000 rw-p 000e2000 08:11 393242     /usr/lib/i386-linux-gnu/libstdc++.so.6.0.16
b6955000-b695c000 rw-p 00000000 00:00 0 
b695c000-b717a000 r-xp 00000000 08:11 1966956    /usr/lib/jvm/java-6-openjdk/jre/lib/i386/server/libjvm.so
b717a000-b71bf000 r--p 0081e000 08:11 1966956    /usr/lib/jvm/java-6-openjdk/jre/lib/i386/server/libjvm.so
b71bf000-b71ce000 rw-p 00863000 08:11 1966956    /usr/lib/jvm/java-6-openjdk/jre/lib/i386/server/libjvm.so
b71ce000-b75ea000 rw-p 00000000 00:00 0 
b75ea000-b75fd000 r-xp 00000000 08:11 11406786   /lib/i386-linux-gnu/libz.so.1.2.3.4
b75fd000-b75fe000 r--p 00012000 08:11 11406786   /lib/i386-linux-gnu/libz.so.1.2.3.4
b75fe000-b75ff000 rw-p 00013000 08:11 11406786   /lib/i386-linux-gnu/libz.so.1.2.3.4
b75ff000-b7777000 r-xp 00000000 08:11 11403268   /lib/i386-linux-gnu/libc-2.13.so
b7777000-b7779000 r--p 00178000 08:11 11403268   /lib/i386-linux-gnu/libc-2.13.so
b7779000-b777a000 rw-p 0017a000 08:11 11403268   /lib/i386-linux-gnu/libc-2.13.so
b777a000-b777d000 rw-p 00000000 00:00 0 
b777d000-b7780000 r-xp 00000000 08:11 11403271   /lib/i386-linux-gnu/libdl-2.13.so
b7780000-b7781000 r--p 00002000 08:11 11403271   /lib/i386-linux-gnu/libdl-2.13.so
b7781000-b7782000 rw-p 00003000 08:11 11403271   /lib/i386-linux-gnu/libdl-2.13.so
b7782000-b7786000 r-xp 00000000 08:11 1966575    /usr/lib/jvm/java-6-openjdk/jre/lib/i386/jli/libjli.so
b7786000-b7787000 r--p 00003000 08:11 1966575    /usr/lib/jvm/java-6-openjdk/jre/lib/i386/jli/libjli.so
b7787000-b7788000 rw-p 00004000 08:11 1966575    /usr/lib/jvm/java-6-openjdk/jre/lib/i386/jli/libjli.so
b7788000-b7789000 rw-p 00000000 00:00 0 
b7789000-b77a0000 r-xp 00000000 08:11 11403282   /lib/i386-linux-gnu/libpthread-2.13.so
b77a0000-b77a1000 r--p 00016000 08:11 11403282   /lib/i386-linux-gnu/libpthread-2.13.so
b77a1000-b77a2000 rw-p 00017000 08:11 11403282   /lib/i386-linux-gnu/libpthread-2.13.so
b77a2000-b77a4000 rw-p 00000000 00:00 0 
b77a4000-b77a5000 r--p 002a1000 08:11 262286     /usr/lib/locale/locale-archive
b77a5000-b77ad000 rw-s 00000000 08:11 14690269   /tmp/hsperfdata_tero/4699
b77ad000-b77b7000 r-xp 00000000 08:11 11403279   /lib/i386-linux-gnu/libnss_nis-2.13.so
b77b7000-b77b8000 r--p 00009000 08:11 11403279   /lib/i386-linux-gnu/libnss_nis-2.13.so
b77b8000-b77b9000 rw-p 0000a000 08:11 11403279   /lib/i386-linux-gnu/libnss_nis-2.13.so
b77b9000-b77ba000 rw-p 00000000 00:00 0 
b77ba000-b77bb000 r--p 00000000 00:00 0 
b77bb000-b77c6000 r-xp 00000000 08:11 1966943    /usr/lib/jvm/java-6-openjdk/jre/lib/i386/libverify.so
b77c6000-b77c7000 ---p 0000b000 08:11 1966943    /usr/lib/jvm/java-6-openjdk/jre/lib/i386/libverify.so
b77c7000-b77c8000 r--p 0000b000 08:11 1966943    /usr/lib/jvm/java-6-openjdk/jre/lib/i386/libverify.so
b77c8000-b77c9000 rw-p 0000c000 08:11 1966943    /usr/lib/jvm/java-6-openjdk/jre/lib/i386/libverify.so
b77c9000-b77cb000 rw-p 00000000 00:00 0 
b77cb000-b77cc000 r-xp 00000000 00:00 0          [vdso]
b77cc000-b77ea000 r-xp 00000000 08:11 11403265   /lib/i386-linux-gnu/ld-2.13.so
b77ea000-b77eb000 r--p 0001d000 08:11 11403265   /lib/i386-linux-gnu/ld-2.13.so
b77eb000-b77ec000 rw-p 0001e000 08:11 11403265   /lib/i386-linux-gnu/ld-2.13.so
bfbb1000-bfbe8000 rw-p 00000000 00:00 0          [stack]

VM Arguments:
java_command: /tmp/surefirebooter5435840026957480932.jar /tmp/surefire4948177931757991995tmp /tmp/surefire7669261449239757407tmp
Launcher Type: SUN_STANDARD

Environment Variables:
PATH=/usr/lib/lightdm/lightdm:/usr/local/sbin:/usr/local/bin:/usr/sbin:/usr/bin:/sbin:/bin:/usr/games
USERNAME=tero
LD_LIBRARY_PATH=/usr/lib/jvm/java-6-openjdk/jre/lib/i386/server:/usr/lib/jvm/java-6-openjdk/jre/lib/i386:/usr/lib/jvm/java-6-openjdk/jre/../lib/i386::../lib/:../native_lib/linux/target/
SHELL=/bin/bash
DISPLAY=:0

Signal Handlers:
SIGSEGV: [libjvm.so+0x66a530], sa_mask[0]=0x7ffbfeff, sa_flags=0x10000004
SIGBUS: [libjvm.so+0x66a530], sa_mask[0]=0x7ffbfeff, sa_flags=0x10000004
SIGFPE: [libjvm.so+0x52e2c0], sa_mask[0]=0x7ffbfeff, sa_flags=0x10000004
SIGPIPE: [libjvm.so+0x52e2c0], sa_mask[0]=0x7ffbfeff, sa_flags=0x10000004
SIGXFSZ: [libjvm.so+0x52e2c0], sa_mask[0]=0x7ffbfeff, sa_flags=0x10000004
SIGILL: [libjvm.so+0x52e2c0], sa_mask[0]=0x7ffbfeff, sa_flags=0x10000004
SIGUSR1: SIG_DFL, sa_mask[0]=0x00000000, sa_flags=0x00000000
SIGUSR2: [libjvm.so+0x52e150], sa_mask[0]=0x00000004, sa_flags=0x10000004
SIGHUP: [libjvm.so+0x5311f0], sa_mask[0]=0x7ffbfeff, sa_flags=0x10000004
SIGINT: [libjvm.so+0x5311f0], sa_mask[0]=0x7ffbfeff, sa_flags=0x10000004
SIGTERM: [libjvm.so+0x5311f0], sa_mask[0]=0x7ffbfeff, sa_flags=0x10000004
SIGQUIT: [libjvm.so+0x5311f0], sa_mask[0]=0x7ffbfeff, sa_flags=0x10000004


---------------  S Y S T E M  ---------------

OS:Ubuntu 11.10 (oneiric)
uname:Linux 3.0.0-17-generic-pae #30-Ubuntu SMP Thu Mar 8 17:53:35 UTC 2012 i686
libc:glibc 2.13 NPTL 2.13 
rlimit: STACK 8192k, CORE 0k, NPROC 63378, NOFILE 4096, AS infinity
load average:1.44 0.77 0.62

/proc/meminfo:
MemTotal:        8133200 kB
MemFree:          599832 kB
Buffers:          340776 kB
Cached:          3470592 kB
SwapCached:           20 kB
Active:          4826052 kB
Inactive:        2455284 kB
Active(anon):    3248972 kB
Inactive(anon):   554932 kB
Active(file):    1577080 kB
Inactive(file):  1900352 kB
Unevictable:          92 kB
Mlocked:              92 kB
HighTotal:       7340228 kB
HighFree:         371604 kB
LowTotal:         792972 kB
LowFree:          228228 kB
SwapTotal:       6141948 kB
SwapFree:        6141784 kB
Dirty:               340 kB
Writeback:             8 kB
AnonPages:       3470516 kB
Mapped:           221516 kB
Shmem:            333764 kB
Slab:             188772 kB
SReclaimable:     147220 kB
SUnreclaim:        41552 kB
KernelStack:        4688 kB
PageTables:        21564 kB
NFS_Unstable:          0 kB
Bounce:                4 kB
WritebackTmp:          0 kB
CommitLimit:    10208548 kB
Committed_AS:    7204656 kB
VmallocTotal:     122880 kB
VmallocUsed:       35460 kB
VmallocChunk:      39968 kB
HardwareCorrupted:     0 kB
AnonHugePages:         0 kB
HugePages_Total:       0
HugePages_Free:        0
HugePages_Rsvd:        0
HugePages_Surp:        0
Hugepagesize:       2048 kB
DirectMap4k:       12280 kB
DirectMap2M:      901120 kB


CPU:total 2 (2 cores per cpu, 1 threads per core) family 6 model 23 stepping 10, cmov, cx8, fxsr, mmx, sse, sse2, sse3, ssse3, sse4.1

Memory: 4k page, physical 8133200k(599832k free), swap 6141948k(6141784k free)

vm_info: OpenJDK Server VM (20.0-b11) for linux-x86 JRE (1.6.0_23-b23), built on Feb 23 2012 06:26:43 by "buildd" with gcc 4.6.1

time: Sat Apr 14 20:12:40 2012
elapsed time: 0 seconds

