#
# A fatal error has been detected by the Java Runtime Environment:
#
#  SIGSEGV (0xb) at pc=0x0001aee0, pid=3295, tid=3061664624
#
# JRE version: 6.0_23-b23
# Java VM: OpenJDK Server VM (20.0-b11 mixed mode linux-x86 )
# Derivative: IcedTea6 1.11pre
# Distribution: Ubuntu 11.10, package 6b23~pre11-0ubuntu1.11.10.2
# Problematic frame:
# C  0x0001aee0
[error occurred during error reporting (printing problematic frame), id 0xb]

# If you would like to submit a bug report, please include
# instructions how to reproduce the bug and visit:
#   https://bugs.launchpad.net/ubuntu/+source/openjdk-6/
# The crash happened outside the Java Virtual Machine in native code.
# See problematic frame for where to report the bug.
#

---------------  T H R E A D  ---------------

Current thread (0x0906a000):  JavaThread "main" [_thread_in_native, id=3298, stack(0xb6784000,0xb67d5000)]

siginfo:si_signo=SIGSEGV: si_errno=0, si_code=1 (SEGV_MAPERR), si_addr=0x0001aee0

Registers:
EAX=0xbfe20c24, EBX=0xb7796ff4, ECX=0x0000000b, EDX=0x00000005
ESP=0xb67d23fc, EBP=0x6a6fce88, ESI=0x00000000, EDI=0x0000000b
EIP=0x0001aee0, EFLAGS=0x00210246, CR2=0x0001aee0

Top of Stack: (sp=0xb67d23fc)
0xb67d23fc:   b77867fb 00000005 bfe20c24 bfe20c3c
0xb67d240c:   00000005 00000000 b7735000 b7737404
0xb67d241c:   6b0f4e20 00000005 bfe20c24 bfe20c3c
0xb67d242c:   6a6fce88 00000034 b778bc10 6a578eac
0xb67d243c:   b7796ff4 6b0bbfc8 0000000c 00000005
0xb67d244c:   b77868e4 bfe20c24 bfe20c3c 00000034
0xb67d245c:   00000003 00000003 00000005 bfe20c24
0xb67d246c:   b774f180 00000000 00000000 b778687b 

Instructions: (pc=0x0001aee0)
0x0001aec0:   
[error occurred during error reporting (printing registers, top of stack, instructions near pc), id 0xb]

Register to memory mapping:

EAX=0xbfe20c24 is an unknown value
EBX=0xb7796ff4: <offset 0x1eff4> in /lib/ld-linux.so.2 at 0xb7778000
ECX=0x0000000b is an unknown value
EDX=0x00000005 is an unknown value
ESP=0xb67d23fc is pointing into the stack for thread: 0x0906a000
EBP=0x6a6fce88: <offset 0x59e88> in /opt/opencog/bin/opencog/util/libutil.so at 0x6a6a3000
ESI=0x00000000 is an unknown value
EDI=0x0000000b is an unknown value


Stack: [0xb6784000,0xb67d5000],  sp=0xb67d23fc,  free space=312k
Native frames: (J=compiled Java code, j=interpreted, Vv=VM code, C=native code)
C  0x0001aee0
[error occurred during error reporting (printing native stack), id 0xb]

Java frames: (J=compiled Java code, j=interpreted, Vv=VM code)
j  java.lang.ClassLoader$NativeLibrary.load(Ljava/lang/String;)V+0
j  java.lang.ClassLoader.loadLibrary0(Ljava/lang/Class;Ljava/io/File;)Z+300
j  java.lang.ClassLoader.loadLibrary(Ljava/lang/Class;Ljava/lang/String;Z)V+268
j  java.lang.Runtime.loadLibrary0(Ljava/lang/Class;Ljava/lang/String;)V+54
j  java.lang.System.loadLibrary(Ljava/lang/String;)V+7
j  fi.neter.PLNTest.<init>()V+11
v  ~StubRoutines::call_stub
j  sun.reflect.NativeConstructorAccessorImpl.newInstance0(Ljava/lang/reflect/Constructor;[Ljava/lang/Object;)Ljava/lang/Object;+0
j  sun.reflect.NativeConstructorAccessorImpl.newInstance([Ljava/lang/Object;)Ljava/lang/Object;+72
j  sun.reflect.DelegatingConstructorAccessorImpl.newInstance([Ljava/lang/Object;)Ljava/lang/Object;+5
j  java.lang.reflect.Constructor.newInstance([Ljava/lang/Object;)Ljava/lang/Object;+92
j  org.junit.runners.BlockJUnit4ClassRunner.createTest()Ljava/lang/Object;+11
j  org.junit.runners.BlockJUnit4ClassRunner$1.runReflectiveCall()Ljava/lang/Object;+4
j  org.junit.internal.runners.model.ReflectiveCallable.run()Ljava/lang/Object;+1
j  org.junit.runners.BlockJUnit4ClassRunner.methodBlock(Lorg/junit/runners/model/FrameworkMethod;)Lorg/junit/runners/model/Statement;+8
j  org.junit.runners.BlockJUnit4ClassRunner.runChild(Lorg/junit/runners/model/FrameworkMethod;Lorg/junit/runner/notification/RunNotifier;)V+28
j  org.junit.runners.BlockJUnit4ClassRunner.runChild(Ljava/lang/Object;Lorg/junit/runner/notification/RunNotifier;)V+6
j  org.junit.runners.ParentRunner$3.run()V+12
j  org.junit.runners.ParentRunner$1.schedule(Ljava/lang/Runnable;)V+1
j  org.junit.runners.ParentRunner.runChildren(Lorg/junit/runner/notification/RunNotifier;)V+40
j  org.junit.runners.ParentRunner.access$000(Lorg/junit/runners/ParentRunner;Lorg/junit/runner/notification/RunNotifier;)V+2
j  org.junit.runners.ParentRunner$2.evaluate()V+8
j  org.junit.runners.ParentRunner.run(Lorg/junit/runner/notification/RunNotifier;)V+20
j  org.apache.maven.surefire.junit4.JUnit4TestSet.execute(Lorg/apache/maven/surefire/report/ReporterManager;Ljava/lang/ClassLoader;)V+41
j  org.apache.maven.surefire.suite.AbstractDirectoryTestSuite.executeTestSet(Lorg/apache/maven/surefire/testset/SurefireTestSet;Lorg/apache/maven/surefire/report/ReporterManagerFactory;Ljava/lang/ClassLoader;)V+51
j  org.apache.maven.surefire.suite.AbstractDirectoryTestSuite.execute(Lorg/apache/maven/surefire/report/ReporterManagerFactory;Ljava/lang/ClassLoader;)V+57
j  org.apache.maven.surefire.Surefire.run(Ljava/util/List;Ljava/util/List;Ljava/lang/ClassLoader;Ljava/lang/ClassLoader;Ljava/lang/Boolean;)I+163
v  ~StubRoutines::call_stub
j  sun.reflect.NativeMethodAccessorImpl.invoke0(Ljava/lang/reflect/Method;Ljava/lang/Object;[Ljava/lang/Object;)Ljava/lang/Object;+0
j  sun.reflect.NativeMethodAccessorImpl.invoke(Ljava/lang/Object;[Ljava/lang/Object;)Ljava/lang/Object;+87
j  sun.reflect.DelegatingMethodAccessorImpl.invoke(Ljava/lang/Object;[Ljava/lang/Object;)Ljava/lang/Object;+6
j  java.lang.reflect.Method.invoke(Ljava/lang/Object;[Ljava/lang/Object;)Ljava/lang/Object;+161
j  org.apache.maven.surefire.booter.SurefireBooter.runSuitesInProcess()I+303
j  org.apache.maven.surefire.booter.SurefireBooter.main([Ljava/lang/String;)V+739
v  ~StubRoutines::call_stub

---------------  P R O C E S S  ---------------

Java Threads: ( => current thread )
  0x6b004000 JavaThread "Low Memory Detector" daemon [_thread_blocked, id=3307, stack(0x6a9a9000,0x6a9fa000)]
  0x09107400 JavaThread "C2 CompilerThread1" daemon [_thread_blocked, id=3306, stack(0x6a9fa000,0x6aa7b000)]
  0x09105000 JavaThread "C2 CompilerThread0" daemon [_thread_blocked, id=3305, stack(0x6aa7b000,0x6aafc000)]
  0x09103c00 JavaThread "Signal Dispatcher" daemon [_thread_blocked, id=3304, stack(0x6aafc000,0x6ab4d000)]
  0x090f4400 JavaThread "Finalizer" daemon [_thread_blocked, id=3303, stack(0x6ad4d000,0x6ad9e000)]
  0x090f2800 JavaThread "Reference Handler" daemon [_thread_blocked, id=3302, stack(0x6ad9e000,0x6adef000)]
=>0x0906a000 JavaThread "main" [_thread_in_native, id=3298, stack(0xb6784000,0xb67d5000)]

Other Threads:
  0x090eec00 VMThread [stack: 0x6adef000,0x6ae70000] [id=3301]
  0x6b006000 WatcherThread [stack: 0x6a928000,0x6a9a9000] [id=3308]

VM state:not at safepoint (normal execution)

VM Mutex/Monitor currently owned by a thread: None

Heap
 PSYoungGen      total 19136K, used 3637K [0x9e0e0000, 0x9f630000, 0xb3630000)
  eden space 16448K, 22% used [0x9e0e0000,0x9e46d7c8,0x9f0f0000)
  from space 2688K, 0% used [0x9f390000,0x9f390000,0x9f630000)
  to   space 2688K, 0% used [0x9f0f0000,0x9f0f0000,0x9f390000)
 PSOldGen        total 43712K, used 0K [0x73630000, 0x760e0000, 0x9e0e0000)
  object space 43712K, 0% used [0x73630000,0x73630000,0x760e0000)
 PSPermGen       total 16384K, used 3635K [0x6b630000, 0x6c630000, 0x73630000)
  object space 16384K, 22% used [0x6b630000,0x6b9bcdf0,0x6c630000)

Code Cache  [0xb36fd000, 0xb393d000, 0xb66fd000)
 total_blobs=129 nmethods=15 adapters=69 free_code_cache=50000896 largest_free_block=9280

Dynamic libraries:
08048000-08051000 r-xp 00000000 08:11 2108205    /usr/lib/jvm/java-6-openjdk/jre/bin/java
08051000-08052000 r--p 00008000 08:11 2108205    /usr/lib/jvm/java-6-openjdk/jre/bin/java
08052000-08053000 rw-p 00009000 08:11 2108205    /usr/lib/jvm/java-6-openjdk/jre/bin/java
09063000-0927c000 rw-p 00000000 00:00 0          [heap]
68d09000-68d11000 r-xp 00000000 08:11 11403270   /lib/i386-linux-gnu/libcrypt-2.13.so
68d11000-68d12000 r--p 00007000 08:11 11403270   /lib/i386-linux-gnu/libcrypt-2.13.so
68d12000-68d13000 rw-p 00008000 08:11 11403270   /lib/i386-linux-gnu/libcrypt-2.13.so
68d13000-68d3a000 rw-p 00000000 00:00 0 
68d3a000-68da8000 r-xp 00000000 08:11 262395     /usr/lib/libgmp.so.10.0.1
68da8000-68da9000 r--p 0006d000 08:11 262395     /usr/lib/libgmp.so.10.0.1
68da9000-68db0000 rw-p 0006e000 08:11 262395     /usr/lib/libgmp.so.10.0.1
68db0000-68dec000 r-xp 00000000 08:11 269117     /usr/lib/libgslcblas.so.0.0.0
68dec000-68ded000 r--p 0003b000 08:11 269117     /usr/lib/libgslcblas.so.0.0.0
68ded000-68dee000 rw-p 0003c000 08:11 269117     /usr/lib/libgslcblas.so.0.0.0
68dee000-69004000 r-xp 00000000 08:11 265249     /usr/lib/libgsl.so.0.16.0
69004000-69006000 r--p 00215000 08:11 265249     /usr/lib/libgsl.so.0.16.0
69006000-69013000 rw-p 00217000 08:11 265249     /usr/lib/libgsl.so.0.16.0
69013000-6913f000 r-xp 00000000 08:11 25839740   /opt/opencog/bin/opencog/spatial/libSpaceMap.so
6913f000-69141000 r--p 0012b000 08:11 25839740   /opt/opencog/bin/opencog/spatial/libSpaceMap.so
69141000-69145000 rw-p 0012d000 08:11 25839740   /opt/opencog/bin/opencog/spatial/libSpaceMap.so
69145000-6922b000 r-xp 00000000 08:11 264171     /usr/lib/libguile.so.17.4.0
6922b000-6922c000 ---p 000e6000 08:11 264171     /usr/lib/libguile.so.17.4.0
6922c000-6922e000 r--p 000e6000 08:11 264171     /usr/lib/libguile.so.17.4.0
6922e000-6922f000 rw-p 000e8000 08:11 264171     /usr/lib/libguile.so.17.4.0
6922f000-69239000 rw-p 00000000 00:00 0 
69239000-6929f000 r-xp 00000000 08:11 263689     /usr/lib/libodbc.so.1.0.0
6929f000-692a0000 r--p 00065000 08:11 263689     /usr/lib/libodbc.so.1.0.0
692a0000-692a4000 rw-p 00066000 08:11 263689     /usr/lib/libodbc.so.1.0.0
692a4000-692a5000 rw-p 00000000 00:00 0 
692a5000-692b7000 r-xp 00000000 08:11 282205     /usr/lib/libboost_signals.so.1.46.1
692b7000-692b8000 r--p 00011000 08:11 282205     /usr/lib/libboost_signals.so.1.46.1
692b8000-692b9000 rw-p 00012000 08:11 282205     /usr/lib/libboost_signals.so.1.46.1
692b9000-6935b000 r-xp 00000000 08:11 24777634   /opt/opencog/bin/opencog/atomspace/libatomspace.so
6935b000-6935e000 r--p 000a1000 08:11 24777634   /opt/opencog/bin/opencog/atomspace/libatomspace.so
6935e000-6935f000 rw-p 000a4000 08:11 24777634   /opt/opencog/bin/opencog/atomspace/libatomspace.so
6935f000-69360000 rw-p 00000000 00:00 0 
69360000-6938c000 r-xp 00000000 08:11 24649772   /opt/opencog/bin/opencog/guile/libsmob.so
6938c000-6938d000 r--p 0002c000 08:11 24649772   /opt/opencog/bin/opencog/guile/libsmob.so
6938d000-6938e000 rw-p 0002d000 08:11 24649772   /opt/opencog/bin/opencog/guile/libsmob.so
6938e000-693b5000 r-xp 00000000 08:11 25839748   /opt/opencog/bin/opencog/persist/sql/libpersist.so
693b5000-693b6000 ---p 00027000 08:11 25839748   /opt/opencog/bin/opencog/persist/sql/libpersist.so
693b6000-693b7000 r--p 00027000 08:11 25839748   /opt/opencog/bin/opencog/persist/sql/libpersist.so
693b7000-693b8000 rw-p 00028000 08:11 25839748   /opt/opencog/bin/opencog/persist/sql/libpersist.so
693b8000-693f6000 r-xp 00000000 08:11 24527009   /opt/ideawork/tu-0.3/jni_pln/lib/libserver.so
693f6000-693f8000 r--p 0003d000 08:11 24527009   /opt/ideawork/tu-0.3/jni_pln/lib/libserver.so
693f8000-693f9000 rw-p 0003f000 08:11 24527009   /opt/ideawork/tu-0.3/jni_pln/lib/libserver.so
693f9000-6a239000 r--p 00000000 08:11 265153     /usr/lib/libicudata.so.44.2
6a239000-6a23a000 rw-p 00e3f000 08:11 265153     /usr/lib/libicudata.so.44.2
6a23a000-6a3f6000 r-xp 00000000 08:11 262998     /usr/lib/libicui18n.so.44.2
6a3f6000-6a3fc000 r--p 001bb000 08:11 262998     /usr/lib/libicui18n.so.44.2
6a3fc000-6a3fd000 rw-p 001c1000 08:11 262998     /usr/lib/libicui18n.so.44.2
6a3fd000-6a3fe000 rw-p 00000000 00:00 0 
6a3fe000-6a532000 r-xp 00000000 08:11 265251     /usr/lib/libicuuc.so.44.2
6a532000-6a53b000 r--p 00133000 08:11 265251     /usr/lib/libicuuc.so.44.2
6a53b000-6a53c000 rw-p 0013c000 08:11 265251     /usr/lib/libicuuc.so.44.2
6a53c000-6a540000 rw-p 00000000 00:00 0 
6a540000-6a566000 r-xp 00000000 08:11 11406796   /lib/i386-linux-gnu/libexpat.so.1.5.2
6a566000-6a567000 ---p 00026000 08:11 11406796   /lib/i386-linux-gnu/libexpat.so.1.5.2
6a567000-6a569000 r--p 00026000 08:11 11406796   /lib/i386-linux-gnu/libexpat.so.1.5.2
6a569000-6a56a000 rw-p 00028000 08:11 11406796   /lib/i386-linux-gnu/libexpat.so.1.5.2
6a56a000-6a578000 r-xp 00000000 08:11 393241     /usr/lib/i386-linux-gnu/libgomp.so.1.0.0
6a578000-6a579000 r--p 0000d000 08:11 393241     /usr/lib/i386-linux-gnu/libgomp.so.1.0.0
6a579000-6a57a000 rw-p 0000e000 08:11 393241     /usr/lib/i386-linux-gnu/libgomp.so.1.0.0
6a57a000-6a667000 r-xp 00000000 08:11 286733     /usr/lib/libboost_regex.so.1.46.1
6a667000-6a668000 ---p 000ed000 08:11 286733     /usr/lib/libboost_regex.so.1.46.1
6a668000-6a66b000 r--p 000ed000 08:11 286733     /usr/lib/libboost_regex.so.1.46.1
6a66b000-6a66c000 rw-p 000f0000 08:11 286733     /usr/lib/libboost_regex.so.1.46.1
6a66c000-6a66d000 rw-p 00000000 00:00 0 
6a66d000-6a689000 r-xp 00000000 08:11 285649     /usr/lib/libboost_filesystem.so.1.46.1
6a689000-6a68a000 r--p 0001b000 08:11 285649     /usr/lib/libboost_filesystem.so.1.46.1
6a68a000-6a68b000 rw-p 0001c000 08:11 285649     /usr/lib/libboost_filesystem.so.1.46.1
6a68b000-6a6a0000 r-xp 00000000 08:11 282118     /usr/lib/libboost_thread.so.1.46.1
6a6a0000-6a6a1000 ---p 00015000 08:11 282118     /usr/lib/libboost_thread.so.1.46.1
6a6a1000-6a6a2000 r--p 00015000 08:11 282118     /usr/lib/libboost_thread.so.1.46.1
6a6a2000-6a6a3000 rw-p 00016000 08:11 282118     /usr/lib/libboost_thread.so.1.46.1
6a6a3000-6a6fc000 r-xp 00000000 08:11 24649768   /opt/opencog/bin/opencog/util/libutil.so
6a6fc000-6a6ff000 rw-p 00058000 08:11 24649768   /opt/opencog/bin/opencog/util/libutil.so
6a6ff000-6a700000 rw-p 00000000 00:00 0 
6a700000-6a747000 rw-p 00000000 00:00 0 
6a747000-6a800000 ---p 00000000 00:00 0 
6a805000-6a80d000 r-xp 00000000 08:11 264702     /usr/lib/libltdl.so.7.3.0
6a80d000-6a80e000 r--p 00008000 08:11 264702     /usr/lib/libltdl.so.7.3.0
6a80e000-6a80f000 rw-p 00009000 08:11 264702     /usr/lib/libltdl.so.7.3.0
6a80f000-6a811000 r-xp 00000000 08:11 285648     /usr/lib/libboost_system.so.1.46.1
6a811000-6a812000 r--p 00002000 08:11 285648     /usr/lib/libboost_system.so.1.46.1
6a812000-6a813000 rw-p 00003000 08:11 285648     /usr/lib/libboost_system.so.1.46.1
6a813000-6a838000 r--p 00000000 08:11 3801681    /etc/ld.so.cache
6a838000-6a86b000 r-xp 00000000 08:11 24527012   /opt/ideawork/tu-0.3/jni_pln/lib/libbuiltinreqs.so
6a86b000-6a86e000 rw-p 00032000 08:11 24527012   /opt/ideawork/tu-0.3/jni_pln/lib/libbuiltinreqs.so
6a86e000-6a88c000 r--s 00196000 00:14 13897759   /home/tero/.m2/repository/org/scalatest/scalatest/1.2/scalatest-1.2.jar
6a88c000-6a8c9000 r--s 0027c000 00:14 20190479   /home/tero/.m2/repository/org/scala-tools/testing/specs_2.8.0/1.6.5/specs_2.8.0-1.6.5.jar
6a8c9000-6a928000 r--s 00582000 00:14 20190465   /home/tero/.m2/repository/org/scala-lang/scala-library/2.8.0/scala-library-2.8.0.jar
6a928000-6a929000 ---p 00000000 00:00 0 
6a929000-6a9a9000 rw-p 00000000 00:00 0 
6a9a9000-6a9ac000 ---p 00000000 00:00 0 
6a9ac000-6a9fa000 rw-p 00000000 00:00 0 
6a9fa000-6a9fd000 ---p 00000000 00:00 0 
6a9fd000-6aa7b000 rw-p 00000000 00:00 0 
6aa7b000-6aa7e000 ---p 00000000 00:00 0 
6aa7e000-6aafc000 rw-p 00000000 00:00 0 
6aafc000-6aaff000 ---p 00000000 00:00 0 
6aaff000-6ab4d000 rw-p 00000000 00:00 0 
6ab4d000-6ad4d000 r--p 00000000 08:11 262286     /usr/lib/locale/locale-archive
6ad4d000-6ad50000 ---p 00000000 00:00 0 
6ad50000-6ad9e000 rw-p 00000000 00:00 0 
6ad9e000-6ada1000 ---p 00000000 00:00 0 
6ada1000-6adef000 rw-p 00000000 00:00 0 
6adef000-6adf0000 ---p 00000000 00:00 0 
6adf0000-6ae70000 rw-p 00000000 00:00 0 
6ae70000-6b000000 r--s 037ba000 08:11 266023     /usr/lib/jvm/java-6-openjdk/jre/lib/rt.jar
6b000000-6b0ff000 rw-p 00000000 00:00 0 
6b0ff000-6b100000 ---p 00000000 00:00 0 
6b101000-6b108000 r--s 00000000 08:11 393647     /usr/lib/i386-linux-gnu/gconv/gconv-modules.cache
6b108000-6b122000 r-xp 00000000 08:11 25839747   /opt/opencog/bin/opencog/persist/xml/libxml.so
6b122000-6b124000 rw-p 0001a000 08:11 25839747   /opt/opencog/bin/opencog/persist/xml/libxml.so
6b124000-6b157000 rw-p 00000000 00:00 0 
6b157000-6b158000 ---p 00000000 00:00 0 
6b158000-6b1d8000 rw-p 00000000 00:00 0 
6b1d8000-6b1d9000 ---p 00000000 00:00 0 
6b1d9000-6b261000 rw-p 00000000 00:00 0 
6b261000-6b299000 rw-p 00000000 00:00 0 
6b299000-6b2af000 rw-p 00000000 00:00 0 
6b2af000-6b3ef000 rw-p 00000000 00:00 0 
6b3ef000-6b3f7000 rw-p 00000000 00:00 0 
6b3f7000-6b42f000 rw-p 00000000 00:00 0 
6b42f000-6b445000 rw-p 00000000 00:00 0 
6b445000-6b584000 rw-p 00000000 00:00 0 
6b584000-6b58f000 rw-p 00000000 00:00 0 
6b58f000-6b62f000 rw-p 00000000 00:00 0 
6b62f000-6c630000 rw-p 00000000 00:00 0 
6c630000-73630000 rw-p 00000000 00:00 0 
73630000-760e0000 rw-p 00000000 00:00 0 
760e0000-9e0e0000 rw-p 00000000 00:00 0 
9e0e0000-9f630000 rw-p 00000000 00:00 0 
9f630000-b3630000 rw-p 00000000 00:00 0 
b3636000-b3637000 r--s 00002000 00:14 13374785   /home/tero/.m2/repository/org/apache/maven/surefire/surefire-junit4/2.6/surefire-junit4-2.6.jar
b3637000-b363d000 r--s 00034000 00:14 13897757   /home/tero/.m2/repository/junit/junit/4.8.1/junit-4.8.1.jar
b363d000-b3646000 rw-p 00000000 00:00 0 
b3646000-b36fd000 rw-p 00000000 00:00 0 
b36fd000-b393d000 rwxp 00000000 00:00 0 
b393d000-b66fd000 rw-p 00000000 00:00 0 
b66fd000-b6708000 r-xp 00000000 08:11 11403277   /lib/i386-linux-gnu/libnss_files-2.13.so
b6708000-b6709000 r--p 0000a000 08:11 11403277   /lib/i386-linux-gnu/libnss_files-2.13.so
b6709000-b670a000 rw-p 0000b000 08:11 11403277   /lib/i386-linux-gnu/libnss_files-2.13.so
b670a000-b671f000 r-xp 00000000 08:11 11403274   /lib/i386-linux-gnu/libnsl-2.13.so
b671f000-b6720000 r--p 00015000 08:11 11403274   /lib/i386-linux-gnu/libnsl-2.13.so
b6720000-b6721000 rw-p 00016000 08:11 11403274   /lib/i386-linux-gnu/libnsl-2.13.so
b6721000-b6723000 rw-p 00000000 00:00 0 
b6723000-b672b000 r-xp 00000000 08:11 11403275   /lib/i386-linux-gnu/libnss_compat-2.13.so
b672b000-b672c000 r--p 00007000 08:11 11403275   /lib/i386-linux-gnu/libnss_compat-2.13.so
b672c000-b672d000 rw-p 00008000 08:11 11403275   /lib/i386-linux-gnu/libnss_compat-2.13.so
b672d000-b6736000 r--s 00079000 00:14 13374771   /home/tero/.m2/repository/org/apache/maven/surefire/surefire-api/2.6/surefire-api-2.6.jar
b6736000-b6739000 r--s 0007d000 08:11 272575     /usr/lib/jvm/java-6-openjdk/jre/lib/jsse.jar
b6739000-b673e000 r--s 0003f000 00:14 13374768   /home/tero/.m2/repository/org/apache/maven/surefire/surefire-booter/2.6/surefire-booter-2.6.jar
b673e000-b6746000 r--s 00066000 08:11 656045     /usr/share/java/gnome-java-bridge.jar
b6746000-b6748000 r--s 0000f000 08:11 272571     /usr/lib/jvm/java-6-openjdk/jre/lib/ext/pulse-java.jar
b6748000-b6749000 r--s 00000000 08:11 8393692    /tmp/surefirebooter6772076338698692735.jar
b6749000-b6750000 r-xp 00000000 08:11 1966948    /usr/lib/jvm/java-6-openjdk/jre/lib/i386/libzip.so
b6750000-b6751000 r--p 00006000 08:11 1966948    /usr/lib/jvm/java-6-openjdk/jre/lib/i386/libzip.so
b6751000-b6752000 rw-p 00007000 08:11 1966948    /usr/lib/jvm/java-6-openjdk/jre/lib/i386/libzip.so
b6752000-b6778000 r-xp 00000000 08:11 1966819    /usr/lib/jvm/java-6-openjdk/jre/lib/i386/libjava.so
b6778000-b6779000 r--p 00025000 08:11 1966819    /usr/lib/jvm/java-6-openjdk/jre/lib/i386/libjava.so
b6779000-b677b000 rw-p 00026000 08:11 1966819    /usr/lib/jvm/java-6-openjdk/jre/lib/i386/libjava.so
b677b000-b6782000 r-xp 00000000 08:11 11403284   /lib/i386-linux-gnu/librt-2.13.so
b6782000-b6783000 r--p 00006000 08:11 11403284   /lib/i386-linux-gnu/librt-2.13.so
b6783000-b6784000 rw-p 00007000 08:11 11403284   /lib/i386-linux-gnu/librt-2.13.so
b6784000-b6787000 ---p 00000000 00:00 0 
b6787000-b67d5000 rw-p 00000000 00:00 0 
b67d5000-b67f1000 r-xp 00000000 08:11 11405246   /lib/i386-linux-gnu/libgcc_s.so.1
b67f1000-b67f2000 r--p 0001b000 08:11 11405246   /lib/i386-linux-gnu/libgcc_s.so.1
b67f2000-b67f3000 rw-p 0001c000 08:11 11405246   /lib/i386-linux-gnu/libgcc_s.so.1
b67f3000-b681b000 r-xp 00000000 08:11 11403272   /lib/i386-linux-gnu/libm-2.13.so
b681b000-b681c000 r--p 00028000 08:11 11403272   /lib/i386-linux-gnu/libm-2.13.so
b681c000-b681d000 rw-p 00029000 08:11 11403272   /lib/i386-linux-gnu/libm-2.13.so
b681d000-b68fb000 r-xp 00000000 08:11 393242     /usr/lib/i386-linux-gnu/libstdc++.so.6.0.16
b68fb000-b68fc000 ---p 000de000 08:11 393242     /usr/lib/i386-linux-gnu/libstdc++.so.6.0.16
b68fc000-b6900000 r--p 000de000 08:11 393242     /usr/lib/i386-linux-gnu/libstdc++.so.6.0.16
b6900000-b6901000 rw-p 000e2000 08:11 393242     /usr/lib/i386-linux-gnu/libstdc++.so.6.0.16
b6901000-b6908000 rw-p 00000000 00:00 0 
b6908000-b7126000 r-xp 00000000 08:11 1966956    /usr/lib/jvm/java-6-openjdk/jre/lib/i386/server/libjvm.so
b7126000-b716b000 r--p 0081e000 08:11 1966956    /usr/lib/jvm/java-6-openjdk/jre/lib/i386/server/libjvm.so
b716b000-b717a000 rw-p 00863000 08:11 1966956    /usr/lib/jvm/java-6-openjdk/jre/lib/i386/server/libjvm.so
b717a000-b7596000 rw-p 00000000 00:00 0 
b7596000-b75a9000 r-xp 00000000 08:11 11406786   /lib/i386-linux-gnu/libz.so.1.2.3.4
b75a9000-b75aa000 r--p 00012000 08:11 11406786   /lib/i386-linux-gnu/libz.so.1.2.3.4
b75aa000-b75ab000 rw-p 00013000 08:11 11406786   /lib/i386-linux-gnu/libz.so.1.2.3.4
b75ab000-b7723000 r-xp 00000000 08:11 11403268   /lib/i386-linux-gnu/libc-2.13.so
b7723000-b7725000 r--p 00178000 08:11 11403268   /lib/i386-linux-gnu/libc-2.13.so
b7725000-b7726000 rw-p 0017a000 08:11 11403268   /lib/i386-linux-gnu/libc-2.13.so
b7726000-b7729000 rw-p 00000000 00:00 0 
b7729000-b772c000 r-xp 00000000 08:11 11403271   /lib/i386-linux-gnu/libdl-2.13.so
b772c000-b772d000 r--p 00002000 08:11 11403271   /lib/i386-linux-gnu/libdl-2.13.so
b772d000-b772e000 rw-p 00003000 08:11 11403271   /lib/i386-linux-gnu/libdl-2.13.so
b772e000-b7732000 r-xp 00000000 08:11 1966575    /usr/lib/jvm/java-6-openjdk/jre/lib/i386/jli/libjli.so
b7732000-b7733000 r--p 00003000 08:11 1966575    /usr/lib/jvm/java-6-openjdk/jre/lib/i386/jli/libjli.so
b7733000-b7734000 rw-p 00004000 08:11 1966575    /usr/lib/jvm/java-6-openjdk/jre/lib/i386/jli/libjli.so
b7734000-b7735000 rw-p 00000000 00:00 0 
b7735000-b774c000 r-xp 00000000 08:11 11403282   /lib/i386-linux-gnu/libpthread-2.13.so
b774c000-b774d000 r--p 00016000 08:11 11403282   /lib/i386-linux-gnu/libpthread-2.13.so
b774d000-b774e000 rw-p 00017000 08:11 11403282   /lib/i386-linux-gnu/libpthread-2.13.so
b774e000-b7750000 rw-p 00000000 00:00 0 
b7750000-b7751000 r--p 002a1000 08:11 262286     /usr/lib/locale/locale-archive
b7751000-b7759000 rw-s 00000000 08:11 14690269   /tmp/hsperfdata_tero/3295
b7759000-b7763000 r-xp 00000000 08:11 11403279   /lib/i386-linux-gnu/libnss_nis-2.13.so
b7763000-b7764000 r--p 00009000 08:11 11403279   /lib/i386-linux-gnu/libnss_nis-2.13.so
b7764000-b7765000 rw-p 0000a000 08:11 11403279   /lib/i386-linux-gnu/libnss_nis-2.13.so
b7765000-b7766000 rw-p 00000000 00:00 0 
b7766000-b7767000 r--p 00000000 00:00 0 
b7767000-b7772000 r-xp 00000000 08:11 1966943    /usr/lib/jvm/java-6-openjdk/jre/lib/i386/libverify.so
b7772000-b7773000 ---p 0000b000 08:11 1966943    /usr/lib/jvm/java-6-openjdk/jre/lib/i386/libverify.so
b7773000-b7774000 r--p 0000b000 08:11 1966943    /usr/lib/jvm/java-6-openjdk/jre/lib/i386/libverify.so
b7774000-b7775000 rw-p 0000c000 08:11 1966943    /usr/lib/jvm/java-6-openjdk/jre/lib/i386/libverify.so
b7775000-b7777000 rw-p 00000000 00:00 0 
b7777000-b7778000 r-xp 00000000 00:00 0          [vdso]
b7778000-b7796000 r-xp 00000000 08:11 11403265   /lib/i386-linux-gnu/ld-2.13.so
b7796000-b7797000 r--p 0001d000 08:11 11403265   /lib/i386-linux-gnu/ld-2.13.so
b7797000-b7798000 rw-p 0001e000 08:11 11403265   /lib/i386-linux-gnu/ld-2.13.so
bfded000-bfe23000 rw-p 00000000 00:00 0          [stack]

VM Arguments:
java_command: /tmp/surefirebooter6772076338698692735.jar /tmp/surefire8377208730789966061tmp /tmp/surefire1529594930378358610tmp
Launcher Type: SUN_STANDARD

Environment Variables:
PATH=/usr/lib/lightdm/lightdm:/usr/local/sbin:/usr/local/bin:/usr/sbin:/usr/bin:/sbin:/bin:/usr/games
USERNAME=tero
LD_LIBRARY_PATH=/usr/lib/jvm/java-6-openjdk/jre/lib/i386/server:/usr/lib/jvm/java-6-openjdk/jre/lib/i386:/usr/lib/jvm/java-6-openjdk/jre/../lib/i386::../lib/:../native_lib/linux/target/
SHELL=/bin/bash
DISPLAY=:0

Signal Handlers:
SIGSEGV: [libjvm.so+0x66a530], sa_mask[0]=0x7ffbfeff, sa_flags=0x10000004
SIGBUS: [libjvm.so+0x66a530], sa_mask[0]=0x7ffbfeff, sa_flags=0x10000004
SIGFPE: [libjvm.so+0x52e2c0], sa_mask[0]=0x7ffbfeff, sa_flags=0x10000004
SIGPIPE: [libjvm.so+0x52e2c0], sa_mask[0]=0x7ffbfeff, sa_flags=0x10000004
SIGXFSZ: [libjvm.so+0x52e2c0], sa_mask[0]=0x7ffbfeff, sa_flags=0x10000004
SIGILL: [libjvm.so+0x52e2c0], sa_mask[0]=0x7ffbfeff, sa_flags=0x10000004
SIGUSR1: SIG_DFL, sa_mask[0]=0x00000000, sa_flags=0x00000000
SIGUSR2: [libjvm.so+0x52e150], sa_mask[0]=0x00000004, sa_flags=0x10000004
SIGHUP: [libjvm.so+0x5311f0], sa_mask[0]=0x7ffbfeff, sa_flags=0x10000004
SIGINT: [libjvm.so+0x5311f0], sa_mask[0]=0x7ffbfeff, sa_flags=0x10000004
SIGTERM: [libjvm.so+0x5311f0], sa_mask[0]=0x7ffbfeff, sa_flags=0x10000004
SIGQUIT: [libjvm.so+0x5311f0], sa_mask[0]=0x7ffbfeff, sa_flags=0x10000004


---------------  S Y S T E M  ---------------

OS:Ubuntu 11.10 (oneiric)
uname:Linux 3.0.0-17-generic-pae #30-Ubuntu SMP Thu Mar 8 17:53:35 UTC 2012 i686
libc:glibc 2.13 NPTL 2.13 
rlimit: STACK 8192k, CORE 0k, NPROC 63378, NOFILE 4096, AS infinity
load average:0.32 0.48 0.56

/proc/meminfo:
MemTotal:        8133200 kB
MemFree:         1150668 kB
Buffers:          339280 kB
Cached:          2978884 kB
SwapCached:           20 kB
Active:          4675412 kB
Inactive:        2057888 kB
Active(anon):    3165116 kB
Inactive(anon):   577664 kB
Active(file):    1510296 kB
Inactive(file):  1480224 kB
Unevictable:          92 kB
Mlocked:              92 kB
HighTotal:       7340228 kB
HighFree:         919312 kB
LowTotal:         792972 kB
LowFree:          231356 kB
SwapTotal:       6141948 kB
SwapFree:        6141784 kB
Dirty:               348 kB
Writeback:             0 kB
AnonPages:       3415296 kB
Mapped:           221544 kB
Shmem:            327644 kB
Slab:             186944 kB
SReclaimable:     145464 kB
SUnreclaim:        41480 kB
KernelStack:        4520 kB
PageTables:        20968 kB
NFS_Unstable:          0 kB
Bounce:                0 kB
WritebackTmp:          0 kB
CommitLimit:    10208548 kB
Committed_AS:    7001684 kB
VmallocTotal:     122880 kB
VmallocUsed:       35496 kB
VmallocChunk:      40328 kB
HardwareCorrupted:     0 kB
AnonHugePages:         0 kB
HugePages_Total:       0
HugePages_Free:        0
HugePages_Rsvd:        0
HugePages_Surp:        0
Hugepagesize:       2048 kB
DirectMap4k:       12280 kB
DirectMap2M:      901120 kB


CPU:total 2 (2 cores per cpu, 1 threads per core) family 6 model 23 stepping 10, cmov, cx8, fxsr, mmx, sse, sse2, sse3, ssse3, sse4.1

Memory: 4k page, physical 8133200k(1150668k free), swap 6141948k(6141784k free)

vm_info: OpenJDK Server VM (20.0-b11) for linux-x86 JRE (1.6.0_23-b23), built on Feb 23 2012 06:26:43 by "buildd" with gcc 4.6.1

time: Sat Apr 14 19:56:52 2012
elapsed time: 0 seconds

